#
# A fatal error has been detected by the Java Runtime Environment:
#
#  EXCEPTION_ACCESS_VIOLATION (0xc0000005) at pc=0x5e783a1b, pid=1192, tid=9732
#
# JRE version: Java(TM) SE Runtime Environment (7.0_55-b13) (build 1.7.0_55-b13)
# Java VM: Java HotSpot(TM) Client VM (24.55-b03 mixed mode windows-x86 )
# Problematic frame:
# V  [jvm.dll+0xc3a1b]
#
# Failed to write core dump. Minidumps are not enabled by default on client versions of Windows
#
# If you would like to submit a bug report, please visit:
#   http://bugreport.sun.com/bugreport/crash.jsp
#

---------------  T H R E A D  ---------------

Current thread (0x026cd400):  JavaThread "main" [_thread_in_vm, id=9732, stack(0x008c0000,0x00910000)]

siginfo: ExceptionCode=0xc0000005, reading address 0x00000000

Registers:
EAX=0x00000000, EBX=0x1488f688, ECX=0x00000000, EDX=0x00000007
ESP=0x0090db44, EBP=0x0090db60, ESI=0x026cd530, EDI=0x026cd400
EIP=0x5e783a1b, EFLAGS=0x00010246

Top of Stack: (sp=0x0090db44)
0x0090db44:   026cd530 1488f688 1488f688 026cd400
0x0090db54:   00000000 026cd400 1488f688 0090dba8
0x0090db64:   58527617 026cd530 00000000 6e696f70
0x0090db74:   00726574 1488f688 585275e7 00000007
0x0090db84:   0000000f 026c004a 04a9d9a8 00000004
0x0090db94:   00f6d85c 00000001 0000000f 026cd400
0x0090dba4:   026cd530 0090dbec 026df358 026cd530
0x0090dbb4:   0090dc08 1aeb8e10 026cd400 00000000 

Instructions: (pc=0x5e783a1b)
0x5e7839fb:   f3 ff 83 c4 08 83 7f 04 00 89 7d f0 c7 45 f4 00
0x5e783a0b:   00 00 00 74 08 8d 4d f0 e8 98 84 0c 00 8b 45 0c
0x5e783a1b:   8b 08 8b 51 04 8b 42 40 50 56 e8 e6 c8 07 00 83
0x5e783a2b:   c4 08 83 7d f4 00 89 45 08 74 08 8d 4d f0 e8 b2 


Register to memory mapping:

EAX=0x00000000 is an unknown value
EBX=0x1488f688 is an oop
{method} 
 - klass: {other class}
ECX=0x00000000 is an unknown value
EDX=0x00000007 is an unknown value
ESP=0x0090db44 is pointing into the stack for thread: 0x026cd400
EBP=0x0090db60 is pointing into the stack for thread: 0x026cd400
ESI=0x026cd530 is an unknown value
EDI=0x026cd400 is a thread


Stack: [0x008c0000,0x00910000],  sp=0x0090db44,  free space=310k
Native frames: (J=compiled Java code, j=interpreted, Vv=VM code, C=native code)
V  [jvm.dll+0xc3a1b]
C  [bwapi_bridge2_4.dll+0x87617]
j  bwapi.Unit.gather_native(JLbwapi/Unit;)Z+0
j  bwapi.Unit.gather(Lbwapi/Unit;)Z+6
j  unit.pack.WorkerCoordinator.updateGasExtractors(ILjava/util/ArrayList;)V+131
J  unit.pack.WorkerCoordinator.runWorkers()V
V  [jvm.dll+0x13f25a]
V  [jvm.dll+0x202c1e]
V  [jvm.dll+0x13f2dd]
V  [jvm.dll+0xc9b22]
V  [jvm.dll+0xcd773]
C  [bwapi_bridge2_4.dll+0x40e6d]
C  [bwapi_bridge2_4.dll+0x699d0]
j  bwapi.Mirror.startGame()V+0
j  Main.run()V+15
j  Main.main([Ljava/lang/String;)V+7
v  ~StubRoutines::call_stub
V  [jvm.dll+0x13f25a]
V  [jvm.dll+0x202c1e]
V  [jvm.dll+0x13f2dd]
V  [jvm.dll+0xc98a5]
V  [jvm.dll+0xd4567]
C  [java.exe+0x2063]
C  [java.exe+0xa591]
C  [java.exe+0xa61b]
C  [KERNEL32.DLL+0x138f4]
C  [ntdll.dll+0x65de3]
C  [ntdll.dll+0x65dae]

Java frames: (J=compiled Java code, j=interpreted, Vv=VM code)
j  bwapi.Unit.gather_native(JLbwapi/Unit;)Z+0
j  bwapi.Unit.gather(Lbwapi/Unit;)Z+6
j  unit.pack.WorkerCoordinator.updateGasExtractors(ILjava/util/ArrayList;)V+131
J  unit.pack.WorkerCoordinator.runWorkers()V
J  Main.onFrame()V
J  bwapi.AIModule.onFrame()V
v  ~StubRoutines::call_stub
j  bwapi.Mirror.startGame()V+0
j  Main.run()V+15
j  Main.main([Ljava/lang/String;)V+7
v  ~StubRoutines::call_stub

---------------  P R O C E S S  ---------------

Java Threads: ( => current thread )
  0x1870e000 JavaThread "Service Thread" daemon [_thread_blocked, id=684, stack(0x18960000,0x189b0000)]
  0x18707c00 JavaThread "C1 CompilerThread0" daemon [_thread_blocked, id=124, stack(0x188d0000,0x18920000)]
  0x186fd800 JavaThread "JDWP Command Reader" daemon [_thread_in_native, id=5564, stack(0x02660000,0x026b0000)]
  0x186fa800 JavaThread "JDWP Event Helper Thread" daemon [_thread_blocked, id=5284, stack(0x02610000,0x02660000)]
  0x186f2400 JavaThread "JDWP Transport Listener: dt_socket" daemon [_thread_blocked, id=2540, stack(0x00c20000,0x00c70000)]
  0x186eb000 JavaThread "Attach Listener" daemon [_thread_blocked, id=10668, stack(0x00b90000,0x00be0000)]
  0x186e8c00 JavaThread "Signal Dispatcher" daemon [_thread_blocked, id=10068, stack(0x00b00000,0x00b50000)]
  0x00f6b000 JavaThread "Finalizer" daemon [_thread_blocked, id=244, stack(0x00a70000,0x00ac0000)]
  0x00f65000 JavaThread "Reference Handler" daemon [_thread_blocked, id=7788, stack(0x009e0000,0x00a30000)]
=>0x026cd400 JavaThread "main" [_thread_in_vm, id=9732, stack(0x008c0000,0x00910000)]

Other Threads:
  0x00f62800 VMThread [stack: 0x00950000,0x009a0000] [id=7948]
  0x18708000 WatcherThread [stack: 0x189f0000,0x18a40000] [id=3264]

VM state:not at safepoint (normal execution)

VM Mutex/Monitor currently owned by a thread: None

Heap
 def new generation   total 4928K, used 3963K [0x046d0000, 0x04c20000, 0x09c20000)
  eden space 4416K,  89% used [0x046d0000, 0x04aa6e08, 0x04b20000)
  from space 512K,   6% used [0x04ba0000, 0x04ba7e18, 0x04c20000)
  to   space 512K,   0% used [0x04b20000, 0x04b20000, 0x04ba0000)
 tenured generation   total 10944K, used 469K [0x09c20000, 0x0a6d0000, 0x146d0000)
   the space 10944K,   4% used [0x09c20000, 0x09c95448, 0x09c95600, 0x0a6d0000)
 compacting perm gen  total 12288K, used 2261K [0x146d0000, 0x152d0000, 0x186d0000)
   the space 12288K,  18% used [0x146d0000, 0x149055f8, 0x14905600, 0x152d0000)
No shared spaces configured.

Card table byte_map: [0x02500000,0x025b0000] byte_map_base: 0x024dc980

Polling page: 0x00d20000

Code Cache  [0x026d0000, 0x027b8000, 0x046d0000)
 total_blobs=394 nmethods=264 adapters=75 free_code_cache=31840Kb largest_free_block=32604224

Compilation events (10 events):
Event: 338.151 Thread 0x18707c00  258             builder.pack.BuildOrder::isCached (38 bytes)
Event: 338.151 Thread 0x18707c00 nmethod 258 0x027b6248 code [0x027b6390, 0x027b684c]
Event: 346.289 Thread 0x18707c00  259             terran.pack.TerranAcademy::shouldBuild (37 bytes)
Event: 346.290 Thread 0x18707c00 nmethod 259 0x027b6c08 code [0x027b6d30, 0x027b6e54]
Event: 346.290 Thread 0x18707c00  260             terran.pack.TerranAcademy::getCount (5 bytes)
Event: 346.290 Thread 0x18707c00 nmethod 260 0x027b6f08 code [0x027b7000, 0x027b7080]
Event: 371.149 Thread 0x18707c00  261             terran.pack.TerranRefinery::shouldBuild (63 bytes)
Event: 371.149 Thread 0x18707c00 nmethod 261 0x027b70c8 code [0x027b7230, 0x027b75bc]
Event: 371.149 Thread 0x18707c00  262             terran.pack.TerranRefinery::getBuildingsOfThisTypeNotCompleted (8 bytes)
Event: 371.149 Thread 0x18707c00 nmethod 262 0x027b78c8 code [0x027b79c0, 0x027b7a5c]

GC Heap History (10 events):
Event: 381.899 GC heap before
{Heap before GC invocations=66 (full 0):
 def new generation   total 4928K, used 4421K [0x046d0000, 0x04c20000, 0x09c20000)
  eden space 4416K, 100% used [0x046d0000, 0x04b20000, 0x04b20000)
  from space 512K,   0% used [0x04b20000, 0x04b21428, 0x04ba0000)
  to   space 512K,   0% used [0x04ba0000, 0x04ba0000, 0x04c20000)
 tenured generation   total 10944K, used 467K [0x09c20000, 0x0a6d0000, 0x146d0000)
   the space 10944K,   4% used [0x09c20000, 0x09c94fe8, 0x09c95000, 0x0a6d0000)
 compacting perm gen  total 12288K, used 2261K [0x146d0000, 0x152d0000, 0x186d0000)
   the space 12288K,  18% used [0x146d0000, 0x149055f8, 0x14905600, 0x152d0000)
No shared spaces configured.
Event: 381.900 GC heap after
Heap after GC invocations=67 (full 0):
 def new generation   total 4928K, used 11K [0x046d0000, 0x04c20000, 0x09c20000)
  eden space 4416K,   0% used [0x046d0000, 0x046d0000, 0x04b20000)
  from space 512K,   2% used [0x04ba0000, 0x04ba2c70, 0x04c20000)
  to   space 512K,   0% used [0x04b20000, 0x04b20000, 0x04ba0000)
 tenured generation   total 10944K, used 467K [0x09c20000, 0x0a6d0000, 0x146d0000)
   the space 10944K,   4% used [0x09c20000, 0x09c94fe8, 0x09c95000, 0x0a6d0000)
 compacting perm gen  total 12288K, used 2261K [0x146d0000, 0x152d0000, 0x186d0000)
   the space 12288K,  18% used [0x146d0000, 0x149055f8, 0x14905600, 0x152d0000)
No shared spaces configured.
}
Event: 382.168 GC heap before
{Heap before GC invocations=67 (full 0):
 def new generation   total 4928K, used 4427K [0x046d0000, 0x04c20000, 0x09c20000)
  eden space 4416K, 100% used [0x046d0000, 0x04b20000, 0x04b20000)
  from space 512K,   2% used [0x04ba0000, 0x04ba2c70, 0x04c20000)
  to   space 512K,   0% used [0x04b20000, 0x04b20000, 0x04ba0000)
 tenured generation   total 10944K, used 467K [0x09c20000, 0x0a6d0000, 0x146d0000)
   the space 10944K,   4% used [0x09c20000, 0x09c94fe8, 0x09c95000, 0x0a6d0000)
 compacting perm gen  total 12288K, used 2261K [0x146d0000, 0x152d0000, 0x186d0000)
   the space 12288K,  18% used [0x146d0000, 0x149055f8, 0x14905600, 0x152d0000)
No shared spaces configured.
Event: 382.168 GC heap after
Heap after GC invocations=68 (full 0):
 def new generation   total 4928K, used 15K [0x046d0000, 0x04c20000, 0x09c20000)
  eden space 4416K,   0% used [0x046d0000, 0x046d0000, 0x04b20000)
  from space 512K,   3% used [0x04b20000, 0x04b23f38, 0x04ba0000)
  to   space 512K,   0% used [0x04ba0000, 0x04ba0000, 0x04c20000)
 tenured generation   total 10944K, used 468K [0x09c20000, 0x0a6d0000, 0x146d0000)
   the space 10944K,   4% used [0x09c20000, 0x09c95058, 0x09c95200, 0x0a6d0000)
 compacting perm gen  total 12288K, used 2261K [0x146d0000, 0x152d0000, 0x186d0000)
   the space 12288K,  18% used [0x146d0000, 0x149055f8, 0x14905600, 0x152d0000)
No shared spaces configured.
}
Event: 383.430 GC heap before
{Heap before GC invocations=68 (full 0):
 def new generation   total 4928K, used 4431K [0x046d0000, 0x04c20000, 0x09c20000)
  eden space 4416K, 100% used [0x046d0000, 0x04b20000, 0x04b20000)
  from space 512K,   3% used [0x04b20000, 0x04b23f38, 0x04ba0000)
  to   space 512K,   0% used [0x04ba0000, 0x04ba0000, 0x04c20000)
 tenured generation   total 10944K, used 468K [0x09c20000, 0x0a6d0000, 0x146d0000)
   the space 10944K,   4% used [0x09c20000, 0x09c95058, 0x09c95200, 0x0a6d0000)
 compacting perm gen  total 12288K, used 2261K [0x146d0000, 0x152d0000, 0x186d0000)
   the space 12288K,  18% used [0x146d0000, 0x149055f8, 0x14905600, 0x152d0000)
No shared spaces configured.
Event: 383.430 GC heap after
Heap after GC invocations=69 (full 0):
 def new generation   total 4928K, used 21K [0x046d0000, 0x04c20000, 0x09c20000)
  eden space 4416K,   0% used [0x046d0000, 0x046d0000, 0x04b20000)
  from space 512K,   4% used [0x04ba0000, 0x04ba56b0, 0x04c20000)
  to   space 512K,   0% used [0x04b20000, 0x04b20000, 0x04ba0000)
 tenured generation   total 10944K, used 468K [0x09c20000, 0x0a6d0000, 0x146d0000)
   the space 10944K,   4% used [0x09c20000, 0x09c953d8, 0x09c95400, 0x0a6d0000)
 compacting perm gen  total 12288K, used 2261K [0x146d0000, 0x152d0000, 0x186d0000)
   the space 12288K,  18% used [0x146d0000, 0x149055f8, 0x14905600, 0x152d0000)
No shared spaces configured.
}
Event: 383.555 GC heap before
{Heap before GC invocations=69 (full 0):
 def new generation   total 4928K, used 4437K [0x046d0000, 0x04c20000, 0x09c20000)
  eden space 4416K, 100% used [0x046d0000, 0x04b20000, 0x04b20000)
  from space 512K,   4% used [0x04ba0000, 0x04ba56b0, 0x04c20000)
  to   space 512K,   0% used [0x04b20000, 0x04b20000, 0x04ba0000)
 tenured generation   total 10944K, used 468K [0x09c20000, 0x0a6d0000, 0x146d0000)
   the space 10944K,   4% used [0x09c20000, 0x09c953d8, 0x09c95400, 0x0a6d0000)
 compacting perm gen  total 12288K, used 2261K [0x146d0000, 0x152d0000, 0x186d0000)
   the space 12288K,  18% used [0x146d0000, 0x149055f8, 0x14905600, 0x152d0000)
No shared spaces configured.
Event: 383.555 GC heap after
Heap after GC invocations=70 (full 0):
 def new generation   total 4928K, used 26K [0x046d0000, 0x04c20000, 0x09c20000)
  eden space 4416K,   0% used [0x046d0000, 0x046d0000, 0x04b20000)
  from space 512K,   5% used [0x04b20000, 0x04b26ba0, 0x04ba0000)
  to   space 512K,   0% used [0x04ba0000, 0x04ba0000, 0x04c20000)
 tenured generation   total 10944K, used 468K [0x09c20000, 0x0a6d0000, 0x146d0000)
   the space 10944K,   4% used [0x09c20000, 0x09c953d8, 0x09c95400, 0x0a6d0000)
 compacting perm gen  total 12288K, used 2261K [0x146d0000, 0x152d0000, 0x186d0000)
   the space 12288K,  18% used [0x146d0000, 0x149055f8, 0x14905600, 0x152d0000)
No shared spaces configured.
}
Event: 384.214 GC heap before
{Heap before GC invocations=70 (full 0):
 def new generation   total 4928K, used 4442K [0x046d0000, 0x04c20000, 0x09c20000)
  eden space 4416K, 100% used [0x046d0000, 0x04b20000, 0x04b20000)
  from space 512K,   5% used [0x04b20000, 0x04b26ba0, 0x04ba0000)
  to   space 512K,   0% used [0x04ba0000, 0x04ba0000, 0x04c20000)
 tenured generation   total 10944K, used 468K [0x09c20000, 0x0a6d0000, 0x146d0000)
   the space 10944K,   4% used [0x09c20000, 0x09c953d8, 0x09c95400, 0x0a6d0000)
 compacting perm gen  total 12288K, used 2261K [0x146d0000, 0x152d0000, 0x186d0000)
   the space 12288K,  18% used [0x146d0000, 0x149055f8, 0x14905600, 0x152d0000)
No shared spaces configured.
Event: 384.214 GC heap after
Heap after GC invocations=71 (full 0):
 def new generation   total 4928K, used 31K [0x046d0000, 0x04c20000, 0x09c20000)
  eden space 4416K,   0% used [0x046d0000, 0x046d0000, 0x04b20000)
  from space 512K,   6% used [0x04ba0000, 0x04ba7e18, 0x04c20000)
  to   space 512K,   0% used [0x04b20000, 0x04b20000, 0x04ba0000)
 tenured generation   total 10944K, used 469K [0x09c20000, 0x0a6d0000, 0x146d0000)
   the space 10944K,   4% used [0x09c20000, 0x09c95448, 0x09c95600, 0x0a6d0000)
 compacting perm gen  total 12288K, used 2261K [0x146d0000, 0x152d0000, 0x186d0000)
   the space 12288K,  18% used [0x146d0000, 0x149055f8, 0x14905600, 0x152d0000)
No shared spaces configured.
}

Deoptimization events (0 events):
No events

Internal exceptions (10 events):
Event: 8.502 Thread 0x026cd400 Threw 0x04882740 at C:\re\jdk7u55\869\hotspot\src\share\vm\prims\jvm.cpp:1244
Event: 8.502 Thread 0x026cd400 Threw 0x04884540 at C:\re\jdk7u55\869\hotspot\src\share\vm\prims\jvm.cpp:1244
Event: 8.503 Thread 0x026cd400 Threw 0x0488a6f0 at C:\re\jdk7u55\869\hotspot\src\share\vm\prims\jvm.cpp:1244
Event: 8.504 Thread 0x026cd400 Threw 0x0488c6d8 at C:\re\jdk7u55\869\hotspot\src\share\vm\prims\jvm.cpp:1244
Event: 8.505 Thread 0x026cd400 Threw 0x0488e738 at C:\re\jdk7u55\869\hotspot\src\share\vm\prims\jvm.cpp:1244
Event: 8.668 Thread 0x026cd400 Threw 0x04892ee8 at C:\re\jdk7u55\869\hotspot\src\share\vm\prims\jvm.cpp:1244
Event: 25.634 Thread 0x026cd400 Threw 0x047a0e40 at C:\re\jdk7u55\869\hotspot\src\share\vm\prims\jvm.cpp:1244
Event: 25.635 Thread 0x026cd400 Threw 0x047a1ff0 at C:\re\jdk7u55\869\hotspot\src\share\vm\prims\jvm.cpp:1244
Event: 25.977 Thread 0x026cd400 Threw 0x047c5d60 at C:\re\jdk7u55\869\hotspot\src\share\vm\prims\jvm.cpp:1244
Event: 25.978 Thread 0x026cd400 Threw 0x047c9628 at C:\re\jdk7u55\869\hotspot\src\share\vm\prims\jvm.cpp:1244

Events (10 events):
Event: 381.899 Executing VM operation: GenCollectForAllocation
Event: 381.900 Executing VM operation: GenCollectForAllocation done
Event: 382.168 Executing VM operation: GenCollectForAllocation
Event: 382.168 Executing VM operation: GenCollectForAllocation done
Event: 383.430 Executing VM operation: GenCollectForAllocation
Event: 383.430 Executing VM operation: GenCollectForAllocation done
Event: 383.555 Executing VM operation: GenCollectForAllocation
Event: 383.555 Executing VM operation: GenCollectForAllocation done
Event: 384.213 Executing VM operation: GenCollectForAllocation
Event: 384.214 Executing VM operation: GenCollectForAllocation done


Dynamic libraries:
0x010d0000 - 0x010ff000 	C:\Program Files (x86)\Java\jdk1.7.0_55\bin\java.exe
0x77080000 - 0x771fb000 	C:\WINDOWS\SYSTEM32\ntdll.dll
0x76320000 - 0x76400000 	C:\WINDOWS\SYSTEM32\KERNEL32.DLL
0x75cb0000 - 0x75e2e000 	C:\WINDOWS\SYSTEM32\KERNELBASE.dll
0x6f030000 - 0x6f05d000 	C:\Program Files (x86)\AVG\Av\avghookx.dll
0x6e640000 - 0x6e6d2000 	C:\WINDOWS\system32\apphelp.dll
0x74250000 - 0x742cb000 	C:\WINDOWS\SYSTEM32\ADVAPI32.dll
0x75950000 - 0x75a0e000 	C:\WINDOWS\SYSTEM32\msvcrt.dll
0x76220000 - 0x76264000 	C:\WINDOWS\SYSTEM32\sechost.dll
0x76270000 - 0x7631d000 	C:\WINDOWS\SYSTEM32\RPCRT4.dll
0x73db0000 - 0x73dce000 	C:\WINDOWS\SYSTEM32\SspiCli.dll
0x73da0000 - 0x73daa000 	C:\WINDOWS\SYSTEM32\CRYPTBASE.dll
0x76400000 - 0x76458000 	C:\WINDOWS\SYSTEM32\bcryptPrimitives.dll
0x73fb0000 - 0x740f7000 	C:\WINDOWS\SYSTEM32\USER32.dll
0x76970000 - 0x76abf000 	C:\WINDOWS\SYSTEM32\GDI32.dll
0x707b0000 - 0x709bf000 	C:\WINDOWS\WinSxS\x86_microsoft.windows.common-controls_6595b64144ccf1df_6.0.10586.0_none_d3c2e4e965da4528\COMCTL32.dll
0x76060000 - 0x7621d000 	C:\WINDOWS\SYSTEM32\combase.dll
0x74100000 - 0x7412b000 	C:\WINDOWS\SYSTEM32\IMM32.DLL
0x5ea40000 - 0x5eaff000 	C:\Program Files (x86)\Java\jdk1.7.0_55\jre\bin\msvcr100.dll
0x5e6c0000 - 0x5ea40000 	C:\Program Files (x86)\Java\jdk1.7.0_55\jre\bin\client\jvm.dll
0x76460000 - 0x76466000 	C:\WINDOWS\SYSTEM32\PSAPI.DLL
0x72340000 - 0x72348000 	C:\WINDOWS\SYSTEM32\WSOCK32.dll
0x742e0000 - 0x7433f000 	C:\WINDOWS\SYSTEM32\WS2_32.dll
0x730a0000 - 0x730c4000 	C:\WINDOWS\SYSTEM32\WINMM.dll
0x72f10000 - 0x72f33000 	C:\WINDOWS\SYSTEM32\WINMMBASE.dll
0x75740000 - 0x75777000 	C:\WINDOWS\SYSTEM32\cfgmgr32.dll
0x66150000 - 0x6615c000 	C:\Program Files (x86)\Java\jdk1.7.0_55\jre\bin\verify.dll
0x62670000 - 0x62690000 	C:\Program Files (x86)\Java\jdk1.7.0_55\jre\bin\java.dll
0x62640000 - 0x6266a000 	C:\Program Files (x86)\Java\jdk1.7.0_55\jre\bin\jdwp.dll
0x62630000 - 0x62637000 	C:\Program Files (x86)\Java\jdk1.7.0_55\jre\bin\npt.dll
0x62610000 - 0x62623000 	C:\Program Files (x86)\Java\jdk1.7.0_55\jre\bin\zip.dll
0x62060000 - 0x62068000 	C:\Program Files (x86)\Java\jdk1.7.0_55\jre\bin\dt_socket.dll
0x73390000 - 0x733df000 	C:\WINDOWS\system32\mswsock.dll
0x584a0000 - 0x58709000 	E:\Year 3 Ubb\Licenta\KBot\bwapi_bridge2_4.dll
0x68e60000 - 0x68ed1000 	C:\WINDOWS\SYSTEM32\MSVCP120.dll
0x68ee0000 - 0x68fce000 	C:\WINDOWS\SYSTEM32\MSVCR120.dll
0x6acc0000 - 0x6ad27000 	E:\Year 3 Ubb\Licenta\KBot\libgmp-10.dll
0x6f540000 - 0x6f59e000 	E:\Year 3 Ubb\Licenta\KBot\libmpfr-4.dll
0x72f40000 - 0x7307f000 	C:\WINDOWS\SYSTEM32\dbghelp.dll

VM Arguments:
jvm_args: -agentlib:jdwp=transport=dt_socket,address=127.0.0.1:49261,suspend=y,server=n -Dfile.encoding=UTF-8 
java_command: Main
Launcher Type: SUN_STANDARD

Environment Variables:
JAVA_HOME=C:\Program Files\Java\jdk1.8.0_65
PATH=M2;JAVA;C:\OCaml\bin;C:\Program Files (x86)\Java\jdk1.7.0_55\bin;C:\ProgramData\Oracle\Java\javapath;C:\Program Files (x86)\Microsoft DirectX SDK (August 2006)\Utilities\Bin\x86;C:\WINDOWS\system32;C:\WINDOWS;C:\WINDOWS\System32\Wbem;C:\WINDOWS\System32\WindowsPowerShell\v1.0\;C:\Program Files\nodejs\;C:\python27;C:\WINDOWS\system32\config\systemprofile\.dnx\bin;C:\Program Files\Microsoft DNX\Dnvm\;C:\Program Files\Microsoft SQL Server\120\Tools\Binn\;C:\Program Files (x86)\Windows Kits\10\Windows Performance Toolkit\;C:\Program Files (x86)\Microsoft Emulator Manager\1.0\;C:\Program Files (x86)\Git\bin;C:\Program Files (x86)\Git\cmd;C:\Program Files (x86)\Skype\Phone\;C:\Program Files\Java\jdk1.8.0_65;C:\maven\bin;C:\WINDOWS\system32;C:\WINDOWS;C:\WINDOWS\System32\Wbem;C:\WINDOWS\System32\WindowsPowerShell\v1.0\;C:\Program Files (x86)\Skype\Phone\;C:\Program Files\nodejs\;C:\python27;C:\Users\Alex\.dnx\bin;C:\Program Files\Microsoft DNX\Dnvm\;C:\Program Files\Microsoft SQL Server\120\Tools\Binn\;C:\Program Files (x86)\Windows Kits\10\Windows Performance Toolkit\;C:\Program Files (x86)\Microsoft Emulator Manager\1.0\;C:\Program Files (x86)\Git\bin;C:\Program Files (x86)\Git\cmd;C:\Users\Alex\AppData\Roaming\npm;C:\Python27\Scripts
USERNAME=Alex
OS=Windows_NT
PROCESSOR_IDENTIFIER=Intel64 Family 6 Model 58 Stepping 9, GenuineIntel



---------------  S Y S T E M  ---------------

OS: Windows 8.1 , 64 bit Build 9600 

CPU:total 8 (4 cores per cpu, 2 threads per core) family 6 model 58 stepping 9, cmov, cx8, fxsr, mmx, sse, sse2, sse3, ssse3, sse4.1, sse4.2, popcnt, avx, aes, erms, ht, tsc, tscinvbit, tscinv

Memory: 4k page, physical 16729436k(12154364k free), swap 19219804k(13526996k free)

vm_info: Java HotSpot(TM) Client VM (24.55-b03) for windows-x86 JRE (1.7.0_55-b13), built on Mar 17 2014 20:01:11 by "java_re" with unknown MS VC++:1600

time: Mon May 30 00:48:46 2016
elapsed time: 398 seconds

