#
# A fatal error has been detected by the Java Runtime Environment:
#
#  EXCEPTION_ACCESS_VIOLATION (0xc0000005) at pc=0x6ba73a1b, pid=8344, tid=5088
#
# JRE version: Java(TM) SE Runtime Environment (7.0_55-b13) (build 1.7.0_55-b13)
# Java VM: Java HotSpot(TM) Client VM (24.55-b03 mixed mode windows-x86 )
# Problematic frame:
# V  [jvm.dll+0xc3a1b]
#
# Failed to write core dump. Minidumps are not enabled by default on client versions of Windows
#
# If you would like to submit a bug report, please visit:
#   http://bugreport.sun.com/bugreport/crash.jsp
#

---------------  T H R E A D  ---------------

Current thread (0x0267d400):  JavaThread "main" [_thread_in_vm, id=5088, stack(0x008b0000,0x00900000)]

siginfo: ExceptionCode=0xc0000005, reading address 0x00000000

Registers:
EAX=0x00000000, EBX=0x1483f660, ECX=0x00000000, EDX=0x00000007
ESP=0x008fde24, EBP=0x008fde40, ESI=0x0267d530, EDI=0x0267d400
EIP=0x6ba73a1b, EFLAGS=0x00010246

Top of Stack: (sp=0x008fde24)
0x008fde24:   0267d530 1483f660 1483f660 0267d400
0x008fde34:   00000000 0267d400 1483f660 008fde88
0x008fde44:   6b7c7617 0267d530 00000000 6e696f70
0x008fde54:   00726574 1483f660 6b7c75e7 00000007
0x008fde64:   0000000f 0000004a 047bc5d0 00000004
0x008fde74:   008fdf00 00000001 0000000f 0267d400
0x008fde84:   0267d530 008fdecc 0268f358 0267d530
0x008fde94:   008fdee8 1ae9ff28 0267d400 00000000 

Instructions: (pc=0x6ba73a1b)
0x6ba739fb:   f3 ff 83 c4 08 83 7f 04 00 89 7d f0 c7 45 f4 00
0x6ba73a0b:   00 00 00 74 08 8d 4d f0 e8 98 84 0c 00 8b 45 0c
0x6ba73a1b:   8b 08 8b 51 04 8b 42 40 50 56 e8 e6 c8 07 00 83
0x6ba73a2b:   c4 08 83 7d f4 00 89 45 08 74 08 8d 4d f0 e8 b2 


Register to memory mapping:

EAX=0x00000000 is an unknown value
EBX=0x1483f660 is an oop
{method} 
 - klass: {other class}
ECX=0x00000000 is an unknown value
EDX=0x00000007 is an unknown value
ESP=0x008fde24 is pointing into the stack for thread: 0x0267d400
EBP=0x008fde40 is pointing into the stack for thread: 0x0267d400
ESI=0x0267d530 is an unknown value
EDI=0x0267d400 is a thread


Stack: [0x008b0000,0x00900000],  sp=0x008fde24,  free space=311k
Native frames: (J=compiled Java code, j=interpreted, Vv=VM code, C=native code)
V  [jvm.dll+0xc3a1b]
C  [bwapi_bridge2_4.dll+0x87617]
j  bwapi.Unit.gather_native(JLbwapi/Unit;)Z+0
j  bwapi.Unit.gather(Lbwapi/Unit;)Z+6
j  unit.pack.WorkerCoordinator.updateGasExtractors(ILjava/util/ArrayList;)V+131
J  unit.pack.WorkerCoordinator.runWorkers()V
V  [jvm.dll+0x13f25a]
V  [jvm.dll+0x202c1e]
V  [jvm.dll+0x13f2dd]
V  [jvm.dll+0xc9b22]
V  [jvm.dll+0xcd773]
C  [bwapi_bridge2_4.dll+0x40e6d]
C  [bwapi_bridge2_4.dll+0x699d0]
j  bwapi.Mirror.startGame()V+0
j  Main.run()V+15
j  Main.main([Ljava/lang/String;)V+7
v  ~StubRoutines::call_stub
V  [jvm.dll+0x13f25a]
V  [jvm.dll+0x202c1e]
V  [jvm.dll+0x13f2dd]
V  [jvm.dll+0xc98a5]
V  [jvm.dll+0xd4567]
C  [java.exe+0x2063]
C  [java.exe+0xa591]
C  [java.exe+0xa61b]
C  [KERNEL32.DLL+0x138f4]
C  [ntdll.dll+0x65de3]
C  [ntdll.dll+0x65dae]

Java frames: (J=compiled Java code, j=interpreted, Vv=VM code)
j  bwapi.Unit.gather_native(JLbwapi/Unit;)Z+0
j  bwapi.Unit.gather(Lbwapi/Unit;)Z+6
j  unit.pack.WorkerCoordinator.updateGasExtractors(ILjava/util/ArrayList;)V+131
J  unit.pack.WorkerCoordinator.runWorkers()V
J  Main.onFrame()V
J  bwapi.AIModule.onFrame()V
v  ~StubRoutines::call_stub
j  bwapi.Mirror.startGame()V+0
j  Main.run()V+15
j  Main.main([Ljava/lang/String;)V+7
v  ~StubRoutines::call_stub

---------------  P R O C E S S  ---------------

Java Threads: ( => current thread )
  0x1876dc00 JavaThread "Service Thread" daemon [_thread_blocked, id=10020, stack(0x18930000,0x18980000)]
  0x18773000 JavaThread "C1 CompilerThread0" daemon [_thread_blocked, id=7308, stack(0x01060000,0x010b0000)]
  0x1875d800 JavaThread "JDWP Command Reader" daemon [_thread_in_native, id=7124, stack(0x00d30000,0x00d80000)]
  0x1875a800 JavaThread "JDWP Event Helper Thread" daemon [_thread_blocked, id=6160, stack(0x00ca0000,0x00cf0000)]
  0x18752400 JavaThread "JDWP Transport Listener: dt_socket" daemon [_thread_blocked, id=4256, stack(0x00c10000,0x00c60000)]
  0x1874b000 JavaThread "Attach Listener" daemon [_thread_blocked, id=7328, stack(0x00b80000,0x00bd0000)]
  0x18748c00 JavaThread "Signal Dispatcher" daemon [_thread_blocked, id=3804, stack(0x00af0000,0x00b40000)]
  0x025fb000 JavaThread "Finalizer" daemon [_thread_blocked, id=2828, stack(0x00a60000,0x00ab0000)]
  0x025f5000 JavaThread "Reference Handler" daemon [_thread_blocked, id=212, stack(0x009d0000,0x00a20000)]
=>0x0267d400 JavaThread "main" [_thread_in_vm, id=5088, stack(0x008b0000,0x00900000)]

Other Threads:
  0x025f2800 VMThread [stack: 0x00940000,0x00990000] [id=4468]
  0x1876d000 WatcherThread [stack: 0x189c0000,0x18a10000] [id=4048]

VM state:not at safepoint (normal execution)

VM Mutex/Monitor currently owned by a thread: None

Heap
 def new generation   total 4928K, used 1291K [0x04680000, 0x04bd0000, 0x09bd0000)
  eden space 4416K,  28% used [0x04680000, 0x047be0a0, 0x04ad0000)
  from space 512K,   3% used [0x04b50000, 0x04b54eb8, 0x04bd0000)
  to   space 512K,   0% used [0x04ad0000, 0x04ad0000, 0x04b50000)
 tenured generation   total 10944K, used 423K [0x09bd0000, 0x0a680000, 0x14680000)
   the space 10944K,   3% used [0x09bd0000, 0x09c39f20, 0x09c3a000, 0x0a680000)
 compacting perm gen  total 12288K, used 2253K [0x14680000, 0x15280000, 0x18680000)
   the space 12288K,  18% used [0x14680000, 0x148b3438, 0x148b3600, 0x15280000)
No shared spaces configured.

Card table byte_map: [0x18680000,0x18730000] byte_map_base: 0x1865cc00

Polling page: 0x00f70000

Code Cache  [0x02680000, 0x02758000, 0x04680000)
 total_blobs=311 nmethods=181 adapters=75 free_code_cache=31933Kb largest_free_block=32699392

Compilation events (10 events):
Event: 255.415 Thread 0x18773000  177             builder.pack.BuilderCoordinator::runCoordinator (150 bytes)
Event: 255.418 Thread 0x18773000 nmethod 177 0x0274a648 code [0x0274aad0, 0x0274d6f8]
Event: 264.259 Thread 0x18773000  178             listUtils.pack.BuildUtils::canGenericBuild (45 bytes)
Event: 264.260 Thread 0x18773000 nmethod 178 0x0274fb48 code [0x0274fc80, 0x0274ff00]
Event: 264.260 Thread 0x18773000  179             resource.pack.ResourceCoordinator::getRequirementsForType (18 bytes)
Event: 264.260 Thread 0x18773000 nmethod 179 0x02750208 code [0x02750320, 0x02750448]
Event: 295.899 Thread 0x18773000  180             action.pack.ActionQueue::isActionQueued (44 bytes)
Event: 295.900 Thread 0x18773000 nmethod 180 0x02750588 code [0x027506b0, 0x027507f4]
Event: 706.955 Thread 0x18773000  181             java.nio.Buffer::position (43 bytes)
Event: 706.955 Thread 0x18773000 nmethod 181 0x02750948 code [0x02750a50, 0x02750b6c]

GC Heap History (10 events):
Event: 42.871 GC heap before
{Heap before GC invocations=0 (full 0):
 def new generation   total 4928K, used 4416K [0x04680000, 0x04bd0000, 0x09bd0000)
  eden space 4416K, 100% used [0x04680000, 0x04ad0000, 0x04ad0000)
  from space 512K,   0% used [0x04ad0000, 0x04ad0000, 0x04b50000)
  to   space 512K,   0% used [0x04b50000, 0x04b50000, 0x04bd0000)
 tenured generation   total 10944K, used 0K [0x09bd0000, 0x0a680000, 0x14680000)
   the space 10944K,   0% used [0x09bd0000, 0x09bd0000, 0x09bd0200, 0x0a680000)
 compacting perm gen  total 12288K, used 2251K [0x14680000, 0x15280000, 0x18680000)
   the space 12288K,  18% used [0x14680000, 0x148b2c20, 0x148b2e00, 0x15280000)
No shared spaces configured.
Event: 42.873 GC heap after
Heap after GC invocations=1 (full 0):
 def new generation   total 4928K, used 512K [0x04680000, 0x04bd0000, 0x09bd0000)
  eden space 4416K,   0% used [0x04680000, 0x04680000, 0x04ad0000)
  from space 512K, 100% used [0x04b50000, 0x04bd0000, 0x04bd0000)
  to   space 512K,   0% used [0x04ad0000, 0x04ad0000, 0x04b50000)
 tenured generation   total 10944K, used 45K [0x09bd0000, 0x0a680000, 0x14680000)
   the space 10944K,   0% used [0x09bd0000, 0x09bdb738, 0x09bdb800, 0x0a680000)
 compacting perm gen  total 12288K, used 2251K [0x14680000, 0x15280000, 0x18680000)
   the space 12288K,  18% used [0x14680000, 0x148b2c20, 0x148b2e00, 0x15280000)
No shared spaces configured.
}
Event: 54.762 GC heap before
{Heap before GC invocations=1 (full 0):
 def new generation   total 4928K, used 4928K [0x04680000, 0x04bd0000, 0x09bd0000)
  eden space 4416K, 100% used [0x04680000, 0x04ad0000, 0x04ad0000)
  from space 512K, 100% used [0x04b50000, 0x04bd0000, 0x04bd0000)
  to   space 512K,   0% used [0x04ad0000, 0x04ad0000, 0x04b50000)
 tenured generation   total 10944K, used 45K [0x09bd0000, 0x0a680000, 0x14680000)
   the space 10944K,   0% used [0x09bd0000, 0x09bdb738, 0x09bdb800, 0x0a680000)
 compacting perm gen  total 12288K, used 2253K [0x14680000, 0x15280000, 0x18680000)
   the space 12288K,  18% used [0x14680000, 0x148b3418, 0x148b3600, 0x15280000)
No shared spaces configured.
Event: 54.764 GC heap after
Heap after GC invocations=2 (full 0):
 def new generation   total 4928K, used 4K [0x04680000, 0x04bd0000, 0x09bd0000)
  eden space 4416K,   0% used [0x04680000, 0x04680000, 0x04ad0000)
  from space 512K,   0% used [0x04ad0000, 0x04ad1170, 0x04b50000)
  to   space 512K,   0% used [0x04b50000, 0x04b50000, 0x04bd0000)
 tenured generation   total 10944K, used 423K [0x09bd0000, 0x0a680000, 0x14680000)
   the space 10944K,   3% used [0x09bd0000, 0x09c39f20, 0x09c3a000, 0x0a680000)
 compacting perm gen  total 12288K, used 2253K [0x14680000, 0x15280000, 0x18680000)
   the space 12288K,  18% used [0x14680000, 0x148b3418, 0x148b3600, 0x15280000)
No shared spaces configured.
}
Event: 60.071 GC heap before
{Heap before GC invocations=2 (full 0):
 def new generation   total 4928K, used 4420K [0x04680000, 0x04bd0000, 0x09bd0000)
  eden space 4416K, 100% used [0x04680000, 0x04ad0000, 0x04ad0000)
  from space 512K,   0% used [0x04ad0000, 0x04ad1170, 0x04b50000)
  to   space 512K,   0% used [0x04b50000, 0x04b50000, 0x04bd0000)
 tenured generation   total 10944K, used 423K [0x09bd0000, 0x0a680000, 0x14680000)
   the space 10944K,   3% used [0x09bd0000, 0x09c39f20, 0x09c3a000, 0x0a680000)
 compacting perm gen  total 12288K, used 2253K [0x14680000, 0x15280000, 0x18680000)
   the space 12288K,  18% used [0x14680000, 0x148b3428, 0x148b3600, 0x15280000)
No shared spaces configured.
Event: 60.072 GC heap after
Heap after GC invocations=3 (full 0):
 def new generation   total 4928K, used 8K [0x04680000, 0x04bd0000, 0x09bd0000)
  eden space 4416K,   0% used [0x04680000, 0x04680000, 0x04ad0000)
  from space 512K,   1% used [0x04b50000, 0x04b520d0, 0x04bd0000)
  to   space 512K,   0% used [0x04ad0000, 0x04ad0000, 0x04b50000)
 tenured generation   total 10944K, used 423K [0x09bd0000, 0x0a680000, 0x14680000)
   the space 10944K,   3% used [0x09bd0000, 0x09c39f20, 0x09c3a000, 0x0a680000)
 compacting perm gen  total 12288K, used 2253K [0x14680000, 0x15280000, 0x18680000)
   the space 12288K,  18% used [0x14680000, 0x148b3428, 0x148b3600, 0x15280000)
No shared spaces configured.
}
Event: 150.962 GC heap before
{Heap before GC invocations=3 (full 0):
 def new generation   total 4928K, used 4424K [0x04680000, 0x04bd0000, 0x09bd0000)
  eden space 4416K, 100% used [0x04680000, 0x04ad0000, 0x04ad0000)
  from space 512K,   1% used [0x04b50000, 0x04b520d0, 0x04bd0000)
  to   space 512K,   0% used [0x04ad0000, 0x04ad0000, 0x04b50000)
 tenured generation   total 10944K, used 423K [0x09bd0000, 0x0a680000, 0x14680000)
   the space 10944K,   3% used [0x09bd0000, 0x09c39f20, 0x09c3a000, 0x0a680000)
 compacting perm gen  total 12288K, used 2253K [0x14680000, 0x15280000, 0x18680000)
   the space 12288K,  18% used [0x14680000, 0x148b3428, 0x148b3600, 0x15280000)
No shared spaces configured.
Event: 150.962 GC heap after
Heap after GC invocations=4 (full 0):
 def new generation   total 4928K, used 12K [0x04680000, 0x04bd0000, 0x09bd0000)
  eden space 4416K,   0% used [0x04680000, 0x04680000, 0x04ad0000)
  from space 512K,   2% used [0x04ad0000, 0x04ad33f8, 0x04b50000)
  to   space 512K,   0% used [0x04b50000, 0x04b50000, 0x04bd0000)
 tenured generation   total 10944K, used 423K [0x09bd0000, 0x0a680000, 0x14680000)
   the space 10944K,   3% used [0x09bd0000, 0x09c39f20, 0x09c3a000, 0x0a680000)
 compacting perm gen  total 12288K, used 2253K [0x14680000, 0x15280000, 0x18680000)
   the space 12288K,  18% used [0x14680000, 0x148b3428, 0x148b3600, 0x15280000)
No shared spaces configured.
}
Event: 269.134 GC heap before
{Heap before GC invocations=4 (full 0):
 def new generation   total 4928K, used 4428K [0x04680000, 0x04bd0000, 0x09bd0000)
  eden space 4416K, 100% used [0x04680000, 0x04ad0000, 0x04ad0000)
  from space 512K,   2% used [0x04ad0000, 0x04ad33f8, 0x04b50000)
  to   space 512K,   0% used [0x04b50000, 0x04b50000, 0x04bd0000)
 tenured generation   total 10944K, used 423K [0x09bd0000, 0x0a680000, 0x14680000)
   the space 10944K,   3% used [0x09bd0000, 0x09c39f20, 0x09c3a000, 0x0a680000)
 compacting perm gen  total 12288K, used 2253K [0x14680000, 0x15280000, 0x18680000)
   the space 12288K,  18% used [0x14680000, 0x148b3438, 0x148b3600, 0x15280000)
No shared spaces configured.
Event: 269.134 GC heap after
Heap after GC invocations=5 (full 0):
 def new generation   total 4928K, used 19K [0x04680000, 0x04bd0000, 0x09bd0000)
  eden space 4416K,   0% used [0x04680000, 0x04680000, 0x04ad0000)
  from space 512K,   3% used [0x04b50000, 0x04b54eb8, 0x04bd0000)
  to   space 512K,   0% used [0x04ad0000, 0x04ad0000, 0x04b50000)
 tenured generation   total 10944K, used 423K [0x09bd0000, 0x0a680000, 0x14680000)
   the space 10944K,   3% used [0x09bd0000, 0x09c39f20, 0x09c3a000, 0x0a680000)
 compacting perm gen  total 12288K, used 2253K [0x14680000, 0x15280000, 0x18680000)
   the space 12288K,  18% used [0x14680000, 0x148b3438, 0x148b3600, 0x15280000)
No shared spaces configured.
}

Deoptimization events (0 events):
No events

Internal exceptions (10 events):
Event: 5.182 Thread 0x0267d400 Threw 0x0482e530 at C:\re\jdk7u55\869\hotspot\src\share\vm\prims\jvm.cpp:1244
Event: 5.182 Thread 0x0267d400 Threw 0x048308a0 at C:\re\jdk7u55\869\hotspot\src\share\vm\prims\jvm.cpp:1244
Event: 5.183 Thread 0x0267d400 Threw 0x04832430 at C:\re\jdk7u55\869\hotspot\src\share\vm\prims\jvm.cpp:1244
Event: 5.183 Thread 0x0267d400 Threw 0x04834240 at C:\re\jdk7u55\869\hotspot\src\share\vm\prims\jvm.cpp:1244
Event: 5.184 Thread 0x0267d400 Threw 0x0483a3f0 at C:\re\jdk7u55\869\hotspot\src\share\vm\prims\jvm.cpp:1244
Event: 5.185 Thread 0x0267d400 Threw 0x0483c428 at C:\re\jdk7u55\869\hotspot\src\share\vm\prims\jvm.cpp:1244
Event: 16.715 Thread 0x0267d400 Threw 0x04899388 at C:\re\jdk7u55\869\hotspot\src\share\vm\prims\jvm.cpp:1244
Event: 17.712 Thread 0x0267d400 Threw 0x048a54f8 at C:\re\jdk7u55\869\hotspot\src\share\vm\prims\jvm.cpp:1244
Event: 17.714 Thread 0x0267d400 Threw 0x048a92d0 at C:\re\jdk7u55\869\hotspot\src\share\vm\prims\jvm.cpp:1244
Event: 17.715 Thread 0x0267d400 Threw 0x048ab3d0 at C:\re\jdk7u55\869\hotspot\src\share\vm\prims\jvm.cpp:1244

Events (10 events):
Event: 42.875 Executing VM operation: BulkRevokeBias
Event: 42.875 Executing VM operation: BulkRevokeBias done
Event: 54.762 Executing VM operation: GenCollectForAllocation
Event: 54.764 Executing VM operation: GenCollectForAllocation done
Event: 60.071 Executing VM operation: GenCollectForAllocation
Event: 60.072 Executing VM operation: GenCollectForAllocation done
Event: 150.962 Executing VM operation: GenCollectForAllocation
Event: 150.962 Executing VM operation: GenCollectForAllocation done
Event: 269.134 Executing VM operation: GenCollectForAllocation
Event: 269.134 Executing VM operation: GenCollectForAllocation done


Dynamic libraries:
0x010d0000 - 0x010ff000 	C:\Program Files (x86)\Java\jdk1.7.0_55\bin\java.exe
0x77080000 - 0x771fb000 	C:\WINDOWS\SYSTEM32\ntdll.dll
0x76320000 - 0x76400000 	C:\WINDOWS\SYSTEM32\KERNEL32.DLL
0x75cb0000 - 0x75e2e000 	C:\WINDOWS\SYSTEM32\KERNELBASE.dll
0x6f030000 - 0x6f05d000 	C:\Program Files (x86)\AVG\Av\avghookx.dll
0x6e640000 - 0x6e6d2000 	C:\WINDOWS\system32\apphelp.dll
0x74250000 - 0x742cb000 	C:\WINDOWS\SYSTEM32\ADVAPI32.dll
0x75950000 - 0x75a0e000 	C:\WINDOWS\SYSTEM32\msvcrt.dll
0x76220000 - 0x76264000 	C:\WINDOWS\SYSTEM32\sechost.dll
0x76270000 - 0x7631d000 	C:\WINDOWS\SYSTEM32\RPCRT4.dll
0x73db0000 - 0x73dce000 	C:\WINDOWS\SYSTEM32\SspiCli.dll
0x73da0000 - 0x73daa000 	C:\WINDOWS\SYSTEM32\CRYPTBASE.dll
0x76400000 - 0x76458000 	C:\WINDOWS\SYSTEM32\bcryptPrimitives.dll
0x73fb0000 - 0x740f7000 	C:\WINDOWS\SYSTEM32\USER32.dll
0x76970000 - 0x76abf000 	C:\WINDOWS\SYSTEM32\GDI32.dll
0x707b0000 - 0x709bf000 	C:\WINDOWS\WinSxS\x86_microsoft.windows.common-controls_6595b64144ccf1df_6.0.10586.0_none_d3c2e4e965da4528\COMCTL32.dll
0x76060000 - 0x7621d000 	C:\WINDOWS\SYSTEM32\combase.dll
0x74100000 - 0x7412b000 	C:\WINDOWS\SYSTEM32\IMM32.DLL
0x6c200000 - 0x6c2bf000 	C:\Program Files (x86)\Java\jdk1.7.0_55\jre\bin\msvcr100.dll
0x6b9b0000 - 0x6bd30000 	C:\Program Files (x86)\Java\jdk1.7.0_55\jre\bin\client\jvm.dll
0x76460000 - 0x76466000 	C:\WINDOWS\SYSTEM32\PSAPI.DLL
0x72340000 - 0x72348000 	C:\WINDOWS\SYSTEM32\WSOCK32.dll
0x742e0000 - 0x7433f000 	C:\WINDOWS\SYSTEM32\WS2_32.dll
0x730a0000 - 0x730c4000 	C:\WINDOWS\SYSTEM32\WINMM.dll
0x72f10000 - 0x72f33000 	C:\WINDOWS\SYSTEM32\WINMMBASE.dll
0x75740000 - 0x75777000 	C:\WINDOWS\SYSTEM32\cfgmgr32.dll
0x6c2d0000 - 0x6c2dc000 	C:\Program Files (x86)\Java\jdk1.7.0_55\jre\bin\verify.dll
0x6c1e0000 - 0x6c200000 	C:\Program Files (x86)\Java\jdk1.7.0_55\jre\bin\java.dll
0x6c190000 - 0x6c1ba000 	C:\Program Files (x86)\Java\jdk1.7.0_55\jre\bin\jdwp.dll
0x6c180000 - 0x6c187000 	C:\Program Files (x86)\Java\jdk1.7.0_55\jre\bin\npt.dll
0x6c1c0000 - 0x6c1d3000 	C:\Program Files (x86)\Java\jdk1.7.0_55\jre\bin\zip.dll
0x6c170000 - 0x6c178000 	C:\Program Files (x86)\Java\jdk1.7.0_55\jre\bin\dt_socket.dll
0x73390000 - 0x733df000 	C:\WINDOWS\system32\mswsock.dll
0x6b740000 - 0x6b9a9000 	E:\Year 3 Ubb\Licenta\KBot\bwapi_bridge2_4.dll
0x68e60000 - 0x68ed1000 	C:\WINDOWS\SYSTEM32\MSVCP120.dll
0x68ee0000 - 0x68fce000 	C:\WINDOWS\SYSTEM32\MSVCR120.dll
0x6acc0000 - 0x6ad27000 	E:\Year 3 Ubb\Licenta\KBot\libgmp-10.dll
0x6f540000 - 0x6f59e000 	E:\Year 3 Ubb\Licenta\KBot\libmpfr-4.dll
0x72f40000 - 0x7307f000 	C:\WINDOWS\SYSTEM32\dbghelp.dll

VM Arguments:
jvm_args: -agentlib:jdwp=transport=dt_socket,address=127.0.0.1:55434,suspend=y,server=n -Dfile.encoding=UTF-8 
java_command: Main
Launcher Type: SUN_STANDARD

Environment Variables:
JAVA_HOME=C:\Program Files\Java\jdk1.8.0_65
PATH=M2;JAVA;C:\OCaml\bin;C:\Program Files (x86)\Java\jdk1.7.0_55\bin;C:\ProgramData\Oracle\Java\javapath;C:\Program Files (x86)\Microsoft DirectX SDK (August 2006)\Utilities\Bin\x86;C:\WINDOWS\system32;C:\WINDOWS;C:\WINDOWS\System32\Wbem;C:\WINDOWS\System32\WindowsPowerShell\v1.0\;C:\Program Files\nodejs\;C:\python27;C:\WINDOWS\system32\config\systemprofile\.dnx\bin;C:\Program Files\Microsoft DNX\Dnvm\;C:\Program Files\Microsoft SQL Server\120\Tools\Binn\;C:\Program Files (x86)\Windows Kits\10\Windows Performance Toolkit\;C:\Program Files (x86)\Microsoft Emulator Manager\1.0\;C:\Program Files (x86)\Git\bin;C:\Program Files (x86)\Git\cmd;C:\Program Files (x86)\Skype\Phone\;C:\Program Files\Java\jdk1.8.0_65;C:\maven\bin;C:\WINDOWS\system32;C:\WINDOWS;C:\WINDOWS\System32\Wbem;C:\WINDOWS\System32\WindowsPowerShell\v1.0\;C:\Program Files (x86)\Skype\Phone\;C:\Program Files\nodejs\;C:\python27;C:\Users\Alex\.dnx\bin;C:\Program Files\Microsoft DNX\Dnvm\;C:\Program Files\Microsoft SQL Server\120\Tools\Binn\;C:\Program Files (x86)\Windows Kits\10\Windows Performance Toolkit\;C:\Program Files (x86)\Microsoft Emulator Manager\1.0\;C:\Program Files (x86)\Git\bin;C:\Program Files (x86)\Git\cmd;C:\Users\Alex\AppData\Roaming\npm;C:\Python27\Scripts
USERNAME=Alex
OS=Windows_NT
PROCESSOR_IDENTIFIER=Intel64 Family 6 Model 58 Stepping 9, GenuineIntel



---------------  S Y S T E M  ---------------

OS: Windows 8.1 , 64 bit Build 9600 

CPU:total 8 (4 cores per cpu, 2 threads per core) family 6 model 58 stepping 9, cmov, cx8, fxsr, mmx, sse, sse2, sse3, ssse3, sse4.1, sse4.2, popcnt, avx, aes, erms, ht, tsc, tscinvbit, tscinv

Memory: 4k page, physical 16729436k(11469284k free), swap 19219804k(13336452k free)

vm_info: Java HotSpot(TM) Client VM (24.55-b03) for windows-x86 JRE (1.7.0_55-b13), built on Mar 17 2014 20:01:11 by "java_re" with unknown MS VC++:1600

time: Mon May 30 12:46:09 2016
elapsed time: 706 seconds

