#
# A fatal error has been detected by the Java Runtime Environment:
#
#  EXCEPTION_ACCESS_VIOLATION (0xc0000005) at pc=0x1a9f9560, pid=6664, tid=10696
#
# JRE version: Java(TM) SE Runtime Environment (7.0_55-b13) (build 1.7.0_55-b13)
# Java VM: Java HotSpot(TM) Client VM (24.55-b03 mixed mode windows-x86 )
# Problematic frame:
# C  0x1a9f9560
#
# Failed to write core dump. Minidumps are not enabled by default on client versions of Windows
#
# If you would like to submit a bug report, please visit:
#   http://bugreport.sun.com/bugreport/crash.jsp
# The crash happened outside the Java Virtual Machine in native code.
# See problematic frame for where to report the bug.
#

---------------  T H R E A D  ---------------

Current thread (0x0258d400):  JavaThread "main" [_thread_in_native, id=10696, stack(0x003b0000,0x00400000)]

siginfo: ExceptionCode=0xc0000005, ExceptionInformation=0x00000008 0x1a9f9560

Registers:
EAX=0x00ec4ba0, EBX=0x14803630, ECX=0x00e705b0, EDX=0x148083c0
ESP=0x003fdd84, EBP=0x003fdd98, ESI=0x14803630, EDI=0x0258d400
EIP=0x1a9f9560, EFLAGS=0x00010287

Top of Stack: (sp=0x003fdd84)
0x003fdd84:   58ba63a2 0258d400 14803630 14803630
0x003fdd94:   0258d530 003fdde0 0259f358 0258d530
0x003fdda4:   003fddf8 00e705b0 0258d400 631ded29
0x003fddb4:   00000004 003fdde0 00000000 003fddc0
0x003fddc4:   00000000 003fddf8 148083c0 00000000
0x003fddd4:   14803630 00000000 003fddf0 003fde1c
0x003fdde4:   0259341a 00000000 0259be06 00e705b0
0x003fddf4:   0258d400 09b6beb8 003fddfc 147fbf05 

Instructions: (pc=0x1a9f9560)
0x1a9f9540:   f7 2d b0 23 00 d5 00 8c 18 95 9f 1a c8 93 9f 1a
0x1a9f9550:   c8 ff a3 1a 00 00 00 00 f4 2d b3 23 00 d6 00 8c
0x1a9f9560:   c0 95 9f 1a 80 93 9f 1a 80 7c a2 1a 00 00 00 00
0x1a9f9570:   f1 2d b6 23 00 d7 00 8c 20 96 9f 1a f0 95 9f 1a 


Register to memory mapping:

EAX=0x00ec4ba0 is an unknown value
EBX=0x14803630 is an oop
{method} 
 - klass: {other class}
ECX=0x00e705b0 is an unknown value
EDX=0x148083c0 is an oop
{constant pool cache} 
 - klass: {other class}
                 -------------
  0  (0x148083d0)  [b5|b4|    1]
                 [   0x09b70200]
                 [   0x00000008]
                 [   0x44000001]
                 -------------
  1  (0x148083e0)  [00|00|    2]
                 [   0x00000000]
                 [   0x00000000]
                 [   0x00000000]
                 -------------
  2  (0x148083f0)  [00|00|    3]
                 [   0x00000000]
                 [   0x00000000]
                 [   0x00000000]
                 -------------
  3  (0x14808400)  [00|b7|    4]
                 [   0x14800630]
                 [   0x00000000]
                 [   0x70000003]
                 -------------
  4  (0x14808410)  [00|b7|    5]
                 [   0x148006b0]
                 [   0x00000000]
                 [   0x70000003]
                 -------------
  5  (0x14808420)  [00|00|    6]
                 [   0x00000000]
                 [   0x00000000]
                 [   0x00000000]
                 -------------
  6  (0x14808430)  [00|00|    7]
                 [   0x00000000]
                 [   0x00000000]
                 [   0x00000000]
                 -------------
  7  (0x14808440)  [00|00|    8]
                 [   0x00000000]
                 [   0x00000000]
                 [   0x00000000]
                 -------------
  8  (0x14808450)  [00|00|    9]
                 [   0x00000000]
                 [   0x00000000]
                 [   0x00000000]
                 -------------
  9  (0x14808460)  [00|00|   10]
                 [   0x00000000]
                 [   0x00000000]
                 [   0x00000000]
                 -------------
 10  (0x14808470)  [00|00|   11]
                 [   0x00000000]
                 [   0x00000000]
                 [   0x00000000]
                 -------------
 11  (0x14808480)  [00|00|   12]
                 [   0x00000000]
                 [   0x00000000]
                 [   0x00000000]
                 -------------
 12  (0x14808490)  [00|00|   13]
                 [   0x00000000]
                 [   0x00000000]
                 [   0x00000000]
                 -------------
 13  (0x148084a0)  [00|00|   14]
                 [   0x00000000]
                 [   0x00000000]
                 [   0x00000000]
                 -------------
 14  (0x148084b0)  [00|00|   15]
                 [   0x00000000]
                 [   0x00000000]
                 [   0x00000000]
                 -------------
 15  (0x148084c0)  [00|00|   16]
                 [   0x00000000]
                 [   0x00000000]
                 [   0x00000000]
                 -------------
 16  (0x148084d0)  [00|00|   17]
                 [   0x00000000]
                 [   0x00000000]
                 [   0x00000000]
                 -------------
 17  (0x148084e0)  [00|00|   18]
                 [   0x00000000]
                 [   0x00000000]
                 [   0x00000000]
                 -------------
 18  (0x148084f0)  [00|b7|   19]
                 [   0x14800db0]
                 [   0x00000000]
                 [   0x30000003]
                 -------------
 19  (0x14808500)  [00|00|   20]
                 [   0x00000000]
                 [   0x00000000]
                 [   0x00000000]
                 -------------
 20  (0x14808510)  [00|00|   21]
                 [   0x00000000]
                 [   0x00000000]
                 [   0x00000000]
                 -------------
 21  (0x14808520)  [00|00|   22]
                 [   0x00000000]
                 [   0x00000000]
                 [   0x00000000]
                 -------------
 22  (0x14808530)  [00|00|   23]
                 [   0x00000000]
                 [   0x00000000]
                 [   0x00000000]
                 -------------
 23  (0x14808540)  [00|00|   24]
                 [   0x00000000]
                 [   0x00000000]
                 [   0x00000000]
                 -------------
 24  (0x14808550)  [00|00|   25]
                 [   0x00000000]
                 [   0x00000000]
                 [   0x00000000]
                 -------------
 25  (0x14808560)  [00|00|   26]
                 [   0x00000000]
                 [   0x00000000]
                 [   0x00000000]
                 -------------
 26  (0x14808570)  [00|00|   27]
                 [   0x00000000]
                 [   0x00000000]
                 [   0x00000000]
                 -------------
 27  (0x14808580)  [00|00|   28]
                 [   0x00000000]
                 [   0x00000000]
                 [   0x00000000]
                 -------------
 28  (0x14808590)  [00|00|   29]
                 [   0x00000000]
                 [   0x00000000]
                 [   0x00000000]
                 -------------
 29  (0x148085a0)  [00|00|   30]
                 [   0x00000000]
                 [   0x00000000]
                 [   0x00000000]
                 -------------
 30  (0x148085b0)  [00|00|   31]
                 [   0x00000000]
                 [   0x00000000]
                 [   0x00000000]
                 -------------
 31  (0x148085c0)  [00|b7|   32]
                 [   0x14801430]
                 [   0x00000000]
                 [   0x80000004]
                 -------------
 32  (0x148085d0)  [00|00|   33]
                 [   0x00000000]
                 [   0x00000000]
                 [   0x00000000]
                 -------------
 33  (0x148085e0)  [00|00|   34]
                 [   0x00000000]
                 [   0x00000000]
                 [   0x00000000]
                 -------------
 34  (0x148085f0)  [00|00|   35]
                 [   0x00000000]
                 [   0x00000000]
                 [   0x00000000]
                 -------------
 35  (0x14808600)  [00|00|   36]
                 [   0x00000000]
                 [   0x00000000]
                 [   0x00000000]
                 -------------
 36  (0x14808610)  [00|00|   37]
                 [   0x00000000]
                 [   0x00000000]
                 [   0x00000000]
                 -------------
 37  (0x14808620)  [00|00|   38]
                 [   0x00000000]
                 [   0x00000000]
                 [   0x00000000]
                 -------------
 38  (0x14808630)  [00|00|   39]
                 [   0x00000000]
                 [   0x00000000]
                 [   0x00000000]
                 -------------
 39  (0x14808640)  [00|00|   40]
                 [   0x00000000]
                 [   0x00000000]
                 [   0x00000000]
                 -------------
 40  (0x14808650)  [00|00|   41]
                 [   0x00000000]
                 [   0x00000000]
                 [   0x00000000]
                 -------------
 41  (0x14808660)  [00|00|   42]
                 [   0x00000000]
                 [   0x00000000]
                 [   0x00000000]
                 -------------
 42  (0x14808670)  [00|00|   43]
                 [   0x00000000]
                 [   0x00000000]
                 [   0x00000000]
                 -------------
 43  (0x14808680)  [00|00|   44]
                 [   0x00000000]
                 [   0x00000000]
                 [   0x00000000]
                 -------------
 44  (0x14808690)  [00|00|   45]
                 [   0x00000000]
                 [   0x00000000]
                 [   0x00000000]
                 -------------
 45  (0x148086a0)  [00|00|   46]
                 [   0x00000000]
                 [   0x00000000]
                 [   0x00000000]
                 -------------
 46  (0x148086b0)  [00|00|   47]
                 [   0x00000000]
                 [   0x00000000]
                 [   0x00000000]
                 -------------
 47  (0x148086c0)  [00|00|   48]
                 [   0x00000000]
                 [   0x00000000]
                 [   0x00000000]
                 -------------
 48  (0x148086d0)  [00|00|   49]
                 [   0x00000000]
                 [   0x00000000]
                 [   0x00000000]
                 -------------
 49  (0x148086e0)  [00|00|   50]
                 [   0x00000000]
                 [   0x00000000]
                 [   0x00000000]
                 -------------
 50  (0x148086f0)  [00|00|   51]
                 [   0x00000000]
                 [   0x00000000]
                 [   0x00000000]
                 -------------
 51  (0x14808700)  [00|00|   52]
                 [   0x00000000]
                 [   0x00000000]
                 [   0x00000000]
                 -------------
 52  (0x14808710)  [00|00|   53]
                 [   0x00000000]
                 [   0x00000000]
                 [   0x00000000]
                 -------------
 53  (0x14808720)  [00|00|   54]
                 [   0x00000000]
                 [   0x00000000]
                 [   0x00000000]
                 -------------
 54  (0x14808730)  [00|00|   55]
                 [   0x00000000]
                 [   0x00000000]
                 [   0x00000000]
                 -------------
 55  (0x14808740)  [00|00|   56]
                 [   0x00000000]
                 [   0x00000000]
                 [   0x00000000]
                 -------------
 56  (0x14808750)  [00|00|   57]
                 [   0x00000000]
                 [   0x00000000]
                 [   0x00000000]
                 -------------
 57  (0x14808760)  [00|00|   58]
                 [   0x00000000]
                 [   0x00000000]
                 [   0x00000000]
                 -------------
 58  (0x14808770)  [00|00|   59]
                 [   0x00000000]
                 [   0x00000000]
                 [   0x00000000]
                 -------------
 59  (0x14808780)  [00|00|   60]
                 [   0x00000000]
                 [   0x00000000]
                 [   0x00000000]
                 -------------
 60  (0x14808790)  [00|00|   61]
                 [   0x00000000]
                 [   0x00000000]
                 [   0x00000000]
                 -------------
 61  (0x148087a0)  [00|00|   62]
                 [   0x00000000]
                 [   0x00000000]
                 [   0x00000000]
                 -------------
 62  (0x148087b0)  [00|00|   63]
                 [   0x00000000]
                 [   0x00000000]
                 [   0x00000000]
                 -------------
 63  (0x148087c0)  [00|00|   64]
                 [   0x00000000]
                 [   0x00000000]
                 [   0x00000000]
                 -------------
 64  (0x148087d0)  [00|00|   65]
                 [   0x00000000]
                 [   0x00000000]
                 [   0x00000000]
                 -------------
 65  (0x148087e0)  [00|00|   66]
                 [   0x00000000]
                 [   0x00000000]
                 [   0x00000000]
                 -------------
 66  (0x148087f0)  [00|00|   67]
                 [   0x00000000]
                 [   0x00000000]
                 [   0x00000000]
                 -------------
 67  (0x14808800)  [00|00|   68]
                 [   0x00000000]
                 [   0x00000000]
                 [   0x00000000]
                 -------------
 68  (0x14808810)  [00|00|   69]
                 [   0x00000000]
                 [   0x00000000]
                 [   0x00000000]
                 -------------
 69  (0x14808820)  [00|00|   70]
                 [   0x00000000]
                 [   0x00000000]
                 [   0x00000000]
                 -------------
 70  (0x14808830)  [00|00|   71]
                 [   0x00000000]
                 [   0x00000000]
                 [   0x00000000]
                 -------------
 71  (0x14808840)  [00|00|   72]
                 [   0x00000000]
                 [   0x00000000]
                 [   0x00000000]
                 -------------
 72  (0x14808850)  [00|00|   73]
                 [   0x00000000]
                 [   0x00000000]
                 [   0x00000000]
                 -------------
 73  (0x14808860)  [00|00|   74]
                 [   0x00000000]
                 [   0x00000000]
                 [   0x00000000]
                 -------------
 74  (0x14808870)  [00|b7|   75]
                 [   0x148029b0]
                 [   0x00000000]
                 [   0x00000005]
                 -------------
 75  (0x14808880)  [00|00|   76]
                 [   0x00000000]
                 [   0x00000000]
                 [   0x00000000]
                 -------------
 76  (0x14808890)  [00|00|   77]
                 [   0x00000000]
                 [   0x00000000]
                 [   0x00000000]
                 -------------
 77  (0x148088a0)  [00|00|   78]
                 [   0x00000000]
                 [   0x00000000]
                 [   0x00000000]
                 -------------
 78  (0x148088b0)  [00|00|   79]
                 [   0x00000000]
                 [   0x00000000]
                 [   0x00000000]
                 -------------
 79  (0x148088c0)  [00|00|   80]
                 [   0x00000000]
                 [   0x00000000]
                 [   0x00000000]
                 -------------
 80  (0x148088d0)  [00|00|   81]
                 [   0x00000000]
                 [   0x00000000]
                 [   0x00000000]
                 -------------
 81  (0x148088e0)  [00|00|   82]
                 [   0x00000000]
                 [   0x00000000]
                 [   0x00000000]
                 -------------
 82  (0x148088f0)  [00|00|   83]
                 [   0x00000000]
                 [   0x00000000]
                 [   0x00000000]
                 -------------
 83  (0x14808900)  [00|00|   84]
                 [   0x00000000]
                 [   0x00000000]
                 [   0x00000000]
                 -------------
 84  (0x14808910)  [00|00|   85]
                 [   0x00000000]
                 [   0x00000000]
                 [   0x00000000]
                 -------------
 85  (0x14808920)  [00|00|   86]
                 [   0x00000000]
                 [   0x00000000]
                 [   0x00000000]
                 -------------
 86  (0x14808930)  [00|00|   87]
                 [   0x00000000]
                 [   0x00000000]
                 [   0x00000000]
                 -------------
 87  (0x14808940)  [00|00|   88]
                 [   0x00000000]
                 [   0x00000000]
                 [   0x00000000]
                 -------------
 88  (0x14808950)  [00|00|   89]
                 [   0x00000000]
                 [   0x00000000]
                 [   0x00000000]
                 -------------
 89  (0x14808960)  [00|00|   90]
                 [   0x00000000]
                 [   0x00000000]
                 [   0x00000000]
                 -------------
 90  (0x14808970)  [00|00|   91]
                 [   0x00000000]
                 [   0x00000000]
                 [   0x00000000]
                 -------------
 91  (0x14808980)  [00|00|   92]
                 [   0x00000000]
                 [   0x00000000]
                 [   0x00000000]
                 -------------
 92  (0x14808990)  [00|00|   93]
                 [   0x00000000]
                 [   0x00000000]
                 [   0x00000000]
                 -------------
 93  (0x148089a0)  [00|00|   94]
                 [   0x00000000]
                 [   0x00000000]
                 [   0x00000000]
                 -------------
 94  (0x148089b0)  [00|00|   95]
                 [   0x00000000]
                 [   0x00000000]
                 [   0x00000000]
                 -------------
 95  (0x148089c0)  [00|00|   96]
                 [   0x00000000]
                 [   0x00000000]
                 [   0x00000000]
                 -------------
 96  (0x148089d0)  [00|00|   97]
                 [   0x00000000]
                 [   0x00000000]
                 [   0x00000000]
                 -------------
 97  (0x148089e0)  [00|00|   98]
                 [   0x00000000]
                 [   0x00000000]
                 [   0x00000000]
                 -------------
 98  (0x148089f0)  [00|00|   99]
                 [   0x00000000]
                 [   0x00000000]
                 [   0x00000000]
                 -------------
 99  (0x14808a00)  [00|b7|  100]
                 [   0x14803630]
                 [   0x00000000]
                 [   0x70000003]
                 -------------
100  (0x14808a10)  [00|00|  101]
                 [   0x00000000]
                 [   0x00000000]
                 [   0x00000000]
                 -------------
101  (0x14808a20)  [00|00|  102]
                 [   0x00000000]
                 [   0x00000000]
                 [   0x00000000]
                 -------------
102  (0x14808a30)  [00|00|  103]
                 [   0x00000000]
                 [   0x00000000]
                 [   0x00000000]
                 -------------
103  (0x14808a40)  [00|00|  104]
                 [   0x00000000]
                 [   0x00000000]
                 [   0x00000000]
                 -------------
104  (0x14808a50)  [00|00|  105]
                 [   0x00000000]
                 [   0x00000000]
                 [   0x00000000]
                 -------------
105  (0x14808a60)  [00|00|  106]
                 [   0x00000000]
                 [   0x00000000]
                 [   0x00000000]
                 -------------
106  (0x14808a70)  [00|00|  107]
                 [   0x00000000]
                 [   0x00000000]
                 [   0x00000000]
                 -------------
107  (0x14808a80)  [00|00|  108]
                 [   0x00000000]
                 [   0x00000000]
                 [   0x00000000]
                 -------------
108  (0x14808a90)  [00|b7|  109]
                 [   0x14803ab0]
                 [   0x00000000]
                 [   0x80000006]
                 -------------
109  (0x14808aa0)  [00|00|  110]
                 [   0x00000000]
                 [   0x00000000]
                 [   0x00000000]
                 -------------
110  (0x14808ab0)  [00|00|  111]
                 [   0x00000000]
                 [   0x00000000]
                 [   0x00000000]
                 -------------
111  (0x14808ac0)  [00|00|  112]
                 [   0x00000000]
                 [   0x00000000]
                 [   0x00000000]
                 -------------
112  (0x14808ad0)  [00|b7|  113]
                 [   0x14803cb0]
                 [   0x00000000]
                 [   0x80000006]
                 -------------
113  (0x14808ae0)  [00|00|  114]
                 [   0x00000000]
                 [   0x00000000]
                 [   0x00000000]
                 -------------
114  (0x14808af0)  [00|b7|  115]
                 [   0x14803db0]
                 [   0x00000000]
                 [   0x80000009]
                 -------------
115  (0x14808b00)  [00|b7|  116]
                 [   0x14803e30]
                 [   0x00000000]
                 [   0x8000000a]
                 -------------
116  (0x14808b10)  [00|00|  117]
                 [   0x00000000]
                 [   0x00000000]
                 [   0x00000000]
                 -------------
117  (0x14808b20)  [00|00|  118]
                 [   0x00000000]
                 [   0x00000000]
                 [   0x00000000]
                 -------------
118  (0x14808b30)  [00|00|  119]
                 [   0x00000000]
                 [   0x00000000]
                 [   0x00000000]
                 -------------
119  (0x14808b40)  [00|00|  120]
                 [   0x00000000]
                 [   0x00000000]
                 [   0x00000000]
                 -------------
120  (0x14808b50)  [00|00|  121]
                 [   0x00000000]
                 [   0x00000000]
                 [   0x00000000]
                 -------------
121  (0x14808b60)  [00|00|  122]
                 [   0x00000000]
                 [   0x00000000]
                 [   0x00000000]
                 -------------
122  (0x14808b70)  [00|00|  123]
                 [   0x00000000]
                 [   0x00000000]
                 [   0x00000000]
                 -------------
123  (0x14808b80)  [00|00|  124]
                 [   0x00000000]
                 [   0x00000000]
                 [   0x00000000]
                 -------------
124  (0x14808b90)  [00|00|  125]
                 [   0x00000000]
                 [   0x00000000]
                 [   0x00000000]
                 -------------
125  (0x14808ba0)  [00|00|  126]
                 [   0x00000000]
                 [   0x00000000]
                 [   0x00000000]
                 -------------
126  (0x14808bb0)  [00|00|  127]
                 [   0x00000000]
                 [   0x00000000]
                 [   0x00000000]
                 -------------
127  (0x14808bc0)  [00|00|  128]
                 [   0x00000000]
                 [   0x00000000]
                 [   0x00000000]
                 -------------
128  (0x14808bd0)  [00|00|  129]
                 [   0x00000000]
                 [   0x00000000]
                 [   0x00000000]
                 -------------
129  (0x14808be0)  [00|00|  130]
                 [   0x00000000]
                 [   0x00000000]
                 [   0x00000000]
                 -------------
130  (0x14808bf0)  [00|00|  131]
                 [   0x00000000]
                 [   0x00000000]
                 [   0x00000000]
                 -------------
131  (0x14808c00)  [00|00|  132]
                 [   0x00000000]
                 [   0x00000000]
                 [   0x00000000]
                 -------------
132  (0x14808c10)  [00|00|  133]
                 [   0x00000000]
                 [   0x00000000]
                 [   0x00000000]
                 -------------
133  (0x14808c20)  [00|00|  134]
                 [   0x00000000]
                 [   0x00000000]
                 [   0x00000000]
                 -------------
134  (0x14808c30)  [00|00|  135]
                 [   0x00000000]
                 [   0x00000000]
                 [   0x00000000]
                 -------------
135  (0x14808c40)  [00|00|  136]
                 [   0x00000000]
                 [   0x00000000]
                 [   0x00000000]
                 -------------
136  (0x14808c50)  [00|00|  137]
                 [   0x00000000]
                 [   0x00000000]
                 [   0x00000000]
                 -------------
137  (0x14808c60)  [00|00|  138]
                 [   0x00000000]
                 [   0x00000000]
                 [   0x00000000]
                 -------------
138  (0x14808c70)  [00|00|  139]
                 [   0x00000000]
                 [   0x00000000]
                 [   0x00000000]
                 -------------
139  (0x14808c80)  [00|00|  140]
                 [   0x00000000]
                 [   0x00000000]
                 [   0x00000000]
                 -------------
140  (0x14808c90)  [00|00|  141]
                 [   0x00000000]
                 [   0x00000000]
                 [   0x00000000]
                 -------------
141  (0x14808ca0)  [00|00|  142]
                 [   0x00000000]
                 [   0x00000000]
                 [   0x00000000]
                 -------------
142  (0x14808cb0)  [00|00|  143]
                 [   0x00000000]
                 [   0x00000000]
                 [   0x00000000]
                 -------------
143  (0x14808cc0)  [00|00|  144]
                 [   0x00000000]
                 [   0x00000000]
                 [   0x00000000]
                 -------------
144  (0x14808cd0)  [00|00|  145]
                 [   0x00000000]
                 [   0x00000000]
                 [   0x00000000]
                 -------------
145  (0x14808ce0)  [00|00|  146]
                 [   0x00000000]
                 [   0x00000000]
                 [   0x00000000]
                 -------------
146  (0x14808cf0)  [00|00|  147]
                 [   0x00000000]
                 [   0x00000000]
                 [   0x00000000]
                 -------------
147  (0x14808d00)  [00|00|  148]
                 [   0x00000000]
                 [   0x00000000]
                 [   0x00000000]
                 -------------
148  (0x14808d10)  [00|00|  149]
                 [   0x00000000]
                 [   0x00000000]
                 [   0x00000000]
                 -------------
149  (0x14808d20)  [00|00|  150]
                 [   0x00000000]
                 [   0x00000000]
                 [   0x00000000]
                 -------------
150  (0x14808d30)  [00|00|  151]
                 [   0x00000000]
                 [   0x00000000]
                 [   0x00000000]
                 -------------
151  (0x14808d40)  [00|00|  152]
                 [   0x00000000]
                 [   0x00000000]
                 [   0x00000000]
                 -------------
152  (0x14808d50)  [00|00|  153]
                 [   0x00000000]
                 [   0x00000000]
                 [   0x00000000]
                 -------------
153  (0x14808d60)  [00|00|  154]
                 [   0x00000000]
                 [   0x00000000]
                 [   0x00000000]
                 -------------
154  (0x14808d70)  [00|00|  155]
                 [   0x00000000]
                 [   0x00000000]
                 [   0x00000000]
                 -------------
155  (0x14808d80)  [00|00|  156]
                 [   0x00000000]
                 [   0x00000000]
                 [   0x00000000]
                 -------------
156  (0x14808d90)  [00|00|  157]
                 [   0x00000000]
                 [   0x00000000]
                 [   0x00000000]
                 -------------
157  (0x14808da0)  [00|00|  158]
                 [   0x00000000]
                 [   0x00000000]
                 [   0x00000000]
                 -------------
158  (0x14808db0)  [00|00|  159]
                 [   0x00000000]
                 [   0x00000000]
                 [   0x00000000]
                 -------------
159  (0x14808dc0)  [00|00|  160]
                 [   0x00000000]
                 [   0x00000000]
                 [   0x00000000]
                 -------------
160  (0x14808dd0)  [00|00|  161]
                 [   0x00000000]
                 [   0x00000000]
                 [   0x00000000]
                 -------------
161  (0x14808de0)  [00|00|  162]
                 [   0x00000000]
                 [   0x00000000]
                 [   0x00000000]
                 -------------
162  (0x14808df0)  [00|00|  163]
                 [   0x00000000]
                 [   0x00000000]
                 [   0x00000000]
                 -------------
163  (0x14808e00)  [00|00|  164]
                 [   0x00000000]
                 [   0x00000000]
                 [   0x00000000]
                 -------------
164  (0x14808e10)  [00|00|  165]
                 [   0x00000000]
                 [   0x00000000]
                 [   0x00000000]
                 -------------
165  (0x14808e20)  [00|00|  166]
                 [   0x00000000]
                 [   0x00000000]
                 [   0x00000000]
                 -------------
166  (0x14808e30)  [00|00|  167]
                 [   0x00000000]
                 [   0x00000000]
                 [   0x00000000]
                 -------------
167  (0x14808e40)  [00|00|  168]
                 [   0x00000000]
                 [   0x00000000]
                 [   0x00000000]
                 -------------
168  (0x14808e50)  [00|00|  169]
                 [   0x00000000]
                 [   0x00000000]
                 [   0x00000000]
                 -------------
169  (0x14808e60)  [00|00|  170]
                 [   0x00000000]
                 [   0x00000000]
                 [   0x00000000]
                 -------------
170  (0x14808e70)  [00|00|  171]
                 [   0x00000000]
                 [   0x00000000]
                 [   0x00000000]
                 -------------
171  (0x14808e80)  [00|00|  172]
                 [   0x00000000]
                 [   0x00000000]
                 [   0x00000000]
                 -------------
172  (0x14808e90)  [00|00|  173]
                 [   0x00000000]
                 [   0x00000000]
                 [   0x00000000]
                 -------------
173  (0x14808ea0)  [00|00|  174]
                 [   0x00000000]
                 [   0x00000000]
                 [   0x00000000]
                 -------------
174  (0x14808eb0)  [00|00|  175]
                 [   0x00000000]
                 [   0x00000000]
                 [   0x00000000]
                 -------------
175  (0x14808ec0)  [00|00|  176]
                 [   0x00000000]
                 [   0x00000000]
                 [   0x00000000]
                 -------------
176  (0x14808ed0)  [00|00|  177]
                 [   0x00000000]
                 [   0x00000000]
                 [   0x00000000]
                 -------------
177  (0x14808ee0)  [00|00|  178]
                 [   0x00000000]
                 [   0x00000000]
                 [   0x00000000]
                 -------------
178  (0x14808ef0)  [00|00|  179]
                 [   0x00000000]
                 [   0x00000000]
                 [   0x00000000]
                 -------------
179  (0x14808f00)  [00|00|  180]
                 [   0x00000000]
                 [   0x00000000]
                 [   0x00000000]
                 -------------
180  (0x14808f10)  [00|00|  181]
                 [   0x00000000]
                 [   0x00000000]
                 [   0x00000000]
                 -------------
181  (0x14808f20)  [00|00|  182]
                 [   0x00000000]
                 [   0x00000000]
                 [   0x00000000]
                 -------------
182  (0x14808f30)  [00|00|  183]
                 [   0x00000000]
                 [   0x00000000]
                 [   0x00000000]
                 -------------
183  (0x14808f40)  [00|00|  184]
                 [   0x00000000]
                 [   0x00000000]
                 [   0x00000000]
                 -------------
184  (0x14808f50)  [00|00|  185]
                 [   0x00000000]
                 [   0x00000000]
                 [   0x00000000]
                 -------------
185  (0x14808f60)  [00|00|  186]
                 [   0x00000000]
                 [   0x00000000]
                 [   0x00000000]
                 -------------
186  (0x14808f70)  [00|00|  187]
                 [   0x00000000]
                 [   0x00000000]
                 [   0x00000000]
                 -------------
187  (0x14808f80)  [00|00|  188]
                 [   0x00000000]
                 [   0x00000000]
                 [   0x00000000]
                 -------------
188  (0x14808f90)  [00|00|  189]
                 [   0x00000000]
                 [   0x00000000]
                 [   0x00000000]
                 -------------
189  (0x14808fa0)  [00|00|  190]
                 [   0x00000000]
                 [   0x00000000]
                 [   0x00000000]
                 -------------
190  (0x14808fb0)  [00|00|  191]
                 [   0x00000000]
                 [   0x00000000]
                 [   0x00000000]
                 -------------
191  (0x14808fc0)  [00|00|  192]
                 [   0x00000000]
                 [   0x00000000]
                 [   0x00000000]
                 -------------
192  (0x14808fd0)  [00|00|  193]
                 [   0x00000000]
                 [   0x00000000]
                 [   0x00000000]
                 -------------
193  (0x14808fe0)  [00|00|  194]
                 [   0x00000000]
                 [   0x00000000]
                 [   0x00000000]
                 -------------
194  (0x14808ff0)  [00|00|  195]
                 [   0x00000000]
                 [   0x00000000]
                 [   0x00000000]
                 -------------
195  (0x14809000)  [00|00|  196]
                 [   0x00000000]
                 [   0x00000000]
                 [   0x00000000]
                 -------------
196  (0x14809010)  [00|00|  197]
                 [   0x00000000]
                 [   0x00000000]
                 [   0x00000000]
                 -------------
197  (0x14809020)  [00|00|  198]
                 [   0x00000000]
                 [   0x00000000]
                 [   0x00000000]
                 -------------
198  (0x14809030)  [00|00|  199]
                 [   0x00000000]
                 [   0x00000000]
                 [   0x00000000]
                 -------------
199  (0x14809040)  [00|00|  200]
                 [   0x00000000]
                 [   0x00000000]
                 [   0x00000000]
                 -------------
200  (0x14809050)  [00|00|  201]
                 [   0x00000000]
                 [   0x00000000]
                 [   0x00000000]
                 -------------
201  (0x14809060)  [00|00|  202]
                 [   0x00000000]
                 [   0x00000000]
                 [   0x00000000]
                 -------------
202  (0x14809070)  [00|00|  203]
                 [   0x00000000]
                 [   0x00000000]
                 [   0x00000000]
                 -------------
203  (0x14809080)  [00|00|  204]
                 [   0x00000000]
                 [   0x00000000]
                 [   0x00000000]
                 -------------
204  (0x14809090)  [00|00|  205]
                 [   0x00000000]
                 [   0x00000000]
                 [   0x00000000]
                 -------------
205  (0x148090a0)  [00|b7|  206]
                 [   0x14806b30]
                 [   0x00000000]
                 [   0x30000003]
                 -------------
206  (0x148090b0)  [00|00|  207]
                 [   0x00000000]
                 [   0x00000000]
                 [   0x00000000]
                 -------------
207  (0x148090c0)  [00|00|  208]
                 [   0x00000000]
                 [   0x00000000]
                 [   0x00000000]
                 -------------
208  (0x148090d0)  [00|00|  209]
                 [   0x00000000]
                 [   0x00000000]
                 [   0x00000000]
                 -------------
209  (0x148090e0)  [00|00|  210]
                 [   0x00000000]
                 [   0x00000000]
                 [   0x00000000]
                 -------------
210  (0x148090f0)  [00|00|  211]
                 [   0x00000000]
                 [   0x00000000]
                 [   0x00000000]
                 -------------
211  (0x14809100)  [00|00|  212]
                 [   0x00000000]
                 [   0x00000000]
                 [   0x00000000]
                 -------------
212  (0x14809110)  [00|00|  213]
                 [   0x00000000]
                 [   0x00000000]
                 [   0x00000000]
                 -------------
213  (0x14809120)  [00|00|  214]
                 [   0x00000000]
                 [   0x00000000]
                 [   0x00000000]
                 -------------
214  (0x14809130)  [00|00|  215]
                 [   0x00000000]
                 [   0x00000000]
                 [   0x00000000]
                 -------------
215  (0x14809140)  [00|00|  216]
                 [   0x00000000]
                 [   0x00000000]
                 [   0x00000000]
                 -------------
216  (0x14809150)  [00|00|  217]
                 [   0x00000000]
                 [   0x00000000]
                 [   0x00000000]
                 -------------
217  (0x14809160)  [00|00|  218]
                 [   0x00000000]
                 [   0x00000000]
                 [   0x00000000]
                 -------------
218  (0x14809170)  [00|00|  219]
                 [   0x00000000]
                 [   0x00000000]
                 [   0x00000000]
                 -------------
219  (0x14809180)  [00|00|  220]
                 [   0x00000000]
                 [   0x00000000]
                 [   0x00000000]
                 -------------
220  (0x14809190)  [00|00|  221]
                 [   0x00000000]
                 [   0x00000000]
                 [   0x00000000]
                 -------------
221  (0x148091a0)  [00|00|  222]
                 [   0x00000000]
                 [   0x00000000]
                 [   0x00000000]
                 -------------
222  (0x148091b0)  [00|00|  223]
                 [   0x00000000]
                 [   0x00000000]
                 [   0x00000000]
                 -------------
223  (0x148091c0)  [00|b7|  224]
                 [   0x14611338]
                 [   0x00000000]
                 [   0x80000001]
                 -------------
224  (0x148091d0)  [b3|b2|  225]
                 [   0x09b70200]
                 [   0x00000070]
                 [   0x74000000]
                 -------------
225  (0x148091e0)  [00|b8|  226]
                 [   0x1467d560]
                 [   0x00000000]
                 [   0x70400002]
                 -------------
226  (0x148091f0)  [00|b9|  227]
                 [   0x1463ab30]
                 [   0x00000001]
                 [   0x70000002]
                 -------------
227  (0x14809200)  [00|b7|  229]
                 [   0x148003e8]
                 [   0x00000000]
                 [   0x80000003]
                 -------------
228  (0x14809210)  [00|b9|  230]
                 [   0x1463ab30]
                 [   0x00000002]
                 [   0x70000003]
                 -------------
229  (0x14809220)  [00|b7|  232]
                 [   0x146bd9a0]
                 [   0x00000000]
                 [   0x80000001]
                 -------------
ESP=0x003fdd84 is pointing into the stack for thread: 0x0258d400
EBP=0x003fdd98 is pointing into the stack for thread: 0x0258d400
ESI=0x14803630 is an oop
{method} 
 - klass: {other class}
EDI=0x0258d400 is a thread


Stack: [0x003b0000,0x00400000],  sp=0x003fdd84,  free space=311k
Native frames: (J=compiled Java code, j=interpreted, Vv=VM code, C=native code)
C  0x1a9f9560
j  bwapi.Game.self_native(J)Lbwapi/Player;+0
j  bwapi.Game.self()Lbwapi/Player;+5
j  Main.onStart()V+16
j  bwapi.AIModule.onStart()V+11
v  ~StubRoutines::call_stub
V  [jvm.dll+0x13f25a]
V  [jvm.dll+0x202c1e]
V  [jvm.dll+0x13f2dd]
V  [jvm.dll+0xc9b22]
V  [jvm.dll+0xcd773]
C  [bwapi_bridge2_4.dll+0x40e6d]
C  [bwapi_bridge2_4.dll+0x699a1]
j  bwapi.Mirror.startGame()V+0
j  Main.run()V+15
j  Main.main([Ljava/lang/String;)V+7
v  ~StubRoutines::call_stub
V  [jvm.dll+0x13f25a]
V  [jvm.dll+0x202c1e]
V  [jvm.dll+0x13f2dd]
V  [jvm.dll+0xc98a5]
V  [jvm.dll+0xd4567]
C  [java.exe+0x2063]
C  [java.exe+0xa591]
C  [java.exe+0xa61b]
C  [KERNEL32.DLL+0x138f4]
C  [ntdll.dll+0x65de3]
C  [ntdll.dll+0x65dae]

Java frames: (J=compiled Java code, j=interpreted, Vv=VM code)
j  bwapi.Game.self_native(J)Lbwapi/Player;+0
j  bwapi.Game.self()Lbwapi/Player;+5
j  Main.onStart()V+16
j  bwapi.AIModule.onStart()V+11
v  ~StubRoutines::call_stub
j  bwapi.Mirror.startGame()V+0
j  Main.run()V+15
j  Main.main([Ljava/lang/String;)V+7
v  ~StubRoutines::call_stub

---------------  P R O C E S S  ---------------

Java Threads: ( => current thread )
  0x186fdc00 JavaThread "Service Thread" daemon [_thread_blocked, id=9556, stack(0x18950000,0x189a0000)]
  0x18703000 JavaThread "C1 CompilerThread0" daemon [_thread_blocked, id=1740, stack(0x188c0000,0x18910000)]
  0x186edc00 JavaThread "JDWP Command Reader" daemon [_thread_in_native, id=10072, stack(0x02520000,0x02570000)]
  0x186ea800 JavaThread "JDWP Event Helper Thread" daemon [_thread_blocked, id=3920, stack(0x00cc0000,0x00d10000)]
  0x186e2400 JavaThread "JDWP Transport Listener: dt_socket" daemon [_thread_blocked, id=10868, stack(0x00c30000,0x00c80000)]
  0x186db000 JavaThread "Attach Listener" daemon [_thread_blocked, id=7136, stack(0x00ba0000,0x00bf0000)]
  0x186d8c00 JavaThread "Signal Dispatcher" daemon [_thread_blocked, id=12056, stack(0x00b10000,0x00b60000)]
  0x0251b000 JavaThread "Finalizer" daemon [_thread_blocked, id=4652, stack(0x00a80000,0x00ad0000)]
  0x02515000 JavaThread "Reference Handler" daemon [_thread_blocked, id=10528, stack(0x009f0000,0x00a40000)]
=>0x0258d400 JavaThread "main" [_thread_in_native, id=10696, stack(0x003b0000,0x00400000)]

Other Threads:
  0x02512800 VMThread [stack: 0x00960000,0x009b0000] [id=7692]
  0x18701400 WatcherThread [stack: 0x189e0000,0x18a30000] [id=4464]

VM state:not at safepoint (normal execution)

VM Mutex/Monitor currently owned by a thread: None

Heap
 def new generation   total 4928K, used 267K [0x04610000, 0x04b60000, 0x09b60000)
  eden space 4416K,   5% used [0x04610000, 0x04651d78, 0x04a60000)
  from space 512K,   0% used [0x04ae0000, 0x04ae0fd8, 0x04b60000)
  to   space 512K,   0% used [0x04a60000, 0x04a60000, 0x04ae0000)
 tenured generation   total 10944K, used 417K [0x09b60000, 0x0a610000, 0x14610000)
   the space 10944K,   3% used [0x09b60000, 0x09bc8590, 0x09bc8600, 0x0a610000)
 compacting perm gen  total 12288K, used 2249K [0x14610000, 0x15210000, 0x18610000)
   the space 12288K,  18% used [0x14610000, 0x14842758, 0x14842800, 0x15210000)
No shared spaces configured.

Card table byte_map: [0x18610000,0x186c0000] byte_map_base: 0x185ecf80

Polling page: 0x00df0000

Code Cache  [0x02590000, 0x02658000, 0x04590000)
 total_blobs=291 nmethods=161 adapters=75 free_code_cache=31996Kb largest_free_block=32763968

Compilation events (10 events):
Event: 41.210 Thread 0x18703000  157             java.util.AbstractList::listIterator (6 bytes)
Event: 41.210 Thread 0x18703000 nmethod 157 0x02650108 code [0x02650210, 0x026502ac]
Event: 41.210 Thread 0x18703000  158             java.util.LinkedList::listIterator (15 bytes)
Event: 41.210 Thread 0x18703000 nmethod 158 0x02650308 code [0x02650430, 0x026505e4]
Event: 41.210 Thread 0x18703000  159             java.util.LinkedList$ListItr::<init> (52 bytes)
Event: 41.211 Thread 0x18703000 nmethod 159 0x02650748 code [0x02650850, 0x0265094c]
Event: 41.411 Thread 0x18703000  160  s          java.util.Vector::size (5 bytes)
Event: 41.411 Thread 0x18703000 nmethod 160 0x02650a08 code [0x02650b00, 0x02650cc0]
Event: 44.708 Thread 0x18703000  161             unit.pack.WorkerCoordinator::getInstance (20 bytes)
Event: 44.708 Thread 0x18703000 nmethod 161 0x02650d48 code [0x02650e50, 0x02650f4c]

GC Heap History (6 events):
Event: 24.568 GC heap before
{Heap before GC invocations=0 (full 0):
 def new generation   total 4928K, used 4416K [0x04610000, 0x04b60000, 0x09b60000)
  eden space 4416K, 100% used [0x04610000, 0x04a60000, 0x04a60000)
  from space 512K,   0% used [0x04a60000, 0x04a60000, 0x04ae0000)
  to   space 512K,   0% used [0x04ae0000, 0x04ae0000, 0x04b60000)
 tenured generation   total 10944K, used 0K [0x09b60000, 0x0a610000, 0x14610000)
   the space 10944K,   0% used [0x09b60000, 0x09b60000, 0x09b60200, 0x0a610000)
 compacting perm gen  total 12288K, used 2226K [0x14610000, 0x15210000, 0x18610000)
   the space 12288K,  18% used [0x14610000, 0x1483cb10, 0x1483cc00, 0x15210000)
No shared spaces configured.
Event: 24.570 GC heap after
Heap after GC invocations=1 (full 0):
 def new generation   total 4928K, used 512K [0x04610000, 0x04b60000, 0x09b60000)
  eden space 4416K,   0% used [0x04610000, 0x04610000, 0x04a60000)
  from space 512K, 100% used [0x04ae0000, 0x04b60000, 0x04b60000)
  to   space 512K,   0% used [0x04a60000, 0x04a60000, 0x04ae0000)
 tenured generation   total 10944K, used 42K [0x09b60000, 0x0a610000, 0x14610000)
   the space 10944K,   0% used [0x09b60000, 0x09b6a940, 0x09b6aa00, 0x0a610000)
 compacting perm gen  total 12288K, used 2226K [0x14610000, 0x15210000, 0x18610000)
   the space 12288K,  18% used [0x14610000, 0x1483cb10, 0x1483cc00, 0x15210000)
No shared spaces configured.
}
Event: 34.255 GC heap before
{Heap before GC invocations=1 (full 0):
 def new generation   total 4928K, used 4928K [0x04610000, 0x04b60000, 0x09b60000)
  eden space 4416K, 100% used [0x04610000, 0x04a60000, 0x04a60000)
  from space 512K, 100% used [0x04ae0000, 0x04b60000, 0x04b60000)
  to   space 512K,   0% used [0x04a60000, 0x04a60000, 0x04ae0000)
 tenured generation   total 10944K, used 42K [0x09b60000, 0x0a610000, 0x14610000)
   the space 10944K,   0% used [0x09b60000, 0x09b6a940, 0x09b6aa00, 0x0a610000)
 compacting perm gen  total 12288K, used 2249K [0x14610000, 0x15210000, 0x18610000)
   the space 12288K,  18% used [0x14610000, 0x14842758, 0x14842800, 0x15210000)
No shared spaces configured.
Event: 34.257 GC heap after
Heap after GC invocations=2 (full 0):
 def new generation   total 4928K, used 4K [0x04610000, 0x04b60000, 0x09b60000)
  eden space 4416K,   0% used [0x04610000, 0x04610000, 0x04a60000)
  from space 512K,   0% used [0x04a60000, 0x04a613b0, 0x04ae0000)
  to   space 512K,   0% used [0x04ae0000, 0x04ae0000, 0x04b60000)
 tenured generation   total 10944K, used 417K [0x09b60000, 0x0a610000, 0x14610000)
   the space 10944K,   3% used [0x09b60000, 0x09bc8590, 0x09bc8600, 0x0a610000)
 compacting perm gen  total 12288K, used 2249K [0x14610000, 0x15210000, 0x18610000)
   the space 12288K,  18% used [0x14610000, 0x14842758, 0x14842800, 0x15210000)
No shared spaces configured.
}
Event: 44.365 GC heap before
{Heap before GC invocations=2 (full 0):
 def new generation   total 4928K, used 4420K [0x04610000, 0x04b60000, 0x09b60000)
  eden space 4416K, 100% used [0x04610000, 0x04a60000, 0x04a60000)
  from space 512K,   0% used [0x04a60000, 0x04a613b0, 0x04ae0000)
  to   space 512K,   0% used [0x04ae0000, 0x04ae0000, 0x04b60000)
 tenured generation   total 10944K, used 417K [0x09b60000, 0x0a610000, 0x14610000)
   the space 10944K,   3% used [0x09b60000, 0x09bc8590, 0x09bc8600, 0x0a610000)
 compacting perm gen  total 12288K, used 2249K [0x14610000, 0x15210000, 0x18610000)
   the space 12288K,  18% used [0x14610000, 0x14842758, 0x14842800, 0x15210000)
No shared spaces configured.
Event: 44.366 GC heap after
Heap after GC invocations=3 (full 0):
 def new generation   total 4928K, used 3K [0x04610000, 0x04b60000, 0x09b60000)
  eden space 4416K,   0% used [0x04610000, 0x04610000, 0x04a60000)
  from space 512K,   0% used [0x04ae0000, 0x04ae0fd8, 0x04b60000)
  to   space 512K,   0% used [0x04a60000, 0x04a60000, 0x04ae0000)
 tenured generation   total 10944K, used 417K [0x09b60000, 0x0a610000, 0x14610000)
   the space 10944K,   3% used [0x09b60000, 0x09bc8590, 0x09bc8600, 0x0a610000)
 compacting perm gen  total 12288K, used 2249K [0x14610000, 0x15210000, 0x18610000)
   the space 12288K,  18% used [0x14610000, 0x14842758, 0x14842800, 0x15210000)
No shared spaces configured.
}

Deoptimization events (0 events):
No events

Internal exceptions (10 events):
Event: 10.175 Thread 0x0258d400 Threw 0x047bae80 at C:\re\jdk7u55\869\hotspot\src\share\vm\prims\jvm.cpp:1244
Event: 10.176 Thread 0x0258d400 Threw 0x047bcc58 at C:\re\jdk7u55\869\hotspot\src\share\vm\prims\jvm.cpp:1244
Event: 10.177 Thread 0x0258d400 Threw 0x047c2658 at C:\re\jdk7u55\869\hotspot\src\share\vm\prims\jvm.cpp:1244
Event: 10.177 Thread 0x0258d400 Threw 0x047c4340 at C:\re\jdk7u55\869\hotspot\src\share\vm\prims\jvm.cpp:1244
Event: 10.178 Thread 0x0258d400 Threw 0x047c5c18 at C:\re\jdk7u55\869\hotspot\src\share\vm\prims\jvm.cpp:1244
Event: 10.343 Thread 0x0258d400 Threw 0x047ca4c8 at C:\re\jdk7u55\869\hotspot\src\share\vm\prims\jvm.cpp:1244
Event: 26.070 Thread 0x0258d400 Threw 0x046d64f8 at C:\re\jdk7u55\869\hotspot\src\share\vm\prims\jvm.cpp:1244
Event: 26.070 Thread 0x0258d400 Threw 0x046d7d90 at C:\re\jdk7u55\869\hotspot\src\share\vm\prims\jvm.cpp:1244
Event: 26.116 Thread 0x0258d400 Threw 0x046dd790 at C:\re\jdk7u55\869\hotspot\src\share\vm\prims\jvm.cpp:1244
Event: 26.117 Thread 0x0258d400 Threw 0x046e0020 at C:\re\jdk7u55\869\hotspot\src\share\vm\prims\jvm.cpp:1244

Events (10 events):
Event: 273.419 Executing VM operation: GetOrSetLocal
Event: 273.419 Executing VM operation: GetOrSetLocal done
Event: 274.805 Executing VM operation: ChangeBreakpoints
Event: 274.805 Executing VM operation: ChangeBreakpoints done
Event: 274.807 Executing VM operation: ChangeBreakpoints
Event: 274.807 Executing VM operation: ChangeBreakpoints done
Event: 274.807 Executing VM operation: ChangeBreakpoints
Event: 274.807 Executing VM operation: ChangeBreakpoints done
Event: 274.809 Executing VM operation: ChangeBreakpoints
Event: 274.809 Executing VM operation: ChangeBreakpoints done


Dynamic libraries:
0x00240000 - 0x0026f000 	C:\Program Files (x86)\Java\jdk1.7.0_55\bin\java.exe
0x774c0000 - 0x7763b000 	C:\WINDOWS\SYSTEM32\ntdll.dll
0x747b0000 - 0x74890000 	C:\WINDOWS\SYSTEM32\KERNEL32.DLL
0x77340000 - 0x774be000 	C:\WINDOWS\SYSTEM32\KERNELBASE.dll
0x6f280000 - 0x6f2ad000 	C:\Program Files (x86)\AVG\Av\avghookx.dll
0x6ef80000 - 0x6f012000 	C:\WINDOWS\system32\apphelp.dll
0x74f90000 - 0x7500b000 	C:\WINDOWS\SYSTEM32\ADVAPI32.dll
0x74ed0000 - 0x74f8e000 	C:\WINDOWS\SYSTEM32\msvcrt.dll
0x74a00000 - 0x74a44000 	C:\WINDOWS\SYSTEM32\sechost.dll
0x76540000 - 0x765ed000 	C:\WINDOWS\SYSTEM32\RPCRT4.dll
0x741f0000 - 0x7420e000 	C:\WINDOWS\SYSTEM32\SspiCli.dll
0x741e0000 - 0x741ea000 	C:\WINDOWS\SYSTEM32\CRYPTBASE.dll
0x74e00000 - 0x74e58000 	C:\WINDOWS\SYSTEM32\bcryptPrimitives.dll
0x76890000 - 0x769d7000 	C:\WINDOWS\SYSTEM32\USER32.dll
0x74bb0000 - 0x74cff000 	C:\WINDOWS\SYSTEM32\GDI32.dll
0x707c0000 - 0x709cf000 	C:\WINDOWS\WinSxS\x86_microsoft.windows.common-controls_6595b64144ccf1df_6.0.10586.0_none_d3c2e4e965da4528\COMCTL32.dll
0x76a80000 - 0x76c3d000 	C:\WINDOWS\SYSTEM32\combase.dll
0x76e10000 - 0x76e3b000 	C:\WINDOWS\SYSTEM32\IMM32.DLL
0x59140000 - 0x591ff000 	C:\Program Files (x86)\Java\jdk1.7.0_55\jre\bin\msvcr100.dll
0x58dc0000 - 0x59140000 	C:\Program Files (x86)\Java\jdk1.7.0_55\jre\bin\client\jvm.dll
0x74d00000 - 0x74d06000 	C:\WINDOWS\SYSTEM32\PSAPI.DLL
0x72820000 - 0x72828000 	C:\WINDOWS\SYSTEM32\WSOCK32.dll
0x74750000 - 0x747af000 	C:\WINDOWS\SYSTEM32\WS2_32.dll
0x73490000 - 0x734b4000 	C:\WINDOWS\SYSTEM32\WINMM.dll
0x72b10000 - 0x72b33000 	C:\WINDOWS\SYSTEM32\WINMMBASE.dll
0x74d60000 - 0x74d97000 	C:\WINDOWS\SYSTEM32\cfgmgr32.dll
0x5d8d0000 - 0x5d8dc000 	C:\Program Files (x86)\Java\jdk1.7.0_55\jre\bin\verify.dll
0x5d8b0000 - 0x5d8d0000 	C:\Program Files (x86)\Java\jdk1.7.0_55\jre\bin\java.dll
0x5d860000 - 0x5d88a000 	C:\Program Files (x86)\Java\jdk1.7.0_55\jre\bin\jdwp.dll
0x5d850000 - 0x5d857000 	C:\Program Files (x86)\Java\jdk1.7.0_55\jre\bin\npt.dll
0x5d890000 - 0x5d8a3000 	C:\Program Files (x86)\Java\jdk1.7.0_55\jre\bin\zip.dll
0x5c900000 - 0x5c908000 	C:\Program Files (x86)\Java\jdk1.7.0_55\jre\bin\dt_socket.dll
0x73720000 - 0x7376f000 	C:\WINDOWS\system32\mswsock.dll
0x58b50000 - 0x58db9000 	E:\Year 3 Ubb\Licenta\KBot\bwapi_bridge2_4.dll
0x63150000 - 0x631c1000 	C:\WINDOWS\SYSTEM32\MSVCP120.dll
0x631d0000 - 0x632be000 	C:\WINDOWS\SYSTEM32\MSVCR120.dll
0x6acc0000 - 0x6ad27000 	E:\Year 3 Ubb\Licenta\KBot\libgmp-10.dll
0x6f540000 - 0x6f59e000 	E:\Year 3 Ubb\Licenta\KBot\libmpfr-4.dll
0x72b40000 - 0x72c7f000 	C:\WINDOWS\SYSTEM32\dbghelp.dll

VM Arguments:
jvm_args: -agentlib:jdwp=transport=dt_socket,address=127.0.0.1:51323,suspend=y,server=n -Dfile.encoding=UTF-8 
java_command: Main
Launcher Type: SUN_STANDARD

Environment Variables:
JAVA_HOME=C:\Program Files\Java\jdk1.8.0_65
PATH=M2;JAVA;C:\OCaml\bin;C:\Program Files (x86)\Java\jdk1.7.0_55\bin;C:\ProgramData\Oracle\Java\javapath;C:\Program Files (x86)\Microsoft DirectX SDK (August 2006)\Utilities\Bin\x86;C:\WINDOWS\system32;C:\WINDOWS;C:\WINDOWS\System32\Wbem;C:\WINDOWS\System32\WindowsPowerShell\v1.0\;C:\Program Files\nodejs\;C:\python27;C:\WINDOWS\system32\config\systemprofile\.dnx\bin;C:\Program Files\Microsoft DNX\Dnvm\;C:\Program Files\Microsoft SQL Server\120\Tools\Binn\;C:\Program Files (x86)\Windows Kits\10\Windows Performance Toolkit\;C:\Program Files (x86)\Microsoft Emulator Manager\1.0\;C:\Program Files (x86)\Git\bin;C:\Program Files (x86)\Git\cmd;C:\Program Files (x86)\Skype\Phone\;C:\Program Files\Java\jdk1.8.0_65;C:\maven\bin;C:\WINDOWS\system32;C:\WINDOWS;C:\WINDOWS\System32\Wbem;C:\WINDOWS\System32\WindowsPowerShell\v1.0\;C:\Program Files (x86)\Skype\Phone\;C:\Program Files\nodejs\;C:\python27;C:\Users\Alex\.dnx\bin;C:\Program Files\Microsoft DNX\Dnvm\;C:\Program Files\Microsoft SQL Server\120\Tools\Binn\;C:\Program Files (x86)\Windows Kits\10\Windows Performance Toolkit\;C:\Program Files (x86)\Microsoft Emulator Manager\1.0\;C:\Program Files (x86)\Git\bin;C:\Program Files (x86)\Git\cmd;C:\Users\Alex\AppData\Roaming\npm;C:\Python27\Scripts
USERNAME=Alex
OS=Windows_NT
PROCESSOR_IDENTIFIER=Intel64 Family 6 Model 58 Stepping 9, GenuineIntel



---------------  S Y S T E M  ---------------

OS: Windows 8.1 , 64 bit Build 9600 

CPU:total 8 (4 cores per cpu, 2 threads per core) family 6 model 58 stepping 9, cmov, cx8, fxsr, mmx, sse, sse2, sse3, ssse3, sse4.1, sse4.2, popcnt, avx, aes, erms, ht, tsc, tscinvbit, tscinv

Memory: 4k page, physical 16729436k(11623388k free), swap 19219804k(13541568k free)

vm_info: Java HotSpot(TM) Client VM (24.55-b03) for windows-x86 JRE (1.7.0_55-b13), built on Mar 17 2014 20:01:11 by "java_re" with unknown MS VC++:1600

time: Sun May 29 15:41:49 2016
elapsed time: 283 seconds

