#
# A fatal error has been detected by the Java Runtime Environment:
#
#  EXCEPTION_ACCESS_VIOLATION (0xc0000005) at pc=0x56103a1b, pid=7516, tid=7064
#
# JRE version: Java(TM) SE Runtime Environment (7.0_55-b13) (build 1.7.0_55-b13)
# Java VM: Java HotSpot(TM) Client VM (24.55-b03 mixed mode, sharing windows-x86 )
# Problematic frame:
# V  [jvm.dll+0xc3a1b]
#
# Failed to write core dump. Minidumps are not enabled by default on client versions of Windows
#
# If you would like to submit a bug report, please visit:
#   http://bugreport.sun.com/bugreport/crash.jsp
#

---------------  T H R E A D  ---------------

Current thread (0x023dc400):  JavaThread "main" [_thread_in_vm, id=7064, stack(0x008a0000,0x008f0000)]

siginfo: ExceptionCode=0xc0000005, reading address 0x00000000

Registers:
EAX=0x00000000, EBX=0x347eb850, ECX=0x00000000, EDX=0x00000007
ESP=0x008edd34, EBP=0x008edd50, ESI=0x023dc530, EDI=0x023dc400
EIP=0x56103a1b, EFLAGS=0x00010246

Top of Stack: (sp=0x008edd34)
0x008edd34:   023dc530 347eb850 347eb850 023dc400
0x008edd44:   00000000 023dc400 347eb850 008edd98
0x008edd54:   5a5f7c17 023dc530 00000000 6e696f70
0x008edd64:   00726574 347eb850 5a5f7be7 00000007
0x008edd74:   0000000f 0000004a 00000000 008edd98
0x008edd84:   5a5f7c43 00000001 0000000f 023dc400
0x008edd94:   023dc530 008edddc 0246a9dd 023dc530
0x008edda4:   008eddf8 06d45480 023dc400 00000000 

Instructions: (pc=0x56103a1b)
0x561039fb:   f3 ff 83 c4 08 83 7f 04 00 89 7d f0 c7 45 f4 00
0x56103a0b:   00 00 00 74 08 8d 4d f0 e8 98 84 0c 00 8b 45 0c
0x56103a1b:   8b 08 8b 51 04 8b 42 40 50 56 e8 e6 c8 07 00 83
0x56103a2b:   c4 08 83 7d f4 00 89 45 08 74 08 8d 4d f0 e8 b2 


Register to memory mapping:

EAX=0x00000000 is an unknown value
EBX=0x347eb850 is an oop
{method} 
 - klass: {other class}
ECX=0x00000000 is an unknown value
EDX=0x00000007 is an unknown value
ESP=0x008edd34 is pointing into the stack for thread: 0x023dc400
EBP=0x008edd50 is pointing into the stack for thread: 0x023dc400
ESI=0x023dc530 is an unknown value
EDI=0x023dc400 is a thread


Stack: [0x008a0000,0x008f0000],  sp=0x008edd34,  free space=311k
Native frames: (J=compiled Java code, j=interpreted, Vv=VM code, C=native code)
V  [jvm.dll+0xc3a1b]
C  [bwapi_bridge2_4.dll+0x87c17]
j  bwapi.Unit.getDistance_native(JLbwapi/Unit;)I+0
j  bwapi.Unit.getDistance(Lbwapi/Unit;)I+6
j  ListUtils.ListUtils.getClosestUnit(Ljava/util/List;Lbwapi/Unit;Lbwapi/UnitType;)Lbwapi/Unit;+51
j  unit.pack.Worker.sendToGatherMinerals(Lbwapi/Unit;)V+13
j  unit.pack.Worker.runWorkers()V+47
j  Main.onFrame()V+137
j  bwapi.AIModule.onFrame()V+11
v  ~StubRoutines::call_stub
V  [jvm.dll+0x13f25a]
V  [jvm.dll+0x202c1e]
V  [jvm.dll+0x13f2dd]
V  [jvm.dll+0xc9b22]
V  [jvm.dll+0xcd773]
C  [bwapi_bridge2_4.dll+0x40e6d]
C  [bwapi_bridge2_4.dll+0x699d0]
j  bwapi.Mirror.startGame()V+0
j  Main.run()V+15
j  Main.main([Ljava/lang/String;)V+7
v  ~StubRoutines::call_stub
V  [jvm.dll+0x13f25a]
V  [jvm.dll+0x202c1e]
V  [jvm.dll+0x13f2dd]
V  [jvm.dll+0xc98a5]
V  [jvm.dll+0xd4567]
C  [javaw.exe+0x2070]
C  [javaw.exe+0xa5b1]
C  [javaw.exe+0xa63b]
C  [KERNEL32.DLL+0x138f4]
C  [ntdll.dll+0x65de3]
C  [ntdll.dll+0x65dae]

Java frames: (J=compiled Java code, j=interpreted, Vv=VM code)
j  bwapi.Unit.getDistance_native(JLbwapi/Unit;)I+0
j  bwapi.Unit.getDistance(Lbwapi/Unit;)I+6
j  ListUtils.ListUtils.getClosestUnit(Ljava/util/List;Lbwapi/Unit;Lbwapi/UnitType;)Lbwapi/Unit;+51
j  unit.pack.Worker.sendToGatherMinerals(Lbwapi/Unit;)V+13
j  unit.pack.Worker.runWorkers()V+47
j  Main.onFrame()V+137
j  bwapi.AIModule.onFrame()V+11
v  ~StubRoutines::call_stub
j  bwapi.Mirror.startGame()V+0
j  Main.run()V+15
j  Main.main([Ljava/lang/String;)V+7
v  ~StubRoutines::call_stub

---------------  P R O C E S S  ---------------

Java Threads: ( => current thread )
  0x00dfa000 JavaThread "Service Thread" daemon [_thread_blocked, id=11692, stack(0x045f0000,0x04640000)]
  0x00df2800 JavaThread "C1 CompilerThread0" daemon [_thread_blocked, id=436, stack(0x04560000,0x045b0000)]
  0x00df1800 JavaThread "Attach Listener" daemon [_thread_blocked, id=11908, stack(0x044d0000,0x04520000)]
  0x00def400 JavaThread "Signal Dispatcher" daemon [_thread_blocked, id=3032, stack(0x00ae0000,0x00b30000)]
  0x00d81000 JavaThread "Finalizer" daemon [_thread_blocked, id=8020, stack(0x00a50000,0x00aa0000)]
  0x00d7f400 JavaThread "Reference Handler" daemon [_thread_blocked, id=11164, stack(0x009c0000,0x00a10000)]
=>0x023dc400 JavaThread "main" [_thread_in_vm, id=7064, stack(0x008a0000,0x008f0000)]

Other Threads:
  0x00d7e000 VMThread [stack: 0x00930000,0x00980000] [id=11792]
  0x00e0a400 WatcherThread [stack: 0x04680000,0x046d0000] [id=9492]

VM state:not at safepoint (normal execution)

VM Mutex/Monitor currently owned by a thread: None

Heap
 def new generation   total 4928K, used 1287K [0x247b0000, 0x24d00000, 0x29d00000)
  eden space 4416K,  29% used [0x247b0000, 0x248f1c40, 0x24c00000)
  from space 512K,   0% used [0x24c00000, 0x24c00000, 0x24c80000)
  to   space 512K,   0% used [0x24c80000, 0x24c80000, 0x24d00000)
 tenured generation   total 10944K, used 0K [0x29d00000, 0x2a7b0000, 0x347b0000)
   the space 10944K,   0% used [0x29d00000, 0x29d00000, 0x29d00200, 0x2a7b0000)
 compacting perm gen  total 12288K, used 557K [0x347b0000, 0x353b0000, 0x387b0000)
   the space 12288K,   4% used [0x347b0000, 0x3483b760, 0x3483b800, 0x353b0000)
    ro space 10240K,  44% used [0x387b0000, 0x38c28300, 0x38c28400, 0x391b0000)
    rw space 12288K,  52% used [0x391b0000, 0x397ff100, 0x397ff200, 0x39db0000)

Card table byte_map: [0x02300000,0x023b0000] byte_map_base: 0x021dc280

Polling page: 0x00bc0000

Code Cache  [0x02460000, 0x02500000, 0x04460000)
 total_blobs=167 nmethods=30 adapters=74 free_code_cache=32148Kb largest_free_block=32919872

Compilation events (10 events):
Event: 3.978 Thread 0x00df2800   26             java.lang.Long::valueOf (36 bytes)
Event: 3.979 Thread 0x00df2800 nmethod 26 0x024f7d08 code [0x024f7e10, 0x024f7f90]
Event: 3.979 Thread 0x00df2800   27             java.lang.Long::<init> (10 bytes)
Event: 3.979 Thread 0x00df2800 nmethod 27 0x024f80c8 code [0x024f81c0, 0x024f8250]
Event: 3.980 Thread 0x00df2800   28             sun.nio.cs.SingleByte$Encoder::encodeArrayLoop (236 bytes)
Event: 3.981 Thread 0x00df2800 nmethod 28 0x024f8288 code [0x024f85a0, 0x024f919c]
Event: 3.981 Thread 0x00df2800   29             sun.nio.cs.SingleByte$Encoder::encode (32 bytes)
Event: 3.981 Thread 0x00df2800 nmethod 29 0x024fa7c8 code [0x024fa8d0, 0x024fa9c0]
Event: 3.984 Thread 0x00df2800   30             java.util.HashMap::getEntry (86 bytes)
Event: 3.984 Thread 0x00df2800 nmethod 30 0x024faac8 code [0x024fabf0, 0x024fad78]

GC Heap History (0 events):
No events

Deoptimization events (0 events):
No events

Internal exceptions (10 events):
Event: 3.496 Thread 0x023dc400 Threw 0x248b2980 at C:\re\jdk7u55\869\hotspot\src\share\vm\prims\jvm.cpp:1244
Event: 3.980 Thread 0x023dc400 Threw 0x248bea98 at C:\re\jdk7u55\869\hotspot\src\share\vm\prims\jvm.cpp:1244
Event: 3.981 Thread 0x023dc400 Threw 0x248c0568 at C:\re\jdk7u55\869\hotspot\src\share\vm\prims\jvm.cpp:1244
Event: 3.982 Thread 0x023dc400 Threw 0x248c4238 at C:\re\jdk7u55\869\hotspot\src\share\vm\prims\jvm.cpp:1244
Event: 3.982 Thread 0x023dc400 Threw 0x248dc090 at C:\re\jdk7u55\869\hotspot\src\share\vm\prims\jvm.cpp:1244
Event: 3.982 Thread 0x023dc400 Threw 0x248dd940 at C:\re\jdk7u55\869\hotspot\src\share\vm\prims\jvm.cpp:1244
Event: 3.983 Thread 0x023dc400 Threw 0x248e0220 at C:\re\jdk7u55\869\hotspot\src\share\vm\prims\jvm.cpp:1244
Event: 3.984 Thread 0x023dc400 Threw 0x248e36d8 at C:\re\jdk7u55\869\hotspot\src\share\vm\prims\jvm.cpp:1244
Event: 3.984 Thread 0x023dc400 Threw 0x248e50a0 at C:\re\jdk7u55\869\hotspot\src\share\vm\prims\jvm.cpp:1244
Event: 4.150 Thread 0x023dc400 Threw 0x248e86f0 at C:\re\jdk7u55\869\hotspot\src\share\vm\prims\jvm.cpp:1244

Events (10 events):
Event: 3.983 loading class 0x00e25bc8
Event: 3.983 loading class 0x00e25bc8 done
Event: 3.984 loading class 0x046ef770
Event: 3.984 loading class 0x046ef770 done
Event: 3.984 loading class 0x046ef3b0
Event: 3.984 loading class 0x046ef3b0 done
Event: 4.045 Executing VM operation: EnableBiasedLocking
Event: 4.045 Executing VM operation: EnableBiasedLocking done
Event: 4.150 loading class 0x00e23300
Event: 4.150 loading class 0x00e23300 done


Dynamic libraries:
0x00d30000 - 0x00d5f000 	C:\Program Files (x86)\Java\jdk1.7.0_55\bin\javaw.exe
0x77c20000 - 0x77d9b000 	C:\WINDOWS\SYSTEM32\ntdll.dll
0x756f0000 - 0x757d0000 	C:\WINDOWS\SYSTEM32\KERNEL32.DLL
0x757e0000 - 0x7595e000 	C:\WINDOWS\SYSTEM32\KERNELBASE.dll
0x6de60000 - 0x6de8d000 	C:\Program Files (x86)\AVG\Av\avghookx.dll
0x75080000 - 0x750fb000 	C:\WINDOWS\SYSTEM32\ADVAPI32.dll
0x75620000 - 0x756de000 	C:\WINDOWS\SYSTEM32\msvcrt.dll
0x74cf0000 - 0x74d34000 	C:\WINDOWS\SYSTEM32\sechost.dll
0x75570000 - 0x7561d000 	C:\WINDOWS\SYSTEM32\RPCRT4.dll
0x74950000 - 0x7496e000 	C:\WINDOWS\SYSTEM32\SspiCli.dll
0x74940000 - 0x7494a000 	C:\WINDOWS\SYSTEM32\CRYPTBASE.dll
0x765f0000 - 0x76648000 	C:\WINDOWS\SYSTEM32\bcryptPrimitives.dll
0x75420000 - 0x75567000 	C:\WINDOWS\SYSTEM32\USER32.dll
0x74d40000 - 0x74e8f000 	C:\WINDOWS\SYSTEM32\GDI32.dll
0x70620000 - 0x7082f000 	C:\WINDOWS\WinSxS\x86_microsoft.windows.common-controls_6595b64144ccf1df_6.0.10586.0_none_d3c2e4e965da4528\COMCTL32.dll
0x74b30000 - 0x74ced000 	C:\WINDOWS\SYSTEM32\combase.dll
0x75b20000 - 0x75b4b000 	C:\WINDOWS\SYSTEM32\IMM32.DLL
0x6e680000 - 0x6e73f000 	C:\Program Files (x86)\Java\jdk1.7.0_55\jre\bin\msvcr100.dll
0x56040000 - 0x563c0000 	C:\Program Files (x86)\Java\jdk1.7.0_55\jre\bin\client\jvm.dll
0x756e0000 - 0x756e6000 	C:\WINDOWS\SYSTEM32\PSAPI.DLL
0x6f0b0000 - 0x6f0b8000 	C:\WINDOWS\SYSTEM32\WSOCK32.dll
0x76690000 - 0x766ef000 	C:\WINDOWS\SYSTEM32\WS2_32.dll
0x73d50000 - 0x73d74000 	C:\WINDOWS\SYSTEM32\WINMM.dll
0x72fb0000 - 0x72fd3000 	C:\WINDOWS\SYSTEM32\WINMMBASE.dll
0x76650000 - 0x76687000 	C:\WINDOWS\SYSTEM32\cfgmgr32.dll
0x708c0000 - 0x708cc000 	C:\Program Files (x86)\Java\jdk1.7.0_55\jre\bin\verify.dll
0x708a0000 - 0x708c0000 	C:\Program Files (x86)\Java\jdk1.7.0_55\jre\bin\java.dll
0x70880000 - 0x70893000 	C:\Program Files (x86)\Java\jdk1.7.0_55\jre\bin\zip.dll
0x5a570000 - 0x5a7d9000 	E:\Year 3 Ubb\Licenta\KBot\bwapi_bridge2_4.dll
0x5dc60000 - 0x5dcd1000 	C:\WINDOWS\SYSTEM32\MSVCP120.dll
0x5dce0000 - 0x5ddce000 	C:\WINDOWS\SYSTEM32\MSVCR120.dll
0x6acc0000 - 0x6ad27000 	E:\Year 3 Ubb\Licenta\KBot\libgmp-10.dll
0x6f540000 - 0x6f59e000 	E:\Year 3 Ubb\Licenta\KBot\libmpfr-4.dll
0x73c10000 - 0x73d4f000 	C:\WINDOWS\SYSTEM32\dbghelp.dll

VM Arguments:
jvm_args: -Dfile.encoding=Cp1252 
java_command: Main
Launcher Type: SUN_STANDARD

Environment Variables:
PATH=C:/Program Files/Java/jdk1.8.0_65/bin/../jre/bin/server;C:/Program Files/Java/jdk1.8.0_65/bin/../jre/bin;C:/Program Files/Java/jdk1.8.0_65/bin/../jre/lib/amd64;C:\OCaml\bin;C:\Program Files (x86)\Java\jdk1.7.0_55\bin;C:\ProgramData\Oracle\Java\javapath;C:\Program Files (x86)\Microsoft DirectX SDK (August 2006)\Utilities\Bin\x86;C:\WINDOWS\system32;C:\WINDOWS;C:\WINDOWS\System32\Wbem;C:\WINDOWS\System32\WindowsPowerShell\v1.0\;C:\Program Files\nodejs\;C:\python27;C:\WINDOWS\system32\config\systemprofile\.dnx\bin;C:\Program Files\Microsoft DNX\Dnvm\;C:\Program Files\Microsoft SQL Server\120\Tools\Binn\;C:\Program Files (x86)\Windows Kits\10\Windows Performance Toolkit\;C:\Program Files (x86)\Microsoft Emulator Manager\1.0\;C:\Program Files (x86)\Git\bin;C:\Program Files (x86)\Git\cmd;C:\Program Files (x86)\Skype\Phone\;C:\Program Files (x86)\GtkSharp\2.12\bin;C:\WINDOWS\system32;C:\WINDOWS;C:\WINDOWS\System32\Wbem;C:\WINDOWS\System32\WindowsPowerShell\v1.0\;C:\Program Files (x86)\Skype\Phone\;C:\Program Files\nodejs\;C:\python27;C:\Users\Alex\.dnx\bin;C:\Program Files\Microsoft DNX\Dnvm\;C:\Program Files\Microsoft SQL Server\120\Tools\Binn\;C:\Program Files (x86)\Windows Kits\10\Windows Performance Toolkit\;C:\Program Files (x86)\Microsoft Emulator Manager\1.0\;C:\Program Files (x86)\Git\bin;C:\Program Files (x86)\Git\cmd;C:\Users\Alex\AppData\Roaming\npm;C:\Python27\Scripts;C:\Users\Alex\Desktop;
USERNAME=Alex
OS=Windows_NT
PROCESSOR_IDENTIFIER=Intel64 Family 6 Model 58 Stepping 9, GenuineIntel



---------------  S Y S T E M  ---------------

OS: Windows 8.1 , 64 bit Build 9600 

CPU:total 8 (4 cores per cpu, 2 threads per core) family 6 model 58 stepping 9, cmov, cx8, fxsr, mmx, sse, sse2, sse3, ssse3, sse4.1, sse4.2, popcnt, avx, aes, erms, ht, tsc, tscinvbit, tscinv

Memory: 4k page, physical 16729436k(12073988k free), swap 19219804k(13181024k free)

vm_info: Java HotSpot(TM) Client VM (24.55-b03) for windows-x86 JRE (1.7.0_55-b13), built on Mar 17 2014 20:01:11 by "java_re" with unknown MS VC++:1600

time: Sun Apr 17 19:17:25 2016
elapsed time: 4 seconds

