#
# A fatal error has been detected by the Java Runtime Environment:
#
#  EXCEPTION_ACCESS_VIOLATION (0xc0000005) at pc=0x576f3a1b, pid=540, tid=4244
#
# JRE version: Java(TM) SE Runtime Environment (7.0_55-b13) (build 1.7.0_55-b13)
# Java VM: Java HotSpot(TM) Client VM (24.55-b03 mixed mode windows-x86 )
# Problematic frame:
# V  [jvm.dll+0xc3a1b]
#
# Failed to write core dump. Minidumps are not enabled by default on client versions of Windows
#
# If you would like to submit a bug report, please visit:
#   http://bugreport.sun.com/bugreport/crash.jsp
#

---------------  T H R E A D  ---------------

Current thread (0x00ffd400):  JavaThread "main" [_thread_in_vm, id=4244, stack(0x005c0000,0x00610000)]

siginfo: ExceptionCode=0xc0000005, reading address 0x00000000

Registers:
EAX=0x00000000, EBX=0x57272c2c, ECX=0x00000000, EDX=0x00000001
ESP=0x0060da9c, EBP=0x0060dab8, ESI=0x00ffd530, EDI=0x00ffd400
EIP=0x576f3a1b, EFLAGS=0x00010246

Top of Stack: (sp=0x0060da9c)
0x0060da9c:   00000000 00ffd530 57272c2c 00ffd400
0x0060daac:   00000000 00ffd400 00ffd530 0060db08
0x0060dabc:   570fe905 00ffd530 00000000 00ff0079
0x0060dacc:   00ffd530 57272c2c 570fe8d7 00000001
0x0060dadc:   0000000f 00ff0049 0060db08 570fe8b3
0x0060daec:   00ffd530 00000001 0000000f 00ffd400
0x0060dafc:   14933360 14933360 00ffd530 0060db54
0x0060db0c:   0277f358 00ffd530 0060db74 1aef3ac8 

Instructions: (pc=0x576f3a1b)
0x576f39fb:   f3 ff 83 c4 08 83 7f 04 00 89 7d f0 c7 45 f4 00
0x576f3a0b:   00 00 00 74 08 8d 4d f0 e8 98 84 0c 00 8b 45 0c
0x576f3a1b:   8b 08 8b 51 04 8b 42 40 50 56 e8 e6 c8 07 00 83
0x576f3a2b:   c4 08 83 7d f4 00 89 45 08 74 08 8d 4d f0 e8 b2 


Register to memory mapping:

EAX=0x00000000 is an unknown value
EBX=0x57272c2c is an unknown value
ECX=0x00000000 is an unknown value
EDX=0x00000001 is an unknown value
ESP=0x0060da9c is pointing into the stack for thread: 0x00ffd400
EBP=0x0060dab8 is pointing into the stack for thread: 0x00ffd400
ESI=0x00ffd530 is an unknown value
EDI=0x00ffd400 is a thread


Stack: [0x005c0000,0x00610000],  sp=0x0060da9c,  free space=310k
Native frames: (J=compiled Java code, j=interpreted, Vv=VM code, C=native code)
V  [jvm.dll+0xc3a1b]
C  [bwapi_bridge2_4.dll+0x7e905]
j  bwapi.Unit.canBuild_native(JLbwapi/UnitType;Lbwapi/TilePosition;)Z+0
j  bwapi.Unit.canBuild(Lbwapi/UnitType;Lbwapi/TilePosition;)Z+7
j  builder.pack.BuildLogicsCoordinator.canBuildAt(Lbwapi/Unit;Lbwapi/TilePosition;Lbwapi/UnitType;)Z+3
j  action.pack.BuildAction.isConditionPassed()Z+31
j  action.pack.BuildAction.executeActions()V+61
j  action.pack.ActionQueue.executeActions()V+60
J  Main.onFrame()V
V  [jvm.dll+0x13f25a]
V  [jvm.dll+0x202c1e]
V  [jvm.dll+0x13f2dd]
V  [jvm.dll+0xc9b22]
V  [jvm.dll+0xcd773]
C  [bwapi_bridge2_4.dll+0x40e6d]
C  [bwapi_bridge2_4.dll+0x699d0]
j  bwapi.Mirror.startGame()V+0
j  Main.run()V+15
j  Main.main([Ljava/lang/String;)V+7
v  ~StubRoutines::call_stub
V  [jvm.dll+0x13f25a]
V  [jvm.dll+0x202c1e]
V  [jvm.dll+0x13f2dd]
V  [jvm.dll+0xc98a5]
V  [jvm.dll+0xd4567]
C  [java.exe+0x2063]
C  [java.exe+0xa591]
C  [java.exe+0xa61b]
C  [KERNEL32.DLL+0x138f4]
C  [ntdll.dll+0x65de3]
C  [ntdll.dll+0x65dae]

Java frames: (J=compiled Java code, j=interpreted, Vv=VM code)
j  bwapi.Unit.canBuild_native(JLbwapi/UnitType;Lbwapi/TilePosition;)Z+0
j  bwapi.Unit.canBuild(Lbwapi/UnitType;Lbwapi/TilePosition;)Z+7
j  builder.pack.BuildLogicsCoordinator.canBuildAt(Lbwapi/Unit;Lbwapi/TilePosition;Lbwapi/UnitType;)Z+3
j  action.pack.BuildAction.isConditionPassed()Z+31
j  action.pack.BuildAction.executeActions()V+61
j  action.pack.ActionQueue.executeActions()V+60
J  Main.onFrame()V
J  bwapi.AIModule.onFrame()V
v  ~StubRoutines::call_stub
j  bwapi.Mirror.startGame()V+0
j  Main.run()V+15
j  Main.main([Ljava/lang/String;)V+7
v  ~StubRoutines::call_stub

---------------  P R O C E S S  ---------------

Java Threads: ( => current thread )
  0x0103e000 JavaThread "Service Thread" daemon [_thread_blocked, id=4400, stack(0x189b0000,0x18a00000)]
  0x01037800 JavaThread "C1 CompilerThread0" daemon [_thread_blocked, id=5296, stack(0x18920000,0x18970000)]
  0x0102d800 JavaThread "JDWP Command Reader" daemon [_thread_in_native, id=11444, stack(0x18890000,0x188e0000)]
  0x0102a400 JavaThread "JDWP Event Helper Thread" daemon [_thread_blocked, id=2472, stack(0x18800000,0x18850000)]
  0x01022400 JavaThread "JDWP Transport Listener: dt_socket" daemon [_thread_blocked, id=12144, stack(0x18770000,0x187c0000)]
  0x0101b000 JavaThread "Attach Listener" daemon [_thread_blocked, id=9212, stack(0x01290000,0x012e0000)]
  0x01018c00 JavaThread "Signal Dispatcher" daemon [_thread_blocked, id=9584, stack(0x01200000,0x01250000)]
  0x0096b000 JavaThread "Finalizer" daemon [_thread_blocked, id=10352, stack(0x00f30000,0x00f80000)]
  0x00965000 JavaThread "Reference Handler" daemon [_thread_blocked, id=11588, stack(0x00ea0000,0x00ef0000)]
=>0x00ffd400 JavaThread "main" [_thread_in_vm, id=4244, stack(0x005c0000,0x00610000)]

Other Threads:
  0x00962800 VMThread [stack: 0x00610000,0x00660000] [id=11660]
  0x01038000 WatcherThread [stack: 0x18a40000,0x18a90000] [id=11348]

VM state:not at safepoint (normal execution)

VM Mutex/Monitor currently owned by a thread: None

Heap
 def new generation   total 4928K, used 2461K [0x04770000, 0x04cc0000, 0x09cc0000)
  eden space 4416K,  55% used [0x04770000, 0x049d7510, 0x04bc0000)
  from space 512K,   0% used [0x04bc0000, 0x04bc0000, 0x04c40000)
  to   space 512K,   0% used [0x04c40000, 0x04c40000, 0x04cc0000)
 tenured generation   total 10944K, used 0K [0x09cc0000, 0x0a770000, 0x14770000)
   the space 10944K,   0% used [0x09cc0000, 0x09cc0000, 0x09cc0200, 0x0a770000)
 compacting perm gen  total 12288K, used 2250K [0x14770000, 0x15370000, 0x18770000)
   the space 12288K,  18% used [0x14770000, 0x149a2918, 0x149a2a00, 0x15370000)
No shared spaces configured.

Card table byte_map: [0x00d40000,0x00df0000] byte_map_base: 0x00d1c480

Polling page: 0x00840000

Code Cache  [0x02770000, 0x02820000, 0x04770000)
 total_blobs=207 nmethods=77 adapters=75 free_code_cache=32067Kb largest_free_block=32837184

Compilation events (10 events):
Event: 25.140 Thread 0x01037800   72             java.util.Arrays::copyOf (13 bytes)
Event: 25.140 Thread 0x01037800 nmethod 72 0x0281d6c8 code [0x0281d7c0, 0x0281d85c]
Event: 25.249 Thread 0x01037800   73             listUtils.pack.ListUtils::getMyCommandCenters (60 bytes)
Event: 25.249 Thread 0x01037800 nmethod 73 0x0281d908 code [0x0281da70, 0x0281dd48]
Event: 25.267 Thread 0x01037800   74             java.util.ArrayList::grow (45 bytes)
Event: 25.267 Thread 0x01037800 nmethod 74 0x0281e0c8 code [0x0281e1e0, 0x0281e368]
Event: 25.345 Thread 0x01037800   75             listUtils.pack.ListUtils::getQueuedUnits (67 bytes)
Event: 25.346 Thread 0x01037800 nmethod 75 0x0281e508 code [0x0281e680, 0x0281e984]
Event: 27.281 Thread 0x01037800   77             bwapi.AbstractPoint::<init> (5 bytes)
Event: 27.281 Thread 0x01037800 nmethod 77 0x0281f008 code [0x0281f100, 0x0281f180]

GC Heap History (0 events):
No events

Deoptimization events (0 events):
No events

Internal exceptions (10 events):
Event: 7.253 Thread 0x00ffd400 Threw 0x0491dc80 at C:\re\jdk7u55\869\hotspot\src\share\vm\prims\jvm.cpp:1244
Event: 10.747 Thread 0x00ffd400 Threw 0x0491f7f0 at C:\re\jdk7u55\869\hotspot\src\share\vm\prims\jvm.cpp:1244
Event: 10.747 Thread 0x00ffd400 Threw 0x04921b60 at C:\re\jdk7u55\869\hotspot\src\share\vm\prims\jvm.cpp:1244
Event: 10.748 Thread 0x00ffd400 Threw 0x04923960 at C:\re\jdk7u55\869\hotspot\src\share\vm\prims\jvm.cpp:1244
Event: 10.748 Thread 0x00ffd400 Threw 0x04925738 at C:\re\jdk7u55\869\hotspot\src\share\vm\prims\jvm.cpp:1244
Event: 10.750 Thread 0x00ffd400 Threw 0x0492bcc0 at C:\re\jdk7u55\869\hotspot\src\share\vm\prims\jvm.cpp:1244
Event: 10.750 Thread 0x00ffd400 Threw 0x0492dcf8 at C:\re\jdk7u55\869\hotspot\src\share\vm\prims\jvm.cpp:1244
Event: 25.843 Thread 0x00ffd400 Threw 0x0499e738 at C:\re\jdk7u55\869\hotspot\src\share\vm\prims\jvm.cpp:1244
Event: 27.218 Thread 0x00ffd400 Threw 0x049ae568 at C:\re\jdk7u55\869\hotspot\src\share\vm\prims\jvm.cpp:1244
Event: 27.220 Thread 0x00ffd400 Threw 0x049b2278 at C:\re\jdk7u55\869\hotspot\src\share\vm\prims\jvm.cpp:1244

Events (10 events):
Event: 27.220 loading class 0x008b78f8
Event: 27.220 loading class 0x008b78f8 done
Event: 27.220 loading class 0x008c55c8
Event: 27.221 loading class 0x008c55f8
Event: 27.221 loading class 0x008c55f8 done
Event: 27.221 loading class 0x008c55c8 done
Event: 27.223 Executing VM operation: ChangeBreakpoints
Event: 27.223 Executing VM operation: ChangeBreakpoints done
Event: 27.223 loading class 0x008e2778
Event: 27.223 loading class 0x008e2778 done


Dynamic libraries:
0x01340000 - 0x0136f000 	C:\Program Files (x86)\Java\jdk1.7.0_55\bin\java.exe
0x77aa0000 - 0x77c1b000 	C:\WINDOWS\SYSTEM32\ntdll.dll
0x751b0000 - 0x75290000 	C:\WINDOWS\SYSTEM32\KERNEL32.DLL
0x75d40000 - 0x75ebe000 	C:\WINDOWS\SYSTEM32\KERNELBASE.dll
0x6fa60000 - 0x6fa8d000 	C:\Program Files (x86)\AVG\Av\avghookx.dll
0x6ebf0000 - 0x6ec82000 	C:\WINDOWS\system32\apphelp.dll
0x749c0000 - 0x74a3b000 	C:\WINDOWS\SYSTEM32\ADVAPI32.dll
0x74bf0000 - 0x74cae000 	C:\WINDOWS\SYSTEM32\msvcrt.dll
0x779f0000 - 0x77a34000 	C:\WINDOWS\SYSTEM32\sechost.dll
0x75590000 - 0x7563d000 	C:\WINDOWS\SYSTEM32\RPCRT4.dll
0x747d0000 - 0x747ee000 	C:\WINDOWS\SYSTEM32\SspiCli.dll
0x747c0000 - 0x747ca000 	C:\WINDOWS\SYSTEM32\CRYPTBASE.dll
0x75310000 - 0x75368000 	C:\WINDOWS\SYSTEM32\bcryptPrimitives.dll
0x75440000 - 0x75587000 	C:\WINDOWS\SYSTEM32\USER32.dll
0x74a40000 - 0x74b8f000 	C:\WINDOWS\SYSTEM32\GDI32.dll
0x70fa0000 - 0x711af000 	C:\WINDOWS\WinSxS\x86_microsoft.windows.common-controls_6595b64144ccf1df_6.0.10586.0_none_d3c2e4e965da4528\COMCTL32.dll
0x761c0000 - 0x7637d000 	C:\WINDOWS\SYSTEM32\combase.dll
0x75c10000 - 0x75c3b000 	C:\WINDOWS\SYSTEM32\IMM32.DLL
0x579b0000 - 0x57a6f000 	C:\Program Files (x86)\Java\jdk1.7.0_55\jre\bin\msvcr100.dll
0x57630000 - 0x579b0000 	C:\Program Files (x86)\Java\jdk1.7.0_55\jre\bin\client\jvm.dll
0x765e0000 - 0x765e6000 	C:\WINDOWS\SYSTEM32\PSAPI.DLL
0x72de0000 - 0x72de8000 	C:\WINDOWS\SYSTEM32\WSOCK32.dll
0x753e0000 - 0x7543f000 	C:\WINDOWS\SYSTEM32\WS2_32.dll
0x739f0000 - 0x73a14000 	C:\WINDOWS\SYSTEM32\WINMM.dll
0x73270000 - 0x73293000 	C:\WINDOWS\SYSTEM32\WINMMBASE.dll
0x748e0000 - 0x74917000 	C:\WINDOWS\SYSTEM32\cfgmgr32.dll
0x589f0000 - 0x589fc000 	C:\Program Files (x86)\Java\jdk1.7.0_55\jre\bin\verify.dll
0x589d0000 - 0x589f0000 	C:\Program Files (x86)\Java\jdk1.7.0_55\jre\bin\java.dll
0x58790000 - 0x587ba000 	C:\Program Files (x86)\Java\jdk1.7.0_55\jre\bin\jdwp.dll
0x589c0000 - 0x589c7000 	C:\Program Files (x86)\Java\jdk1.7.0_55\jre\bin\npt.dll
0x57610000 - 0x57623000 	C:\Program Files (x86)\Java\jdk1.7.0_55\jre\bin\zip.dll
0x589b0000 - 0x589b8000 	C:\Program Files (x86)\Java\jdk1.7.0_55\jre\bin\dt_socket.dll
0x73d30000 - 0x73d7f000 	C:\WINDOWS\system32\mswsock.dll
0x57080000 - 0x572e9000 	E:\Year 3 Ubb\Licenta\KBot\bwapi_bridge2_4.dll
0x6b110000 - 0x6b181000 	C:\WINDOWS\SYSTEM32\MSVCP120.dll
0x6b190000 - 0x6b27e000 	C:\WINDOWS\SYSTEM32\MSVCR120.dll
0x6acc0000 - 0x6ad27000 	E:\Year 3 Ubb\Licenta\KBot\libgmp-10.dll
0x6f540000 - 0x6f59e000 	E:\Year 3 Ubb\Licenta\KBot\libmpfr-4.dll
0x73a20000 - 0x73b5f000 	C:\WINDOWS\SYSTEM32\dbghelp.dll

VM Arguments:
jvm_args: -agentlib:jdwp=transport=dt_socket,address=127.0.0.1:55033,suspend=y,server=n -Dfile.encoding=UTF-8 
java_command: Main
Launcher Type: SUN_STANDARD

Environment Variables:
JAVA_HOME=C:\Program Files\Java\jdk1.8.0_65
PATH=M2;JAVA;C:\OCaml\bin;C:\Program Files (x86)\Java\jdk1.7.0_55\bin;C:\ProgramData\Oracle\Java\javapath;C:\Program Files (x86)\Microsoft DirectX SDK (August 2006)\Utilities\Bin\x86;C:\WINDOWS\system32;C:\WINDOWS;C:\WINDOWS\System32\Wbem;C:\WINDOWS\System32\WindowsPowerShell\v1.0\;C:\Program Files\nodejs\;C:\python27;C:\WINDOWS\system32\config\systemprofile\.dnx\bin;C:\Program Files\Microsoft DNX\Dnvm\;C:\Program Files\Microsoft SQL Server\120\Tools\Binn\;C:\Program Files (x86)\Windows Kits\10\Windows Performance Toolkit\;C:\Program Files (x86)\Microsoft Emulator Manager\1.0\;C:\Program Files (x86)\Git\bin;C:\Program Files (x86)\Git\cmd;C:\Program Files (x86)\Skype\Phone\;C:\Program Files\Java\jdk1.8.0_65;C:\maven\bin;C:\WINDOWS\system32;C:\WINDOWS;C:\WINDOWS\System32\Wbem;C:\WINDOWS\System32\WindowsPowerShell\v1.0\;C:\Program Files (x86)\Skype\Phone\;C:\Program Files\nodejs\;C:\python27;C:\Users\Alex\.dnx\bin;C:\Program Files\Microsoft DNX\Dnvm\;C:\Program Files\Microsoft SQL Server\120\Tools\Binn\;C:\Program Files (x86)\Windows Kits\10\Windows Performance Toolkit\;C:\Program Files (x86)\Microsoft Emulator Manager\1.0\;C:\Program Files (x86)\Git\bin;C:\Program Files (x86)\Git\cmd;C:\Users\Alex\AppData\Roaming\npm;C:\Python27\Scripts
USERNAME=Alex
OS=Windows_NT
PROCESSOR_IDENTIFIER=Intel64 Family 6 Model 58 Stepping 9, GenuineIntel



---------------  S Y S T E M  ---------------

OS: Windows 8.1 , 64 bit Build 9600 

CPU:total 8 (4 cores per cpu, 2 threads per core) family 6 model 58 stepping 9, cmov, cx8, fxsr, mmx, sse, sse2, sse3, ssse3, sse4.1, sse4.2, popcnt, avx, aes, erms, ht, tsc, tscinvbit, tscinv

Memory: 4k page, physical 16729436k(10284064k free), swap 19219804k(11877280k free)

vm_info: Java HotSpot(TM) Client VM (24.55-b03) for windows-x86 JRE (1.7.0_55-b13), built on Mar 17 2014 20:01:11 by "java_re" with unknown MS VC++:1600

time: Tue May 31 20:15:47 2016
elapsed time: 27 seconds

