#
# A fatal error has been detected by the Java Runtime Environment:
#
#  EXCEPTION_ACCESS_VIOLATION (0xc0000005) at pc=0x58e83a1b, pid=9708, tid=9660
#
# JRE version: Java(TM) SE Runtime Environment (7.0_55-b13) (build 1.7.0_55-b13)
# Java VM: Java HotSpot(TM) Client VM (24.55-b03 mixed mode windows-x86 )
# Problematic frame:
# V  [jvm.dll+0xc3a1b]
#
# Failed to write core dump. Minidumps are not enabled by default on client versions of Windows
#
# If you would like to submit a bug report, please visit:
#   http://bugreport.sun.com/bugreport/crash.jsp
#

---------------  T H R E A D  ---------------

Current thread (0x0219d400):  JavaThread "main" [_thread_in_vm, id=9660, stack(0x00640000,0x00690000)]

siginfo: ExceptionCode=0xc0000005, reading address 0x00000000

Registers:
EAX=0x00000000, EBX=0x1435f4e0, ECX=0x00000000, EDX=0x00000007
ESP=0x0068df94, EBP=0x0068dfb0, ESI=0x0219d530, EDI=0x0219d400
EIP=0x58e83a1b, EFLAGS=0x00010246

Top of Stack: (sp=0x0068df94)
0x0068df94:   0219d530 1435f4e0 1435f4e0 0219d400
0x0068dfa4:   00000000 0219d400 1435f4e0 0068dff8
0x0068dfb4:   585b7617 0219d530 00000000 6e696f70
0x0068dfc4:   00726574 1435f4e0 585b75e7 00000007
0x0068dfd4:   0000000f 0000004a 0219d400 1435f4e0
0x0068dfe4:   1435f4e0 00000001 0000000f 0219d400
0x0068dff4:   0219d530 0068e038 021af358 0219d530
0x0068e004:   0068e054 1ae9de9c 0219d400 00000000 

Instructions: (pc=0x58e83a1b)
0x58e839fb:   f3 ff 83 c4 08 83 7f 04 00 89 7d f0 c7 45 f4 00
0x58e83a0b:   00 00 00 74 08 8d 4d f0 e8 98 84 0c 00 8b 45 0c
0x58e83a1b:   8b 08 8b 51 04 8b 42 40 50 56 e8 e6 c8 07 00 83
0x58e83a2b:   c4 08 83 7d f4 00 89 45 08 74 08 8d 4d f0 e8 b2 


Register to memory mapping:

EAX=0x00000000 is an unknown value
EBX=0x1435f4e0 is an oop
{method} 
 - klass: {other class}
ECX=0x00000000 is an unknown value
EDX=0x00000007 is an unknown value
ESP=0x0068df94 is pointing into the stack for thread: 0x0219d400
EBP=0x0068dfb0 is pointing into the stack for thread: 0x0219d400
ESI=0x0219d530 is an unknown value
EDI=0x0219d400 is a thread


Stack: [0x00640000,0x00690000],  sp=0x0068df94,  free space=311k
Native frames: (J=compiled Java code, j=interpreted, Vv=VM code, C=native code)
V  [jvm.dll+0xc3a1b]
C  [bwapi_bridge2_4.dll+0x87617]
j  bwapi.Unit.gather_native(JLbwapi/Unit;)Z+0
j  bwapi.Unit.gather(Lbwapi/Unit;)Z+6
j  unit.pack.WorkerCoordinator.updateGasExtractors(ILjava/util/ArrayList;)V+131
j  unit.pack.WorkerCoordinator.updateWorkers(ILjava/util/ArrayList;)V+9
j  unit.pack.WorkerCoordinator.runWorkers()V+50
J  Main.onFrame()V
V  [jvm.dll+0x13f25a]
V  [jvm.dll+0x202c1e]
V  [jvm.dll+0x13f2dd]
V  [jvm.dll+0xc9b22]
V  [jvm.dll+0xcd773]
C  [bwapi_bridge2_4.dll+0x40e6d]
C  [bwapi_bridge2_4.dll+0x699d0]
j  bwapi.Mirror.startGame()V+0
j  Main.run()V+15
j  Main.main([Ljava/lang/String;)V+7
v  ~StubRoutines::call_stub
V  [jvm.dll+0x13f25a]
V  [jvm.dll+0x202c1e]
V  [jvm.dll+0x13f2dd]
V  [jvm.dll+0xc98a5]
V  [jvm.dll+0xd4567]
C  [java.exe+0x2063]
C  [java.exe+0xa591]
C  [java.exe+0xa61b]
C  [KERNEL32.DLL+0x138f4]
C  [ntdll.dll+0x65de3]
C  [ntdll.dll+0x65dae]

Java frames: (J=compiled Java code, j=interpreted, Vv=VM code)
j  bwapi.Unit.gather_native(JLbwapi/Unit;)Z+0
j  bwapi.Unit.gather(Lbwapi/Unit;)Z+6
j  unit.pack.WorkerCoordinator.updateGasExtractors(ILjava/util/ArrayList;)V+131
j  unit.pack.WorkerCoordinator.updateWorkers(ILjava/util/ArrayList;)V+9
j  unit.pack.WorkerCoordinator.runWorkers()V+50
J  Main.onFrame()V
J  bwapi.AIModule.onFrame()V
v  ~StubRoutines::call_stub
j  bwapi.Mirror.startGame()V+0
j  Main.run()V+15
j  Main.main([Ljava/lang/String;)V+7
v  ~StubRoutines::call_stub

---------------  P R O C E S S  ---------------

Java Threads: ( => current thread )
  0x183ef400 JavaThread "Service Thread" daemon [_thread_blocked, id=2688, stack(0x18950000,0x189a0000)]
  0x183f4800 JavaThread "C1 CompilerThread0" daemon [_thread_blocked, id=3232, stack(0x188c0000,0x18910000)]
  0x183df000 JavaThread "JDWP Command Reader" daemon [_thread_in_native, id=2316, stack(0x18830000,0x18880000)]
  0x183dc000 JavaThread "JDWP Event Helper Thread" daemon [_thread_blocked, id=2132, stack(0x187a0000,0x187f0000)]
  0x183d4000 JavaThread "JDWP Transport Listener: dt_socket" daemon [_thread_blocked, id=7484, stack(0x18710000,0x18760000)]
  0x183cb000 JavaThread "Attach Listener" daemon [_thread_blocked, id=3496, stack(0x18680000,0x186d0000)]
  0x183c8c00 JavaThread "Signal Dispatcher" daemon [_thread_blocked, id=7968, stack(0x185f0000,0x18640000)]
  0x008dc000 JavaThread "Finalizer" daemon [_thread_blocked, id=3172, stack(0x18360000,0x183b0000)]
  0x008d5000 JavaThread "Reference Handler" daemon [_thread_blocked, id=2216, stack(0x182d0000,0x18320000)]
=>0x0219d400 JavaThread "main" [_thread_in_vm, id=9660, stack(0x00640000,0x00690000)]

Other Threads:
  0x008d2800 VMThread [stack: 0x18240000,0x18290000] [id=8848]
  0x183ee400 WatcherThread [stack: 0x189e0000,0x18a30000] [id=10256]

VM state:not at safepoint (normal execution)

VM Mutex/Monitor currently owned by a thread: None

Heap
 def new generation   total 4928K, used 3544K [0x041a0000, 0x046f0000, 0x096f0000)
  eden space 4416K,  80% used [0x041a0000, 0x045145c8, 0x045f0000)
  from space 512K,   1% used [0x045f0000, 0x045f1bd0, 0x04670000)
  to   space 512K,   0% used [0x04670000, 0x04670000, 0x046f0000)
 tenured generation   total 10944K, used 417K [0x096f0000, 0x0a1a0000, 0x141a0000)
   the space 10944K,   3% used [0x096f0000, 0x09758518, 0x09758600, 0x0a1a0000)
 compacting perm gen  total 12288K, used 2249K [0x141a0000, 0x14da0000, 0x181a0000)
   the space 12288K,  18% used [0x141a0000, 0x143d27f8, 0x143d2800, 0x14da0000)
No shared spaces configured.

Card table byte_map: [0x020b0000,0x02160000] byte_map_base: 0x0208f300

Polling page: 0x003e0000

Code Cache  [0x021a0000, 0x02260000, 0x041a0000)
 total_blobs=282 nmethods=152 adapters=75 free_code_cache=32004Kb largest_free_block=32772416

Compilation events (10 events):
Event: 38.300 Thread 0x183f4800  148             java.util.HashMap::containsKey (14 bytes)
Event: 38.300 Thread 0x183f4800 nmethod 148 0x0225dec8 code [0x0225dfc0, 0x0225e06c]
Event: 38.566 Thread 0x183f4800  149             java.lang.Double::valueOf (9 bytes)
Event: 38.566 Thread 0x183f4800 nmethod 149 0x0225e0c8 code [0x0225e1c0, 0x0225e270]
Event: 38.566 Thread 0x183f4800  150             java.lang.Double::<init> (10 bytes)
Event: 38.566 Thread 0x183f4800 nmethod 150 0x0225e308 code [0x0225e400, 0x0225e480]
Event: 40.879 Thread 0x183f4800  151             listUtils.pack.CodeProfiler::endMeasuring (80 bytes)
Event: 40.879 Thread 0x183f4800 nmethod 151 0x0225e4c8 code [0x0225e640, 0x0225e8fc]
Event: 48.754 Thread 0x183f4800  152  s          java.util.Vector::size (5 bytes)
Event: 48.754 Thread 0x183f4800 nmethod 152 0x0225eb88 code [0x0225ec80, 0x0225ee40]

GC Heap History (4 events):
Event: 20.943 GC heap before
{Heap before GC invocations=0 (full 0):
 def new generation   total 4928K, used 4416K [0x041a0000, 0x046f0000, 0x096f0000)
  eden space 4416K, 100% used [0x041a0000, 0x045f0000, 0x045f0000)
  from space 512K,   0% used [0x045f0000, 0x045f0000, 0x04670000)
  to   space 512K,   0% used [0x04670000, 0x04670000, 0x046f0000)
 tenured generation   total 10944K, used 0K [0x096f0000, 0x0a1a0000, 0x141a0000)
   the space 10944K,   0% used [0x096f0000, 0x096f0000, 0x096f0200, 0x0a1a0000)
 compacting perm gen  total 12288K, used 2226K [0x141a0000, 0x14da0000, 0x181a0000)
   the space 12288K,  18% used [0x141a0000, 0x143ccbb0, 0x143ccc00, 0x14da0000)
No shared spaces configured.
Event: 20.945 GC heap after
Heap after GC invocations=1 (full 0):
 def new generation   total 4928K, used 512K [0x041a0000, 0x046f0000, 0x096f0000)
  eden space 4416K,   0% used [0x041a0000, 0x041a0000, 0x045f0000)
  from space 512K, 100% used [0x04670000, 0x046f0000, 0x046f0000)
  to   space 512K,   0% used [0x045f0000, 0x045f0000, 0x04670000)
 tenured generation   total 10944K, used 42K [0x096f0000, 0x0a1a0000, 0x141a0000)
   the space 10944K,   0% used [0x096f0000, 0x096fa8c8, 0x096faa00, 0x0a1a0000)
 compacting perm gen  total 12288K, used 2226K [0x141a0000, 0x14da0000, 0x181a0000)
   the space 12288K,  18% used [0x141a0000, 0x143ccbb0, 0x143ccc00, 0x14da0000)
No shared spaces configured.
}
Event: 38.066 GC heap before
{Heap before GC invocations=1 (full 0):
 def new generation   total 4928K, used 4928K [0x041a0000, 0x046f0000, 0x096f0000)
  eden space 4416K, 100% used [0x041a0000, 0x045f0000, 0x045f0000)
  from space 512K, 100% used [0x04670000, 0x046f0000, 0x046f0000)
  to   space 512K,   0% used [0x045f0000, 0x045f0000, 0x04670000)
 tenured generation   total 10944K, used 42K [0x096f0000, 0x0a1a0000, 0x141a0000)
   the space 10944K,   0% used [0x096f0000, 0x096fa8c8, 0x096faa00, 0x0a1a0000)
 compacting perm gen  total 12288K, used 2249K [0x141a0000, 0x14da0000, 0x181a0000)
   the space 12288K,  18% used [0x141a0000, 0x143d27f8, 0x143d2800, 0x14da0000)
No shared spaces configured.
Event: 38.068 GC heap after
Heap after GC invocations=2 (full 0):
 def new generation   total 4928K, used 6K [0x041a0000, 0x046f0000, 0x096f0000)
  eden space 4416K,   0% used [0x041a0000, 0x041a0000, 0x045f0000)
  from space 512K,   1% used [0x045f0000, 0x045f1bd0, 0x04670000)
  to   space 512K,   0% used [0x04670000, 0x04670000, 0x046f0000)
 tenured generation   total 10944K, used 417K [0x096f0000, 0x0a1a0000, 0x141a0000)
   the space 10944K,   3% used [0x096f0000, 0x09758518, 0x09758600, 0x0a1a0000)
 compacting perm gen  total 12288K, used 2249K [0x141a0000, 0x14da0000, 0x181a0000)
   the space 12288K,  18% used [0x141a0000, 0x143d27f8, 0x143d2800, 0x14da0000)
No shared spaces configured.
}

Deoptimization events (0 events):
No events

Internal exceptions (10 events):
Event: 10.039 Thread 0x0219d400 Threw 0x0434af18 at C:\re\jdk7u55\869\hotspot\src\share\vm\prims\jvm.cpp:1244
Event: 10.040 Thread 0x0219d400 Threw 0x0434ccf0 at C:\re\jdk7u55\869\hotspot\src\share\vm\prims\jvm.cpp:1244
Event: 10.041 Thread 0x0219d400 Threw 0x043526f0 at C:\re\jdk7u55\869\hotspot\src\share\vm\prims\jvm.cpp:1244
Event: 10.041 Thread 0x0219d400 Threw 0x04354368 at C:\re\jdk7u55\869\hotspot\src\share\vm\prims\jvm.cpp:1244
Event: 10.042 Thread 0x0219d400 Threw 0x04355bd8 at C:\re\jdk7u55\869\hotspot\src\share\vm\prims\jvm.cpp:1244
Event: 10.205 Thread 0x0219d400 Threw 0x0435a488 at C:\re\jdk7u55\869\hotspot\src\share\vm\prims\jvm.cpp:1244
Event: 22.629 Thread 0x0219d400 Threw 0x04278d28 at C:\re\jdk7u55\869\hotspot\src\share\vm\prims\jvm.cpp:1244
Event: 22.630 Thread 0x0219d400 Threw 0x0427a5c0 at C:\re\jdk7u55\869\hotspot\src\share\vm\prims\jvm.cpp:1244
Event: 23.082 Thread 0x0219d400 Threw 0x042a8b38 at C:\re\jdk7u55\869\hotspot\src\share\vm\prims\jvm.cpp:1244
Event: 23.083 Thread 0x0219d400 Threw 0x042ab440 at C:\re\jdk7u55\869\hotspot\src\share\vm\prims\jvm.cpp:1244

Events (10 events):
Event: 38.068 Executing VM operation: RevokeBias
Event: 38.068 Executing VM operation: RevokeBias done
Event: 38.068 Executing VM operation: RevokeBias
Event: 38.068 Executing VM operation: RevokeBias done
Event: 38.068 Executing VM operation: RevokeBias
Event: 38.068 Executing VM operation: RevokeBias done
Event: 38.068 Executing VM operation: RevokeBias
Event: 38.068 Executing VM operation: RevokeBias done
Event: 38.068 Executing VM operation: RevokeBias
Event: 38.068 Executing VM operation: RevokeBias done


Dynamic libraries:
0x00240000 - 0x0026f000 	C:\Program Files (x86)\Java\jdk1.7.0_55\bin\java.exe
0x774c0000 - 0x7763b000 	C:\WINDOWS\SYSTEM32\ntdll.dll
0x747b0000 - 0x74890000 	C:\WINDOWS\SYSTEM32\KERNEL32.DLL
0x77340000 - 0x774be000 	C:\WINDOWS\SYSTEM32\KERNELBASE.dll
0x6f280000 - 0x6f2ad000 	C:\Program Files (x86)\AVG\Av\avghookx.dll
0x6ef80000 - 0x6f012000 	C:\WINDOWS\system32\apphelp.dll
0x74f90000 - 0x7500b000 	C:\WINDOWS\SYSTEM32\ADVAPI32.dll
0x74ed0000 - 0x74f8e000 	C:\WINDOWS\SYSTEM32\msvcrt.dll
0x74a00000 - 0x74a44000 	C:\WINDOWS\SYSTEM32\sechost.dll
0x76540000 - 0x765ed000 	C:\WINDOWS\SYSTEM32\RPCRT4.dll
0x741f0000 - 0x7420e000 	C:\WINDOWS\SYSTEM32\SspiCli.dll
0x741e0000 - 0x741ea000 	C:\WINDOWS\SYSTEM32\CRYPTBASE.dll
0x74e00000 - 0x74e58000 	C:\WINDOWS\SYSTEM32\bcryptPrimitives.dll
0x76890000 - 0x769d7000 	C:\WINDOWS\SYSTEM32\USER32.dll
0x74bb0000 - 0x74cff000 	C:\WINDOWS\SYSTEM32\GDI32.dll
0x707c0000 - 0x709cf000 	C:\WINDOWS\WinSxS\x86_microsoft.windows.common-controls_6595b64144ccf1df_6.0.10586.0_none_d3c2e4e965da4528\COMCTL32.dll
0x76a80000 - 0x76c3d000 	C:\WINDOWS\SYSTEM32\combase.dll
0x76e10000 - 0x76e3b000 	C:\WINDOWS\SYSTEM32\IMM32.DLL
0x59140000 - 0x591ff000 	C:\Program Files (x86)\Java\jdk1.7.0_55\jre\bin\msvcr100.dll
0x58dc0000 - 0x59140000 	C:\Program Files (x86)\Java\jdk1.7.0_55\jre\bin\client\jvm.dll
0x74d00000 - 0x74d06000 	C:\WINDOWS\SYSTEM32\PSAPI.DLL
0x72820000 - 0x72828000 	C:\WINDOWS\SYSTEM32\WSOCK32.dll
0x74750000 - 0x747af000 	C:\WINDOWS\SYSTEM32\WS2_32.dll
0x73490000 - 0x734b4000 	C:\WINDOWS\SYSTEM32\WINMM.dll
0x72b10000 - 0x72b33000 	C:\WINDOWS\SYSTEM32\WINMMBASE.dll
0x74d60000 - 0x74d97000 	C:\WINDOWS\SYSTEM32\cfgmgr32.dll
0x5d8d0000 - 0x5d8dc000 	C:\Program Files (x86)\Java\jdk1.7.0_55\jre\bin\verify.dll
0x5d8b0000 - 0x5d8d0000 	C:\Program Files (x86)\Java\jdk1.7.0_55\jre\bin\java.dll
0x5d880000 - 0x5d8aa000 	C:\Program Files (x86)\Java\jdk1.7.0_55\jre\bin\jdwp.dll
0x5d870000 - 0x5d877000 	C:\Program Files (x86)\Java\jdk1.7.0_55\jre\bin\npt.dll
0x5d850000 - 0x5d863000 	C:\Program Files (x86)\Java\jdk1.7.0_55\jre\bin\zip.dll
0x5c900000 - 0x5c908000 	C:\Program Files (x86)\Java\jdk1.7.0_55\jre\bin\dt_socket.dll
0x73720000 - 0x7376f000 	C:\WINDOWS\system32\mswsock.dll
0x58530000 - 0x58799000 	E:\Year 3 Ubb\Licenta\KBot\bwapi_bridge2_4.dll
0x63150000 - 0x631c1000 	C:\WINDOWS\SYSTEM32\MSVCP120.dll
0x631d0000 - 0x632be000 	C:\WINDOWS\SYSTEM32\MSVCR120.dll
0x6acc0000 - 0x6ad27000 	E:\Year 3 Ubb\Licenta\KBot\libgmp-10.dll
0x6f540000 - 0x6f59e000 	E:\Year 3 Ubb\Licenta\KBot\libmpfr-4.dll
0x72b40000 - 0x72c7f000 	C:\WINDOWS\SYSTEM32\dbghelp.dll

VM Arguments:
jvm_args: -agentlib:jdwp=transport=dt_socket,address=127.0.0.1:52040,suspend=y,server=n -Dfile.encoding=UTF-8 
java_command: Main
Launcher Type: SUN_STANDARD

Environment Variables:
JAVA_HOME=C:\Program Files\Java\jdk1.8.0_65
PATH=M2;JAVA;C:\OCaml\bin;C:\Program Files (x86)\Java\jdk1.7.0_55\bin;C:\ProgramData\Oracle\Java\javapath;C:\Program Files (x86)\Microsoft DirectX SDK (August 2006)\Utilities\Bin\x86;C:\WINDOWS\system32;C:\WINDOWS;C:\WINDOWS\System32\Wbem;C:\WINDOWS\System32\WindowsPowerShell\v1.0\;C:\Program Files\nodejs\;C:\python27;C:\WINDOWS\system32\config\systemprofile\.dnx\bin;C:\Program Files\Microsoft DNX\Dnvm\;C:\Program Files\Microsoft SQL Server\120\Tools\Binn\;C:\Program Files (x86)\Windows Kits\10\Windows Performance Toolkit\;C:\Program Files (x86)\Microsoft Emulator Manager\1.0\;C:\Program Files (x86)\Git\bin;C:\Program Files (x86)\Git\cmd;C:\Program Files (x86)\Skype\Phone\;C:\Program Files\Java\jdk1.8.0_65;C:\maven\bin;C:\WINDOWS\system32;C:\WINDOWS;C:\WINDOWS\System32\Wbem;C:\WINDOWS\System32\WindowsPowerShell\v1.0\;C:\Program Files (x86)\Skype\Phone\;C:\Program Files\nodejs\;C:\python27;C:\Users\Alex\.dnx\bin;C:\Program Files\Microsoft DNX\Dnvm\;C:\Program Files\Microsoft SQL Server\120\Tools\Binn\;C:\Program Files (x86)\Windows Kits\10\Windows Performance Toolkit\;C:\Program Files (x86)\Microsoft Emulator Manager\1.0\;C:\Program Files (x86)\Git\bin;C:\Program Files (x86)\Git\cmd;C:\Users\Alex\AppData\Roaming\npm;C:\Python27\Scripts
USERNAME=Alex
OS=Windows_NT
PROCESSOR_IDENTIFIER=Intel64 Family 6 Model 58 Stepping 9, GenuineIntel



---------------  S Y S T E M  ---------------

OS: Windows 8.1 , 64 bit Build 9600 

CPU:total 8 (4 cores per cpu, 2 threads per core) family 6 model 58 stepping 9, cmov, cx8, fxsr, mmx, sse, sse2, sse3, ssse3, sse4.1, sse4.2, popcnt, avx, aes, erms, ht, tsc, tscinvbit, tscinv

Memory: 4k page, physical 16729436k(12139640k free), swap 19219804k(14340688k free)

vm_info: Java HotSpot(TM) Client VM (24.55-b03) for windows-x86 JRE (1.7.0_55-b13), built on Mar 17 2014 20:01:11 by "java_re" with unknown MS VC++:1600

time: Sun May 29 16:37:02 2016
elapsed time: 51 seconds

