#
# A fatal error has been detected by the Java Runtime Environment:
#
#  EXCEPTION_ACCESS_VIOLATION (0xc0000005) at pc=0x6ba73a1b, pid=3188, tid=9348
#
# JRE version: Java(TM) SE Runtime Environment (7.0_55-b13) (build 1.7.0_55-b13)
# Java VM: Java HotSpot(TM) Client VM (24.55-b03 mixed mode windows-x86 )
# Problematic frame:
# V  [jvm.dll+0xc3a1b]
#
# Failed to write core dump. Minidumps are not enabled by default on client versions of Windows
#
# If you would like to submit a bug report, please visit:
#   http://bugreport.sun.com/bugreport/crash.jsp
#

---------------  T H R E A D  ---------------

Current thread (0x0299d400):  JavaThread "main" [_thread_in_vm, id=9348, stack(0x00570000,0x005c0000)]

siginfo: ExceptionCode=0xc0000005, reading address 0x00000000

Registers:
EAX=0x00000000, EBX=0x14b5f660, ECX=0x00000000, EDX=0x00000007
ESP=0x005bd864, EBP=0x005bd880, ESI=0x0299d530, EDI=0x0299d400
EIP=0x6ba73a1b, EFLAGS=0x00010246

Top of Stack: (sp=0x005bd864)
0x005bd864:   0299d530 14b5f660 14b5f660 0299d400
0x005bd874:   00000000 0299d400 14b5f660 005bd8c8
0x005bd884:   6b7c7617 0299d530 00000000 6e696f70
0x005bd894:   00726574 14b5f660 6b7c75e7 00000007
0x005bd8a4:   0000000f 0299004a 04ae61d0 00000004
0x005bd8b4:   0138d7bc 00000001 0000000f 0299d400
0x005bd8c4:   0299d530 005bd90c 029af358 0299d530
0x005bd8d4:   005bd928 1af50e10 0299d400 00000000 

Instructions: (pc=0x6ba73a1b)
0x6ba739fb:   f3 ff 83 c4 08 83 7f 04 00 89 7d f0 c7 45 f4 00
0x6ba73a0b:   00 00 00 74 08 8d 4d f0 e8 98 84 0c 00 8b 45 0c
0x6ba73a1b:   8b 08 8b 51 04 8b 42 40 50 56 e8 e6 c8 07 00 83
0x6ba73a2b:   c4 08 83 7d f4 00 89 45 08 74 08 8d 4d f0 e8 b2 


Register to memory mapping:

EAX=0x00000000 is an unknown value
EBX=0x14b5f660 is an oop
{method} 
 - klass: {other class}
ECX=0x00000000 is an unknown value
EDX=0x00000007 is an unknown value
ESP=0x005bd864 is pointing into the stack for thread: 0x0299d400
EBP=0x005bd880 is pointing into the stack for thread: 0x0299d400
ESI=0x0299d530 is an unknown value
EDI=0x0299d400 is a thread


Stack: [0x00570000,0x005c0000],  sp=0x005bd864,  free space=310k
Native frames: (J=compiled Java code, j=interpreted, Vv=VM code, C=native code)
V  [jvm.dll+0xc3a1b]
C  [bwapi_bridge2_4.dll+0x87617]
j  bwapi.Unit.gather_native(JLbwapi/Unit;)Z+0
j  bwapi.Unit.gather(Lbwapi/Unit;)Z+6
j  unit.pack.WorkerCoordinator.updateGasExtractors(ILjava/util/ArrayList;)V+131
J  unit.pack.WorkerCoordinator.runWorkers()V
V  [jvm.dll+0x13f25a]
V  [jvm.dll+0x202c1e]
V  [jvm.dll+0x13f2dd]
V  [jvm.dll+0xc9b22]
V  [jvm.dll+0xcd773]
C  [bwapi_bridge2_4.dll+0x40e6d]
C  [bwapi_bridge2_4.dll+0x699d0]
j  bwapi.Mirror.startGame()V+0
j  Main.run()V+15
j  Main.main([Ljava/lang/String;)V+7
v  ~StubRoutines::call_stub
V  [jvm.dll+0x13f25a]
V  [jvm.dll+0x202c1e]
V  [jvm.dll+0x13f2dd]
V  [jvm.dll+0xc98a5]
V  [jvm.dll+0xd4567]
C  [java.exe+0x2063]
C  [java.exe+0xa591]
C  [java.exe+0xa61b]
C  [KERNEL32.DLL+0x138f4]
C  [ntdll.dll+0x65de3]
C  [ntdll.dll+0x65dae]

Java frames: (J=compiled Java code, j=interpreted, Vv=VM code)
j  bwapi.Unit.gather_native(JLbwapi/Unit;)Z+0
j  bwapi.Unit.gather(Lbwapi/Unit;)Z+6
j  unit.pack.WorkerCoordinator.updateGasExtractors(ILjava/util/ArrayList;)V+131
J  unit.pack.WorkerCoordinator.runWorkers()V
J  Main.onFrame()V
J  bwapi.AIModule.onFrame()V
v  ~StubRoutines::call_stub
j  bwapi.Mirror.startGame()V+0
j  Main.run()V+15
j  Main.main([Ljava/lang/String;)V+7
v  ~StubRoutines::call_stub

---------------  P R O C E S S  ---------------

Java Threads: ( => current thread )
  0x189dec00 JavaThread "Service Thread" daemon [_thread_blocked, id=9332, stack(0x00e40000,0x00e90000)]
  0x189d8800 JavaThread "C1 CompilerThread0" daemon [_thread_blocked, id=9084, stack(0x00db0000,0x00e00000)]
  0x189cd800 JavaThread "JDWP Command Reader" daemon [_thread_in_native, id=9200, stack(0x00d20000,0x00d70000)]
  0x189ca400 JavaThread "JDWP Event Helper Thread" daemon [_thread_blocked, id=2576, stack(0x00c90000,0x00ce0000)]
  0x189c2400 JavaThread "JDWP Transport Listener: dt_socket" daemon [_thread_blocked, id=4044, stack(0x00c00000,0x00c50000)]
  0x189bb000 JavaThread "Attach Listener" daemon [_thread_blocked, id=2168, stack(0x00b70000,0x00bc0000)]
  0x189b8c00 JavaThread "Signal Dispatcher" daemon [_thread_blocked, id=848, stack(0x00ae0000,0x00b30000)]
  0x0138b000 JavaThread "Finalizer" daemon [_thread_blocked, id=7700, stack(0x00a50000,0x00aa0000)]
  0x01385000 JavaThread "Reference Handler" daemon [_thread_blocked, id=6928, stack(0x009c0000,0x00a10000)]
=>0x0299d400 JavaThread "main" [_thread_in_vm, id=9348, stack(0x00570000,0x005c0000)]

Other Threads:
  0x01382800 VMThread [stack: 0x00930000,0x00980000] [id=11988]
  0x189e0400 WatcherThread [stack: 0x00ed0000,0x00f20000] [id=11120]

VM state:not at safepoint (normal execution)

VM Mutex/Monitor currently owned by a thread: None

Heap
 def new generation   total 4928K, used 1410K [0x049a0000, 0x04ef0000, 0x09ef0000)
  eden space 4416K,  31% used [0x049a0000, 0x04af9aa8, 0x04df0000)
  from space 512K,   5% used [0x04e70000, 0x04e76fc0, 0x04ef0000)
  to   space 512K,   0% used [0x04df0000, 0x04df0000, 0x04e70000)
 tenured generation   total 10944K, used 433K [0x09ef0000, 0x0a9a0000, 0x149a0000)
   the space 10944K,   3% used [0x09ef0000, 0x09f5c438, 0x09f5c600, 0x0a9a0000)
 compacting perm gen  total 12288K, used 2253K [0x149a0000, 0x155a0000, 0x189a0000)
   the space 12288K,  18% used [0x149a0000, 0x14bd3468, 0x14bd3600, 0x155a0000)
No shared spaces configured.

Card table byte_map: [0x02810000,0x028c0000] byte_map_base: 0x027eb300

Polling page: 0x01060000

Code Cache  [0x029a0000, 0x02a78000, 0x049a0000)
 total_blobs=331 nmethods=201 adapters=75 free_code_cache=31905Kb largest_free_block=32671616

Compilation events (10 events):
Event: 457.684 Thread 0x189d8800  196             resource.pack.ResourceCoordinator::canAffoard (33 bytes)
Event: 457.684 Thread 0x189d8800 nmethod 196 0x02a70548 code [0x02a70670, 0x02a70840]
Event: 458.371 Thread 0x189d8800  197             unit.pack.WorkerCoordinator::getAvailableBuilder (24 bytes)
Event: 458.372 Thread 0x189d8800 nmethod 197 0x02a70a88 code [0x02a70ba0, 0x02a70c94]
Event: 469.279 Thread 0x189d8800  199             unit.pack.ScoutCoordinator::runCoordinator (125 bytes)
Event: 469.280 Thread 0x189d8800 nmethod 199 0x02a71008 code [0x02a711e0, 0x02a7185c]
Event: 485.559 Thread 0x189d8800  200             builder.pack.BuilderCoordinator::runCoordinator (150 bytes)
Event: 485.562 Thread 0x189d8800 nmethod 200 0x02a720c8 code [0x02a72550, 0x02a75178]
Event: 693.372 Thread 0x189d8800  201             java.nio.Buffer::position (43 bytes)
Event: 693.372 Thread 0x189d8800 nmethod 201 0x02a775c8 code [0x02a776d0, 0x02a777ec]

GC Heap History (10 events):
Event: 460.696 GC heap before
{Heap before GC invocations=16 (full 0):
 def new generation   total 4928K, used 4450K [0x049a0000, 0x04ef0000, 0x09ef0000)
  eden space 4416K, 100% used [0x049a0000, 0x04df0000, 0x04df0000)
  from space 512K,   6% used [0x04df0000, 0x04df8938, 0x04e70000)
  to   space 512K,   0% used [0x04e70000, 0x04e70000, 0x04ef0000)
 tenured generation   total 10944K, used 423K [0x09ef0000, 0x0a9a0000, 0x149a0000)
   the space 10944K,   3% used [0x09ef0000, 0x09f59da0, 0x09f59e00, 0x0a9a0000)
 compacting perm gen  total 12288K, used 2253K [0x149a0000, 0x155a0000, 0x189a0000)
   the space 12288K,  18% used [0x149a0000, 0x14bd3458, 0x14bd3600, 0x155a0000)
No shared spaces configured.
Event: 460.696 GC heap after
Heap after GC invocations=17 (full 0):
 def new generation   total 4928K, used 26K [0x049a0000, 0x04ef0000, 0x09ef0000)
  eden space 4416K,   0% used [0x049a0000, 0x049a0000, 0x04df0000)
  from space 512K,   5% used [0x04e70000, 0x04e76b48, 0x04ef0000)
  to   space 512K,   0% used [0x04df0000, 0x04df0000, 0x04e70000)
 tenured generation   total 10944K, used 426K [0x09ef0000, 0x0a9a0000, 0x149a0000)
   the space 10944K,   3% used [0x09ef0000, 0x09f5a918, 0x09f5aa00, 0x0a9a0000)
 compacting perm gen  total 12288K, used 2253K [0x149a0000, 0x155a0000, 0x189a0000)
   the space 12288K,  18% used [0x149a0000, 0x14bd3458, 0x14bd3600, 0x155a0000)
No shared spaces configured.
}
Event: 460.902 GC heap before
{Heap before GC invocations=17 (full 0):
 def new generation   total 4928K, used 4442K [0x049a0000, 0x04ef0000, 0x09ef0000)
  eden space 4416K, 100% used [0x049a0000, 0x04df0000, 0x04df0000)
  from space 512K,   5% used [0x04e70000, 0x04e76b48, 0x04ef0000)
  to   space 512K,   0% used [0x04df0000, 0x04df0000, 0x04e70000)
 tenured generation   total 10944K, used 426K [0x09ef0000, 0x0a9a0000, 0x149a0000)
   the space 10944K,   3% used [0x09ef0000, 0x09f5a918, 0x09f5aa00, 0x0a9a0000)
 compacting perm gen  total 12288K, used 2253K [0x149a0000, 0x155a0000, 0x189a0000)
   the space 12288K,  18% used [0x149a0000, 0x14bd3458, 0x14bd3600, 0x155a0000)
No shared spaces configured.
Event: 460.903 GC heap after
Heap after GC invocations=18 (full 0):
 def new generation   total 4928K, used 23K [0x049a0000, 0x04ef0000, 0x09ef0000)
  eden space 4416K,   0% used [0x049a0000, 0x049a0000, 0x04df0000)
  from space 512K,   4% used [0x04df0000, 0x04df5cd8, 0x04e70000)
  to   space 512K,   0% used [0x04e70000, 0x04e70000, 0x04ef0000)
 tenured generation   total 10944K, used 428K [0x09ef0000, 0x0a9a0000, 0x149a0000)
   the space 10944K,   3% used [0x09ef0000, 0x09f5b088, 0x09f5b200, 0x0a9a0000)
 compacting perm gen  total 12288K, used 2253K [0x149a0000, 0x155a0000, 0x189a0000)
   the space 12288K,  18% used [0x149a0000, 0x14bd3458, 0x14bd3600, 0x155a0000)
No shared spaces configured.
}
Event: 461.246 GC heap before
{Heap before GC invocations=18 (full 0):
 def new generation   total 4928K, used 4439K [0x049a0000, 0x04ef0000, 0x09ef0000)
  eden space 4416K, 100% used [0x049a0000, 0x04df0000, 0x04df0000)
  from space 512K,   4% used [0x04df0000, 0x04df5cd8, 0x04e70000)
  to   space 512K,   0% used [0x04e70000, 0x04e70000, 0x04ef0000)
 tenured generation   total 10944K, used 428K [0x09ef0000, 0x0a9a0000, 0x149a0000)
   the space 10944K,   3% used [0x09ef0000, 0x09f5b088, 0x09f5b200, 0x0a9a0000)
 compacting perm gen  total 12288K, used 2253K [0x149a0000, 0x155a0000, 0x189a0000)
   the space 12288K,  18% used [0x149a0000, 0x14bd3458, 0x14bd3600, 0x155a0000)
No shared spaces configured.
Event: 461.246 GC heap after
Heap after GC invocations=19 (full 0):
 def new generation   total 4928K, used 26K [0x049a0000, 0x04ef0000, 0x09ef0000)
  eden space 4416K,   0% used [0x049a0000, 0x049a0000, 0x04df0000)
  from space 512K,   5% used [0x04e70000, 0x04e76b38, 0x04ef0000)
  to   space 512K,   0% used [0x04df0000, 0x04df0000, 0x04e70000)
 tenured generation   total 10944K, used 430K [0x09ef0000, 0x0a9a0000, 0x149a0000)
   the space 10944K,   3% used [0x09ef0000, 0x09f5bbe8, 0x09f5bc00, 0x0a9a0000)
 compacting perm gen  total 12288K, used 2253K [0x149a0000, 0x155a0000, 0x189a0000)
   the space 12288K,  18% used [0x149a0000, 0x14bd3458, 0x14bd3600, 0x155a0000)
No shared spaces configured.
}
Event: 470.765 GC heap before
{Heap before GC invocations=19 (full 0):
 def new generation   total 4928K, used 4442K [0x049a0000, 0x04ef0000, 0x09ef0000)
  eden space 4416K, 100% used [0x049a0000, 0x04df0000, 0x04df0000)
  from space 512K,   5% used [0x04e70000, 0x04e76b38, 0x04ef0000)
  to   space 512K,   0% used [0x04df0000, 0x04df0000, 0x04e70000)
 tenured generation   total 10944K, used 430K [0x09ef0000, 0x0a9a0000, 0x149a0000)
   the space 10944K,   3% used [0x09ef0000, 0x09f5bbe8, 0x09f5bc00, 0x0a9a0000)
 compacting perm gen  total 12288K, used 2253K [0x149a0000, 0x155a0000, 0x189a0000)
   the space 12288K,  18% used [0x149a0000, 0x14bd3458, 0x14bd3600, 0x155a0000)
No shared spaces configured.
Event: 470.765 GC heap after
Heap after GC invocations=20 (full 0):
 def new generation   total 4928K, used 27K [0x049a0000, 0x04ef0000, 0x09ef0000)
  eden space 4416K,   0% used [0x049a0000, 0x049a0000, 0x04df0000)
  from space 512K,   5% used [0x04df0000, 0x04df6d98, 0x04e70000)
  to   space 512K,   0% used [0x04e70000, 0x04e70000, 0x04ef0000)
 tenured generation   total 10944K, used 433K [0x09ef0000, 0x0a9a0000, 0x149a0000)
   the space 10944K,   3% used [0x09ef0000, 0x09f5c438, 0x09f5c600, 0x0a9a0000)
 compacting perm gen  total 12288K, used 2253K [0x149a0000, 0x155a0000, 0x189a0000)
   the space 12288K,  18% used [0x149a0000, 0x14bd3458, 0x14bd3600, 0x155a0000)
No shared spaces configured.
}
Event: 487.526 GC heap before
{Heap before GC invocations=20 (full 0):
 def new generation   total 4928K, used 4443K [0x049a0000, 0x04ef0000, 0x09ef0000)
  eden space 4416K, 100% used [0x049a0000, 0x04df0000, 0x04df0000)
  from space 512K,   5% used [0x04df0000, 0x04df6d98, 0x04e70000)
  to   space 512K,   0% used [0x04e70000, 0x04e70000, 0x04ef0000)
 tenured generation   total 10944K, used 433K [0x09ef0000, 0x0a9a0000, 0x149a0000)
   the space 10944K,   3% used [0x09ef0000, 0x09f5c438, 0x09f5c600, 0x0a9a0000)
 compacting perm gen  total 12288K, used 2253K [0x149a0000, 0x155a0000, 0x189a0000)
   the space 12288K,  18% used [0x149a0000, 0x14bd3458, 0x14bd3600, 0x155a0000)
No shared spaces configured.
Event: 487.527 GC heap after
Heap after GC invocations=21 (full 0):
 def new generation   total 4928K, used 27K [0x049a0000, 0x04ef0000, 0x09ef0000)
  eden space 4416K,   0% used [0x049a0000, 0x049a0000, 0x04df0000)
  from space 512K,   5% used [0x04e70000, 0x04e76fc0, 0x04ef0000)
  to   space 512K,   0% used [0x04df0000, 0x04df0000, 0x04e70000)
 tenured generation   total 10944K, used 433K [0x09ef0000, 0x0a9a0000, 0x149a0000)
   the space 10944K,   3% used [0x09ef0000, 0x09f5c438, 0x09f5c600, 0x0a9a0000)
 compacting perm gen  total 12288K, used 2253K [0x149a0000, 0x155a0000, 0x189a0000)
   the space 12288K,  18% used [0x149a0000, 0x14bd3458, 0x14bd3600, 0x155a0000)
No shared spaces configured.
}

Deoptimization events (0 events):
No events

Internal exceptions (10 events):
Event: 7.501 Thread 0x0299d400 Threw 0x04b4e530 at C:\re\jdk7u55\869\hotspot\src\share\vm\prims\jvm.cpp:1244
Event: 7.501 Thread 0x0299d400 Threw 0x04b508a0 at C:\re\jdk7u55\869\hotspot\src\share\vm\prims\jvm.cpp:1244
Event: 7.502 Thread 0x0299d400 Threw 0x04b52430 at C:\re\jdk7u55\869\hotspot\src\share\vm\prims\jvm.cpp:1244
Event: 7.503 Thread 0x0299d400 Threw 0x04b54240 at C:\re\jdk7u55\869\hotspot\src\share\vm\prims\jvm.cpp:1244
Event: 7.504 Thread 0x0299d400 Threw 0x04b5a3f0 at C:\re\jdk7u55\869\hotspot\src\share\vm\prims\jvm.cpp:1244
Event: 7.505 Thread 0x0299d400 Threw 0x04b5c428 at C:\re\jdk7u55\869\hotspot\src\share\vm\prims\jvm.cpp:1244
Event: 19.416 Thread 0x0299d400 Threw 0x04bb6520 at C:\re\jdk7u55\869\hotspot\src\share\vm\prims\jvm.cpp:1244
Event: 20.383 Thread 0x0299d400 Threw 0x04bc1fa8 at C:\re\jdk7u55\869\hotspot\src\share\vm\prims\jvm.cpp:1244
Event: 20.384 Thread 0x0299d400 Threw 0x04bc5c18 at C:\re\jdk7u55\869\hotspot\src\share\vm\prims\jvm.cpp:1244
Event: 20.385 Thread 0x0299d400 Threw 0x04bc7d18 at C:\re\jdk7u55\869\hotspot\src\share\vm\prims\jvm.cpp:1244

Events (10 events):
Event: 460.696 Executing VM operation: GenCollectForAllocation
Event: 460.696 Executing VM operation: GenCollectForAllocation done
Event: 460.902 Executing VM operation: GenCollectForAllocation
Event: 460.903 Executing VM operation: GenCollectForAllocation done
Event: 461.245 Executing VM operation: GenCollectForAllocation
Event: 461.246 Executing VM operation: GenCollectForAllocation done
Event: 470.765 Executing VM operation: GenCollectForAllocation
Event: 470.765 Executing VM operation: GenCollectForAllocation done
Event: 487.526 Executing VM operation: GenCollectForAllocation
Event: 487.527 Executing VM operation: GenCollectForAllocation done


Dynamic libraries:
0x010d0000 - 0x010ff000 	C:\Program Files (x86)\Java\jdk1.7.0_55\bin\java.exe
0x77080000 - 0x771fb000 	C:\WINDOWS\SYSTEM32\ntdll.dll
0x76320000 - 0x76400000 	C:\WINDOWS\SYSTEM32\KERNEL32.DLL
0x75cb0000 - 0x75e2e000 	C:\WINDOWS\SYSTEM32\KERNELBASE.dll
0x6f030000 - 0x6f05d000 	C:\Program Files (x86)\AVG\Av\avghookx.dll
0x6e640000 - 0x6e6d2000 	C:\WINDOWS\system32\apphelp.dll
0x74250000 - 0x742cb000 	C:\WINDOWS\SYSTEM32\ADVAPI32.dll
0x75950000 - 0x75a0e000 	C:\WINDOWS\SYSTEM32\msvcrt.dll
0x76220000 - 0x76264000 	C:\WINDOWS\SYSTEM32\sechost.dll
0x76270000 - 0x7631d000 	C:\WINDOWS\SYSTEM32\RPCRT4.dll
0x73db0000 - 0x73dce000 	C:\WINDOWS\SYSTEM32\SspiCli.dll
0x73da0000 - 0x73daa000 	C:\WINDOWS\SYSTEM32\CRYPTBASE.dll
0x76400000 - 0x76458000 	C:\WINDOWS\SYSTEM32\bcryptPrimitives.dll
0x73fb0000 - 0x740f7000 	C:\WINDOWS\SYSTEM32\USER32.dll
0x76970000 - 0x76abf000 	C:\WINDOWS\SYSTEM32\GDI32.dll
0x707b0000 - 0x709bf000 	C:\WINDOWS\WinSxS\x86_microsoft.windows.common-controls_6595b64144ccf1df_6.0.10586.0_none_d3c2e4e965da4528\COMCTL32.dll
0x76060000 - 0x7621d000 	C:\WINDOWS\SYSTEM32\combase.dll
0x74100000 - 0x7412b000 	C:\WINDOWS\SYSTEM32\IMM32.DLL
0x6c200000 - 0x6c2bf000 	C:\Program Files (x86)\Java\jdk1.7.0_55\jre\bin\msvcr100.dll
0x6b9b0000 - 0x6bd30000 	C:\Program Files (x86)\Java\jdk1.7.0_55\jre\bin\client\jvm.dll
0x76460000 - 0x76466000 	C:\WINDOWS\SYSTEM32\PSAPI.DLL
0x72340000 - 0x72348000 	C:\WINDOWS\SYSTEM32\WSOCK32.dll
0x742e0000 - 0x7433f000 	C:\WINDOWS\SYSTEM32\WS2_32.dll
0x730a0000 - 0x730c4000 	C:\WINDOWS\SYSTEM32\WINMM.dll
0x72f10000 - 0x72f33000 	C:\WINDOWS\SYSTEM32\WINMMBASE.dll
0x75740000 - 0x75777000 	C:\WINDOWS\SYSTEM32\cfgmgr32.dll
0x6c2d0000 - 0x6c2dc000 	C:\Program Files (x86)\Java\jdk1.7.0_55\jre\bin\verify.dll
0x6c1e0000 - 0x6c200000 	C:\Program Files (x86)\Java\jdk1.7.0_55\jre\bin\java.dll
0x6c1b0000 - 0x6c1da000 	C:\Program Files (x86)\Java\jdk1.7.0_55\jre\bin\jdwp.dll
0x6c1a0000 - 0x6c1a7000 	C:\Program Files (x86)\Java\jdk1.7.0_55\jre\bin\npt.dll
0x6c180000 - 0x6c193000 	C:\Program Files (x86)\Java\jdk1.7.0_55\jre\bin\zip.dll
0x6c170000 - 0x6c178000 	C:\Program Files (x86)\Java\jdk1.7.0_55\jre\bin\dt_socket.dll
0x73390000 - 0x733df000 	C:\WINDOWS\system32\mswsock.dll
0x6b740000 - 0x6b9a9000 	E:\Year 3 Ubb\Licenta\KBot\bwapi_bridge2_4.dll
0x68e60000 - 0x68ed1000 	C:\WINDOWS\SYSTEM32\MSVCP120.dll
0x68ee0000 - 0x68fce000 	C:\WINDOWS\SYSTEM32\MSVCR120.dll
0x6acc0000 - 0x6ad27000 	E:\Year 3 Ubb\Licenta\KBot\libgmp-10.dll
0x6f540000 - 0x6f59e000 	E:\Year 3 Ubb\Licenta\KBot\libmpfr-4.dll
0x72f40000 - 0x7307f000 	C:\WINDOWS\SYSTEM32\dbghelp.dll

VM Arguments:
jvm_args: -agentlib:jdwp=transport=dt_socket,address=127.0.0.1:56143,suspend=y,server=n -Dfile.encoding=UTF-8 
java_command: Main
Launcher Type: SUN_STANDARD

Environment Variables:
JAVA_HOME=C:\Program Files\Java\jdk1.8.0_65
PATH=M2;JAVA;C:\OCaml\bin;C:\Program Files (x86)\Java\jdk1.7.0_55\bin;C:\ProgramData\Oracle\Java\javapath;C:\Program Files (x86)\Microsoft DirectX SDK (August 2006)\Utilities\Bin\x86;C:\WINDOWS\system32;C:\WINDOWS;C:\WINDOWS\System32\Wbem;C:\WINDOWS\System32\WindowsPowerShell\v1.0\;C:\Program Files\nodejs\;C:\python27;C:\WINDOWS\system32\config\systemprofile\.dnx\bin;C:\Program Files\Microsoft DNX\Dnvm\;C:\Program Files\Microsoft SQL Server\120\Tools\Binn\;C:\Program Files (x86)\Windows Kits\10\Windows Performance Toolkit\;C:\Program Files (x86)\Microsoft Emulator Manager\1.0\;C:\Program Files (x86)\Git\bin;C:\Program Files (x86)\Git\cmd;C:\Program Files (x86)\Skype\Phone\;C:\Program Files\Java\jdk1.8.0_65;C:\maven\bin;C:\WINDOWS\system32;C:\WINDOWS;C:\WINDOWS\System32\Wbem;C:\WINDOWS\System32\WindowsPowerShell\v1.0\;C:\Program Files (x86)\Skype\Phone\;C:\Program Files\nodejs\;C:\python27;C:\Users\Alex\.dnx\bin;C:\Program Files\Microsoft DNX\Dnvm\;C:\Program Files\Microsoft SQL Server\120\Tools\Binn\;C:\Program Files (x86)\Windows Kits\10\Windows Performance Toolkit\;C:\Program Files (x86)\Microsoft Emulator Manager\1.0\;C:\Program Files (x86)\Git\bin;C:\Program Files (x86)\Git\cmd;C:\Users\Alex\AppData\Roaming\npm;C:\Python27\Scripts
USERNAME=Alex
OS=Windows_NT
PROCESSOR_IDENTIFIER=Intel64 Family 6 Model 58 Stepping 9, GenuineIntel



---------------  S Y S T E M  ---------------

OS: Windows 8.1 , 64 bit Build 9600 

CPU:total 8 (4 cores per cpu, 2 threads per core) family 6 model 58 stepping 9, cmov, cx8, fxsr, mmx, sse, sse2, sse3, ssse3, sse4.1, sse4.2, popcnt, avx, aes, erms, ht, tsc, tscinvbit, tscinv

Memory: 4k page, physical 16729436k(11681732k free), swap 19219804k(13708112k free)

vm_info: Java HotSpot(TM) Client VM (24.55-b03) for windows-x86 JRE (1.7.0_55-b13), built on Mar 17 2014 20:01:11 by "java_re" with unknown MS VC++:1600

time: Mon May 30 12:57:46 2016
elapsed time: 693 seconds

