#
# A fatal error has been detected by the Java Runtime Environment:
#
#  EXCEPTION_ACCESS_VIOLATION (0xc0000005) at pc=0x5d8cc0bf, pid=8764, tid=3320
#
# JRE version: Java(TM) SE Runtime Environment (7.0_55-b13) (build 1.7.0_55-b13)
# Java VM: Java HotSpot(TM) Client VM (24.55-b03 mixed mode, sharing windows-x86 )
# Problematic frame:
# C  [bwapi_bridge2_4.dll+0x2c0bf]
#
# Failed to write core dump. Minidumps are not enabled by default on client versions of Windows
#
# If you would like to submit a bug report, please visit:
#   http://bugreport.sun.com/bugreport/crash.jsp
# The crash happened outside the Java Virtual Machine in native code.
# See problematic frame for where to report the bug.
#

---------------  T H R E A D  ---------------

Current thread (0x0230c000):  JavaThread "main" [_thread_in_native, id=3320, stack(0x002e0000,0x00330000)]

siginfo: ExceptionCode=0xc0000005, writing address 0x0682d000

Registers:
EAX=0x00030124, EBX=0x00ca6af8, ECX=0x00ca6af8, EDX=0x048b0000
ESP=0x0032def8, EBP=0x0032df78, ESI=0x0032dfd4, EDI=0x0230c130
EIP=0x5d8cc0bf, EFLAGS=0x00010202

Top of Stack: (sp=0x0032def8)
0x0032def8:   00000002 00000002 0000005d 00000980
0x0032df08:   00000bc0 000009a0 00000000 00000000
0x0032df18:   000000a5 0230c100 5d8bfad2 00000002
0x0032df28:   0000005d 00000980 00000bc0 000009a0
0x0032df38:   000000a5 00000000 5d8e593a 0000005d
0x0032df48:   00000980 00000bc0 000009a0 000000a5
0x0032df58:   00000000 0230c000 0000004d 0230c000
0x0032df68:   0233ac8f 0230c000 000000a5 b1e4202b 

Instructions: (pc=0x5d8cc0bf)
0x5d8cc09f:   24 18 00 00 00 00 8d 04 80 c7 44 24 1c 00 00 00
0x5d8cc0af:   00 f3 0f 7f 84 c2 c4 c6 df 01 f3 0f 6f 44 24 10
0x5d8cc0bf:   f3 0f 7f 84 c2 d4 c6 df 01 f3 0f 7e 44 24 20 66
0x5d8cc0cf:   0f d6 84 c2 e4 c6 df 01 8b 41 14 ff 80 c0 c6 df 


Register to memory mapping:

EAX=0x00030124 is an unknown value
EBX=0x00ca6af8 is an unknown value
ECX=0x00ca6af8 is an unknown value
EDX=0x048b0000 is an unknown value
ESP=0x0032def8 is pointing into the stack for thread: 0x0230c000
EBP=0x0032df78 is pointing into the stack for thread: 0x0230c000
ESI=0x0032dfd4 is pointing into the stack for thread: 0x0230c000
EDI=0x0230c130 is an unknown value


Stack: [0x002e0000,0x00330000],  sp=0x0032def8,  free space=311k
Native frames: (J=compiled Java code, j=interpreted, Vv=VM code, C=native code)
C  [bwapi_bridge2_4.dll+0x2c0bf]
J  bwapi.Game.drawBoxMap_native(JIIIILbwapi/Color;Z)V
J  TestBot1.onFrame()V
v  ~StubRoutines::call_stub
V  [jvm.dll+0x13f25a]
V  [jvm.dll+0x202c1e]
V  [jvm.dll+0x13f2dd]
V  [jvm.dll+0xc9b22]
V  [jvm.dll+0xcd773]
C  [bwapi_bridge2_4.dll+0x40e6d]
C  [bwapi_bridge2_4.dll+0x699d0]
j  bwapi.Mirror.startGame()V+0
j  TestBot1.run()V+15
j  TestBot1.main([Ljava/lang/String;)V+7
v  ~StubRoutines::call_stub
V  [jvm.dll+0x13f25a]
V  [jvm.dll+0x202c1e]
V  [jvm.dll+0x13f2dd]
V  [jvm.dll+0xc98a5]
V  [jvm.dll+0xd4567]
C  [javaw.exe+0x2070]
C  [javaw.exe+0xa5b1]
C  [javaw.exe+0xa63b]
C  [KERNEL32.DLL+0x138f4]
C  [ntdll.dll+0x65e13]
C  [ntdll.dll+0x65dde]

Java frames: (J=compiled Java code, j=interpreted, Vv=VM code)
J  bwapi.Game.drawBoxMap_native(JIIIILbwapi/Color;Z)V
J  TestBot1.onFrame()V
j  bwapi.AIModule.onFrame()V+11
v  ~StubRoutines::call_stub
j  bwapi.Mirror.startGame()V+0
j  TestBot1.run()V+15
j  TestBot1.main([Ljava/lang/String;)V+7
v  ~StubRoutines::call_stub

---------------  P R O C E S S  ---------------

Java Threads: ( => current thread )
  0x021fc800 JavaThread "Service Thread" daemon [_thread_blocked, id=2784, stack(0x045d0000,0x04620000)]
  0x021f6000 JavaThread "C1 CompilerThread0" daemon [_thread_blocked, id=2296, stack(0x04540000,0x04590000)]
  0x021f5400 JavaThread "Attach Listener" daemon [_thread_blocked, id=7728, stack(0x044b0000,0x04500000)]
  0x021eec00 JavaThread "Signal Dispatcher" daemon [_thread_blocked, id=9612, stack(0x04420000,0x04470000)]
  0x02180800 JavaThread "Finalizer" daemon [_thread_blocked, id=248, stack(0x02290000,0x022e0000)]
  0x0217f000 JavaThread "Reference Handler" daemon [_thread_blocked, id=1156, stack(0x00a20000,0x00a70000)]
=>0x0230c000 JavaThread "main" [_thread_in_native, id=3320, stack(0x002e0000,0x00330000)]

Other Threads:
  0x0217dc00 VMThread [stack: 0x00330000,0x00380000] [id=3120]
  0x02208000 WatcherThread [stack: 0x04660000,0x046b0000] [id=7088]

VM state:not at safepoint (normal execution)

VM Mutex/Monitor currently owned by a thread: None

Heap
 def new generation   total 4928K, used 1374K [0x247b0000, 0x24d00000, 0x29d00000)
  eden space 4416K,  31% used [0x247b0000, 0x24907978, 0x24c00000)
  from space 512K,   0% used [0x24c00000, 0x24c00000, 0x24c80000)
  to   space 512K,   0% used [0x24c80000, 0x24c80000, 0x24d00000)
 tenured generation   total 10944K, used 0K [0x29d00000, 0x2a7b0000, 0x347b0000)
   the space 10944K,   0% used [0x29d00000, 0x29d00000, 0x29d00200, 0x2a7b0000)
 compacting perm gen  total 12288K, used 538K [0x347b0000, 0x353b0000, 0x387b0000)
   the space 12288K,   4% used [0x347b0000, 0x34836818, 0x34836a00, 0x353b0000)
    ro space 10240K,  44% used [0x387b0000, 0x38c28300, 0x38c28400, 0x391b0000)
    rw space 12288K,  52% used [0x391b0000, 0x397ff100, 0x397ff200, 0x39db0000)

Card table byte_map: [0x04330000,0x043e0000] byte_map_base: 0x0420c280

Polling page: 0x00b10000

Code Cache  [0x02330000, 0x023d0000, 0x04330000)
 total_blobs=181 nmethods=44 adapters=74 free_code_cache=32132Kb largest_free_block=32903744

Compilation events (10 events):
Event: 3.944 Thread 0x021f6000   39             java.nio.ByteBuffer::arrayOffset (35 bytes)
Event: 3.944 Thread 0x021f6000 nmethod 39 0x023cd048 code [0x023cd160, 0x023cd2e8]
Event: 3.944 Thread 0x021f6000   40             java.nio.Buffer::position (5 bytes)
Event: 3.945 Thread 0x021f6000 nmethod 40 0x023cd3c8 code [0x023cd4c0, 0x023cd540]
Event: 3.946 Thread 0x021f6000   41             java.util.HashMap::getEntry (86 bytes)
Event: 3.946 Thread 0x021f6000 nmethod 41 0x023cd588 code [0x023cd6b0, 0x023cd838]
Event: 4.110 Thread 0x021f6000   42             bwapi.Game::drawBoxMap (18 bytes)
Event: 4.110 Thread 0x021f6000 nmethod 42 0x023cdc48 code [0x023cdd40, 0x023cde0c]
Event: 4.123 Thread 0x021f6000   44 %           TestBot1::onFrame @ 79 (185 bytes)
Event: 4.124 Thread 0x021f6000 nmethod 44% 0x023cde88 code [0x023ce090, 0x023ce6b0]

GC Heap History (0 events):
No events

Deoptimization events (0 events):
No events

Internal exceptions (10 events):
Event: 3.465 Thread 0x0230c000 Threw 0x248a27f0 at C:\re\jdk7u55\869\hotspot\src\share\vm\prims\jvm.cpp:1244
Event: 3.465 Thread 0x0230c000 Threw 0x248a40d8 at C:\re\jdk7u55\869\hotspot\src\share\vm\prims\jvm.cpp:1244
Event: 3.466 Thread 0x0230c000 Threw 0x248a53a0 at C:\re\jdk7u55\869\hotspot\src\share\vm\prims\jvm.cpp:1244
Event: 3.466 Thread 0x0230c000 Threw 0x248a7398 at C:\re\jdk7u55\869\hotspot\src\share\vm\prims\jvm.cpp:1244
Event: 3.934 Thread 0x0230c000 Threw 0x248aa7f0 at C:\re\jdk7u55\869\hotspot\src\share\vm\prims\jvm.cpp:1244
Event: 3.935 Thread 0x0230c000 Threw 0x248ae680 at C:\re\jdk7u55\869\hotspot\src\share\vm\prims\jvm.cpp:1244
Event: 3.935 Thread 0x0230c000 Threw 0x248b1598 at C:\re\jdk7u55\869\hotspot\src\share\vm\prims\jvm.cpp:1244
Event: 3.935 Thread 0x0230c000 Threw 0x248b3748 at C:\re\jdk7u55\869\hotspot\src\share\vm\prims\jvm.cpp:1244
Event: 3.945 Thread 0x0230c000 Threw 0x248feea8 at C:\re\jdk7u55\869\hotspot\src\share\vm\prims\jvm.cpp:1244
Event: 3.946 Thread 0x0230c000 Threw 0x24900610 at C:\re\jdk7u55\869\hotspot\src\share\vm\prims\jvm.cpp:1244

Events (10 events):
Event: 3.935 loading class 0x046bda50
Event: 3.935 loading class 0x046bda50 done
Event: 3.935 loading class 0x021e5300
Event: 3.935 loading class 0x021e5300 done
Event: 3.945 loading class 0x02206eb8
Event: 3.945 loading class 0x02206eb8 done
Event: 3.946 loading class 0x022233e0
Event: 3.946 loading class 0x022233e0 done
Event: 4.073 Executing VM operation: EnableBiasedLocking
Event: 4.073 Executing VM operation: EnableBiasedLocking done


Dynamic libraries:
0x002b0000 - 0x002df000 	C:\Program Files (x86)\Java\jdk1.7.0_55\bin\javaw.exe
0x77280000 - 0x773fb000 	C:\WINDOWS\SYSTEM32\ntdll.dll
0x75640000 - 0x75720000 	C:\WINDOWS\SYSTEM32\KERNEL32.DLL
0x75a60000 - 0x75bde000 	C:\WINDOWS\SYSTEM32\KERNELBASE.dll
0x73fd0000 - 0x7404b000 	C:\WINDOWS\SYSTEM32\ADVAPI32.dll
0x75160000 - 0x7521e000 	C:\WINDOWS\SYSTEM32\msvcrt.dll
0x757d0000 - 0x75814000 	C:\WINDOWS\SYSTEM32\sechost.dll
0x75720000 - 0x757cd000 	C:\WINDOWS\SYSTEM32\RPCRT4.dll
0x73fb0000 - 0x73fce000 	C:\WINDOWS\SYSTEM32\SspiCli.dll
0x73fa0000 - 0x73faa000 	C:\WINDOWS\SYSTEM32\CRYPTBASE.dll
0x75220000 - 0x75278000 	C:\WINDOWS\SYSTEM32\bcryptPrimitives.dll
0x753a0000 - 0x754e7000 	C:\WINDOWS\SYSTEM32\USER32.dll
0x754f0000 - 0x7563f000 	C:\WINDOWS\SYSTEM32\GDI32.dll
0x6fea0000 - 0x700af000 	C:\WINDOWS\WinSxS\x86_microsoft.windows.common-controls_6595b64144ccf1df_6.0.10586.0_none_d3c2e4e965da4528\COMCTL32.dll
0x770c0000 - 0x7727d000 	C:\WINDOWS\SYSTEM32\combase.dll
0x75820000 - 0x7584b000 	C:\WINDOWS\SYSTEM32\IMM32.DLL
0x6e430000 - 0x6e45c000 	C:\Program Files (x86)\AVG\Av\avghookx.dll
0x6b590000 - 0x6b64f000 	C:\Program Files (x86)\Java\jdk1.7.0_55\jre\bin\msvcr100.dll
0x5be50000 - 0x5c1d0000 	C:\Program Files (x86)\Java\jdk1.7.0_55\jre\bin\client\jvm.dll
0x74230000 - 0x74236000 	C:\WINDOWS\SYSTEM32\PSAPI.DLL
0x6e140000 - 0x6e148000 	C:\WINDOWS\SYSTEM32\WSOCK32.dll
0x74bf0000 - 0x74c4f000 	C:\WINDOWS\SYSTEM32\WS2_32.dll
0x72870000 - 0x72894000 	C:\WINDOWS\SYSTEM32\WINMM.dll
0x724a0000 - 0x724c3000 	C:\WINDOWS\SYSTEM32\WINMMBASE.dll
0x74bb0000 - 0x74be7000 	C:\WINDOWS\SYSTEM32\cfgmgr32.dll
0x6e650000 - 0x6e65c000 	C:\Program Files (x86)\Java\jdk1.7.0_55\jre\bin\verify.dll
0x6e630000 - 0x6e650000 	C:\Program Files (x86)\Java\jdk1.7.0_55\jre\bin\java.dll
0x6e610000 - 0x6e623000 	C:\Program Files (x86)\Java\jdk1.7.0_55\jre\bin\zip.dll
0x5d8a0000 - 0x5db09000 	D:\BWApi\ExampleBot2\ExampleBot\bwapi_bridge2_4.dll
0x5b8e0000 - 0x5b951000 	C:\WINDOWS\SYSTEM32\MSVCP120.dll
0x5b960000 - 0x5ba4e000 	C:\WINDOWS\SYSTEM32\MSVCR120.dll
0x6acc0000 - 0x6ad27000 	D:\BWApi\ExampleBot2\ExampleBot\libgmp-10.dll
0x6f540000 - 0x6f59e000 	D:\BWApi\ExampleBot2\ExampleBot\libmpfr-4.dll
0x72730000 - 0x7286f000 	C:\WINDOWS\SYSTEM32\dbghelp.dll

VM Arguments:
jvm_args: -Dfile.encoding=Cp1252 
java_command: TestBot1
Launcher Type: SUN_STANDARD

Environment Variables:
PATH=C:/Program Files/Java/jre1.8.0_65/bin/server;C:/Program Files/Java/jre1.8.0_65/bin;C:/Program Files/Java/jre1.8.0_65/lib/amd64;C:\Program Files (x86)\Java\jdk1.7.0_55\bin;C:\ProgramData\Oracle\Java\javapath;C:\Program Files (x86)\Microsoft DirectX SDK (August 2006)\Utilities\Bin\x86;C:\WINDOWS\system32;C:\WINDOWS;C:\WINDOWS\System32\Wbem;C:\WINDOWS\System32\WindowsPowerShell\v1.0\;C:\Program Files\nodejs\;C:\python27;C:\WINDOWS\system32\config\systemprofile\.dnx\bin;C:\Program Files\Microsoft DNX\Dnvm\;C:\Program Files\Microsoft SQL Server\120\Tools\Binn\;C:\Program Files (x86)\Windows Kits\10\Windows Performance Toolkit\;C:\Program Files (x86)\Microsoft Emulator Manager\1.0\;C:\Program Files (x86)\Git\bin;C:\Program Files (x86)\Git\cmd;C:\Program Files (x86)\Skype\Phone\;C:\Program Files (x86)\GtkSharp\2.12\bin;C:\WINDOWS\system32;C:\WINDOWS;C:\WINDOWS\System32\Wbem;C:\WINDOWS\System32\WindowsPowerShell\v1.0\;C:\Program Files (x86)\Skype\Phone\;C:\Program Files\nodejs\;C:\python27;C:\Users\Alex\.dnx\bin;C:\Program Files\Microsoft DNX\Dnvm\;C:\Program Files\Microsoft SQL Server\120\Tools\Binn\;C:\Program Files (x86)\Windows Kits\10\Windows Performance Toolkit\;C:\Program Files (x86)\Microsoft Emulator Manager\1.0\;C:\Program Files (x86)\Git\bin;C:\Program Files (x86)\Git\cmd;C:\Users\Alex\AppData\Roaming\npm;C:\Python27\Scripts;C:\Users\Alex\Desktop;
USERNAME=Alex
OS=Windows_NT
PROCESSOR_IDENTIFIER=Intel64 Family 6 Model 58 Stepping 9, GenuineIntel



---------------  S Y S T E M  ---------------

OS: Windows 8.1 , 64 bit Build 9600 

CPU:total 8 (4 cores per cpu, 2 threads per core) family 6 model 58 stepping 9, cmov, cx8, fxsr, mmx, sse, sse2, sse3, ssse3, sse4.1, sse4.2, popcnt, avx, aes, erms, ht, tsc, tscinvbit, tscinv

Memory: 4k page, physical 16729436k(12554492k free), swap 19219804k(14013068k free)

vm_info: Java HotSpot(TM) Client VM (24.55-b03) for windows-x86 JRE (1.7.0_55-b13), built on Mar 17 2014 20:01:11 by "java_re" with unknown MS VC++:1600

time: Sun Feb 28 20:39:29 2016
elapsed time: 4 seconds

