#
# A fatal error has been detected by the Java Runtime Environment:
#
#  EXCEPTION_ACCESS_VIOLATION (0xc0000005) at pc=0x5d8cc0bf, pid=9680, tid=932
#
# JRE version: Java(TM) SE Runtime Environment (7.0_55-b13) (build 1.7.0_55-b13)
# Java VM: Java HotSpot(TM) Client VM (24.55-b03 mixed mode, sharing windows-x86 )
# Problematic frame:
# C  [bwapi_bridge2_4.dll+0x2c0bf]
#
# Failed to write core dump. Minidumps are not enabled by default on client versions of Windows
#
# If you would like to submit a bug report, please visit:
#   http://bugreport.sun.com/bugreport/crash.jsp
# The crash happened outside the Java Virtual Machine in native code.
# See problematic frame for where to report the bug.
#

---------------  T H R E A D  ---------------

Current thread (0x0223c000):  JavaThread "main" [_thread_in_native, id=932, stack(0x00230000,0x00280000)]

siginfo: ExceptionCode=0xc0000005, writing address 0x0681d000

Registers:
EAX=0x00030124, EBX=0x00a78af8, ECX=0x00a78af8, EDX=0x048a0000
ESP=0x0027e088, EBP=0x0027e108, ESI=0x0027e164, EDI=0x0223c130
EIP=0x5d8cc0bf, EFLAGS=0x00010202

Top of Stack: (sp=0x0027e088)
0x0027e088:   00000002 00000002 00000800 00000500
0x0027e098:   00000820 00000520 00000000 00000000
0x0027e0a8:   000000a5 0223c100 5d8bfad2 00000002
0x0027e0b8:   00000800 00000500 00000820 00000520
0x0027e0c8:   000000a5 00000000 5d8e593a 00000800
0x0027e0d8:   00000500 00000820 00000520 000000a5
0x0027e0e8:   00000000 0223c000 00000520 0223c000
0x0027e0f8:   0027e134 0223c000 000000a5 8bd9dd3f 

Instructions: (pc=0x5d8cc0bf)
0x5d8cc09f:   24 18 00 00 00 00 8d 04 80 c7 44 24 1c 00 00 00
0x5d8cc0af:   00 f3 0f 7f 84 c2 c4 c6 df 01 f3 0f 6f 44 24 10
0x5d8cc0bf:   f3 0f 7f 84 c2 d4 c6 df 01 f3 0f 7e 44 24 20 66
0x5d8cc0cf:   0f d6 84 c2 e4 c6 df 01 8b 41 14 ff 80 c0 c6 df 


Register to memory mapping:

EAX=0x00030124 is an unknown value
EBX=0x00a78af8 is an unknown value
ECX=0x00a78af8 is an unknown value
EDX=0x048a0000 is an unknown value
ESP=0x0027e088 is pointing into the stack for thread: 0x0223c000
EBP=0x0027e108 is pointing into the stack for thread: 0x0223c000
ESI=0x0027e164 is pointing into the stack for thread: 0x0223c000
EDI=0x0223c130 is an unknown value


Stack: [0x00230000,0x00280000],  sp=0x0027e088,  free space=312k
Native frames: (J=compiled Java code, j=interpreted, Vv=VM code, C=native code)
C  [bwapi_bridge2_4.dll+0x2c0bf]
J  bwapi.Game.drawBoxMap_native(JIIIILbwapi/Color;Z)V
J  TestBot1.onFrame()V
v  ~StubRoutines::call_stub
V  [jvm.dll+0x13f25a]
V  [jvm.dll+0x202c1e]
V  [jvm.dll+0x13f2dd]
V  [jvm.dll+0xc9b22]
V  [jvm.dll+0xcd773]
C  [bwapi_bridge2_4.dll+0x40e6d]
C  [bwapi_bridge2_4.dll+0x699d0]
j  bwapi.Mirror.startGame()V+0
j  TestBot1.run()V+15
j  TestBot1.main([Ljava/lang/String;)V+7
v  ~StubRoutines::call_stub
V  [jvm.dll+0x13f25a]
V  [jvm.dll+0x202c1e]
V  [jvm.dll+0x13f2dd]
V  [jvm.dll+0xc98a5]
V  [jvm.dll+0xd4567]
C  [javaw.exe+0x2070]
C  [javaw.exe+0xa5b1]
C  [javaw.exe+0xa63b]
C  [KERNEL32.DLL+0x138f4]
C  [ntdll.dll+0x65e13]
C  [ntdll.dll+0x65dde]

Java frames: (J=compiled Java code, j=interpreted, Vv=VM code)
J  bwapi.Game.drawBoxMap_native(JIIIILbwapi/Color;Z)V
J  TestBot1.onFrame()V
j  bwapi.AIModule.onFrame()V+11
v  ~StubRoutines::call_stub
j  bwapi.Mirror.startGame()V+0
j  TestBot1.run()V+15
j  TestBot1.main([Ljava/lang/String;)V+7
v  ~StubRoutines::call_stub

---------------  P R O C E S S  ---------------

Java Threads: ( => current thread )
  0x0215b000 JavaThread "Service Thread" daemon [_thread_blocked, id=5508, stack(0x045c0000,0x04610000)]
  0x02156000 JavaThread "C1 CompilerThread0" daemon [_thread_blocked, id=1300, stack(0x04530000,0x04580000)]
  0x02155400 JavaThread "Attach Listener" daemon [_thread_blocked, id=11156, stack(0x044a0000,0x044f0000)]
  0x02153c00 JavaThread "Signal Dispatcher" daemon [_thread_blocked, id=7580, stack(0x04410000,0x04460000)]
  0x020e0800 JavaThread "Finalizer" daemon [_thread_blocked, id=8668, stack(0x043c0000,0x04410000)]
  0x020df000 JavaThread "Reference Handler" daemon [_thread_blocked, id=5356, stack(0x04370000,0x043c0000)]
=>0x0223c000 JavaThread "main" [_thread_in_native, id=932, stack(0x00230000,0x00280000)]

Other Threads:
  0x020ddc00 VMThread [stack: 0x00320000,0x00370000] [id=10328]
  0x0216d400 WatcherThread [stack: 0x04650000,0x046a0000] [id=1164]

VM state:not at safepoint (normal execution)

VM Mutex/Monitor currently owned by a thread: None

Heap
 def new generation   total 4928K, used 1374K [0x247b0000, 0x24d00000, 0x29d00000)
  eden space 4416K,  31% used [0x247b0000, 0x249079c8, 0x24c00000)
  from space 512K,   0% used [0x24c00000, 0x24c00000, 0x24c80000)
  to   space 512K,   0% used [0x24c80000, 0x24c80000, 0x24d00000)
 tenured generation   total 10944K, used 0K [0x29d00000, 0x2a7b0000, 0x347b0000)
   the space 10944K,   0% used [0x29d00000, 0x29d00000, 0x29d00200, 0x2a7b0000)
 compacting perm gen  total 12288K, used 538K [0x347b0000, 0x353b0000, 0x387b0000)
   the space 12288K,   4% used [0x347b0000, 0x34836880, 0x34836a00, 0x353b0000)
    ro space 10240K,  44% used [0x387b0000, 0x38c28300, 0x38c28400, 0x391b0000)
    rw space 12288K,  52% used [0x391b0000, 0x397ff100, 0x397ff200, 0x39db0000)

Card table byte_map: [0x042c0000,0x04370000] byte_map_base: 0x0419c280

Polling page: 0x00940000

Code Cache  [0x02240000, 0x022e0000, 0x04240000)
 total_blobs=180 nmethods=43 adapters=74 free_code_cache=32133Kb largest_free_block=32904192

Compilation events (10 events):
Event: 4.102 Thread 0x02156000   38             java.nio.Buffer::position (43 bytes)
Event: 4.102 Thread 0x02156000 nmethod 38 0x022dcdc8 code [0x022dced0, 0x022dcfdc]
Event: 4.103 Thread 0x02156000   39             java.nio.ByteBuffer::arrayOffset (35 bytes)
Event: 4.103 Thread 0x02156000 nmethod 39 0x022dd048 code [0x022dd160, 0x022dd2e8]
Event: 4.103 Thread 0x02156000   40             java.nio.Buffer::position (5 bytes)
Event: 4.103 Thread 0x02156000 nmethod 40 0x022dd3c8 code [0x022dd4c0, 0x022dd540]
Event: 4.268 Thread 0x02156000   41             bwapi.Game::drawBoxMap (18 bytes)
Event: 4.269 Thread 0x02156000 nmethod 41 0x022dd848 code [0x022dd940, 0x022dda0c]
Event: 4.281 Thread 0x02156000   43 %           TestBot1::onFrame @ 97 (214 bytes)
Event: 4.282 Thread 0x02156000 nmethod 43% 0x022dda88 code [0x022ddcb0, 0x022de398]

GC Heap History (0 events):
No events

Deoptimization events (0 events):
No events

Internal exceptions (10 events):
Event: 3.625 Thread 0x0223c000 Threw 0x248a2818 at C:\re\jdk7u55\869\hotspot\src\share\vm\prims\jvm.cpp:1244
Event: 3.625 Thread 0x0223c000 Threw 0x248a4100 at C:\re\jdk7u55\869\hotspot\src\share\vm\prims\jvm.cpp:1244
Event: 3.626 Thread 0x0223c000 Threw 0x248a53c8 at C:\re\jdk7u55\869\hotspot\src\share\vm\prims\jvm.cpp:1244
Event: 3.626 Thread 0x0223c000 Threw 0x248a73c0 at C:\re\jdk7u55\869\hotspot\src\share\vm\prims\jvm.cpp:1244
Event: 4.093 Thread 0x0223c000 Threw 0x248aa818 at C:\re\jdk7u55\869\hotspot\src\share\vm\prims\jvm.cpp:1244
Event: 4.094 Thread 0x0223c000 Threw 0x248ae6a8 at C:\re\jdk7u55\869\hotspot\src\share\vm\prims\jvm.cpp:1244
Event: 4.094 Thread 0x0223c000 Threw 0x248b15c0 at C:\re\jdk7u55\869\hotspot\src\share\vm\prims\jvm.cpp:1244
Event: 4.094 Thread 0x0223c000 Threw 0x248b3770 at C:\re\jdk7u55\869\hotspot\src\share\vm\prims\jvm.cpp:1244
Event: 4.104 Thread 0x0223c000 Threw 0x248feeb8 at C:\re\jdk7u55\869\hotspot\src\share\vm\prims\jvm.cpp:1244
Event: 4.105 Thread 0x0223c000 Threw 0x24900620 at C:\re\jdk7u55\869\hotspot\src\share\vm\prims\jvm.cpp:1244

Events (10 events):
Event: 4.094 loading class 0x02149888
Event: 4.094 loading class 0x02149888 done
Event: 4.094 loading class 0x046b6530
Event: 4.094 loading class 0x046b6530 done
Event: 4.094 loading class 0x02149548
Event: 4.094 loading class 0x02149548 done
Event: 4.104 loading class 0x021647a0
Event: 4.104 loading class 0x021647a0 done
Event: 4.105 loading class 0x0218a6b0
Event: 4.105 loading class 0x0218a6b0 done


Dynamic libraries:
0x002b0000 - 0x002df000 	C:\Program Files (x86)\Java\jdk1.7.0_55\bin\javaw.exe
0x77280000 - 0x773fb000 	C:\WINDOWS\SYSTEM32\ntdll.dll
0x75640000 - 0x75720000 	C:\WINDOWS\SYSTEM32\KERNEL32.DLL
0x75a60000 - 0x75bde000 	C:\WINDOWS\SYSTEM32\KERNELBASE.dll
0x73fd0000 - 0x7404b000 	C:\WINDOWS\SYSTEM32\ADVAPI32.dll
0x75160000 - 0x7521e000 	C:\WINDOWS\SYSTEM32\msvcrt.dll
0x757d0000 - 0x75814000 	C:\WINDOWS\SYSTEM32\sechost.dll
0x75720000 - 0x757cd000 	C:\WINDOWS\SYSTEM32\RPCRT4.dll
0x73fb0000 - 0x73fce000 	C:\WINDOWS\SYSTEM32\SspiCli.dll
0x73fa0000 - 0x73faa000 	C:\WINDOWS\SYSTEM32\CRYPTBASE.dll
0x75220000 - 0x75278000 	C:\WINDOWS\SYSTEM32\bcryptPrimitives.dll
0x753a0000 - 0x754e7000 	C:\WINDOWS\SYSTEM32\USER32.dll
0x754f0000 - 0x7563f000 	C:\WINDOWS\SYSTEM32\GDI32.dll
0x6fea0000 - 0x700af000 	C:\WINDOWS\WinSxS\x86_microsoft.windows.common-controls_6595b64144ccf1df_6.0.10586.0_none_d3c2e4e965da4528\COMCTL32.dll
0x770c0000 - 0x7727d000 	C:\WINDOWS\SYSTEM32\combase.dll
0x75820000 - 0x7584b000 	C:\WINDOWS\SYSTEM32\IMM32.DLL
0x6e430000 - 0x6e45c000 	C:\Program Files (x86)\AVG\Av\avghookx.dll
0x6b590000 - 0x6b64f000 	C:\Program Files (x86)\Java\jdk1.7.0_55\jre\bin\msvcr100.dll
0x5be50000 - 0x5c1d0000 	C:\Program Files (x86)\Java\jdk1.7.0_55\jre\bin\client\jvm.dll
0x74230000 - 0x74236000 	C:\WINDOWS\SYSTEM32\PSAPI.DLL
0x6e140000 - 0x6e148000 	C:\WINDOWS\SYSTEM32\WSOCK32.dll
0x74bf0000 - 0x74c4f000 	C:\WINDOWS\SYSTEM32\WS2_32.dll
0x72870000 - 0x72894000 	C:\WINDOWS\SYSTEM32\WINMM.dll
0x724a0000 - 0x724c3000 	C:\WINDOWS\SYSTEM32\WINMMBASE.dll
0x74bb0000 - 0x74be7000 	C:\WINDOWS\SYSTEM32\cfgmgr32.dll
0x6e5e0000 - 0x6e5ec000 	C:\Program Files (x86)\Java\jdk1.7.0_55\jre\bin\verify.dll
0x6e480000 - 0x6e4a0000 	C:\Program Files (x86)\Java\jdk1.7.0_55\jre\bin\java.dll
0x6b570000 - 0x6b583000 	C:\Program Files (x86)\Java\jdk1.7.0_55\jre\bin\zip.dll
0x5d8a0000 - 0x5db09000 	D:\BWApi\ExampleBot2\ExampleBot\bwapi_bridge2_4.dll
0x5b8e0000 - 0x5b951000 	C:\WINDOWS\SYSTEM32\MSVCP120.dll
0x5b960000 - 0x5ba4e000 	C:\WINDOWS\SYSTEM32\MSVCR120.dll
0x6acc0000 - 0x6ad27000 	D:\BWApi\ExampleBot2\ExampleBot\libgmp-10.dll
0x6f540000 - 0x6f59e000 	D:\BWApi\ExampleBot2\ExampleBot\libmpfr-4.dll
0x72730000 - 0x7286f000 	C:\WINDOWS\SYSTEM32\dbghelp.dll

VM Arguments:
jvm_args: -Dfile.encoding=Cp1252 
java_command: TestBot1
Launcher Type: SUN_STANDARD

Environment Variables:
PATH=C:/Program Files/Java/jre1.8.0_65/bin/server;C:/Program Files/Java/jre1.8.0_65/bin;C:/Program Files/Java/jre1.8.0_65/lib/amd64;C:\Program Files (x86)\Java\jdk1.7.0_55\bin;C:\ProgramData\Oracle\Java\javapath;C:\Program Files (x86)\Microsoft DirectX SDK (August 2006)\Utilities\Bin\x86;C:\WINDOWS\system32;C:\WINDOWS;C:\WINDOWS\System32\Wbem;C:\WINDOWS\System32\WindowsPowerShell\v1.0\;C:\Program Files\nodejs\;C:\python27;C:\WINDOWS\system32\config\systemprofile\.dnx\bin;C:\Program Files\Microsoft DNX\Dnvm\;C:\Program Files\Microsoft SQL Server\120\Tools\Binn\;C:\Program Files (x86)\Windows Kits\10\Windows Performance Toolkit\;C:\Program Files (x86)\Microsoft Emulator Manager\1.0\;C:\Program Files (x86)\Git\bin;C:\Program Files (x86)\Git\cmd;C:\Program Files (x86)\Skype\Phone\;C:\Program Files (x86)\GtkSharp\2.12\bin;C:\WINDOWS\system32;C:\WINDOWS;C:\WINDOWS\System32\Wbem;C:\WINDOWS\System32\WindowsPowerShell\v1.0\;C:\Program Files (x86)\Skype\Phone\;C:\Program Files\nodejs\;C:\python27;C:\Users\Alex\.dnx\bin;C:\Program Files\Microsoft DNX\Dnvm\;C:\Program Files\Microsoft SQL Server\120\Tools\Binn\;C:\Program Files (x86)\Windows Kits\10\Windows Performance Toolkit\;C:\Program Files (x86)\Microsoft Emulator Manager\1.0\;C:\Program Files (x86)\Git\bin;C:\Program Files (x86)\Git\cmd;C:\Users\Alex\AppData\Roaming\npm;C:\Python27\Scripts;C:\Users\Alex\Desktop;
USERNAME=Alex
OS=Windows_NT
PROCESSOR_IDENTIFIER=Intel64 Family 6 Model 58 Stepping 9, GenuineIntel



---------------  S Y S T E M  ---------------

OS: Windows 8.1 , 64 bit Build 9600 

CPU:total 8 (4 cores per cpu, 2 threads per core) family 6 model 58 stepping 9, cmov, cx8, fxsr, mmx, sse, sse2, sse3, ssse3, sse4.1, sse4.2, popcnt, avx, aes, erms, ht, tsc, tscinvbit, tscinv

Memory: 4k page, physical 16729436k(12416296k free), swap 19219804k(13859272k free)

vm_info: Java HotSpot(TM) Client VM (24.55-b03) for windows-x86 JRE (1.7.0_55-b13), built on Mar 17 2014 20:01:11 by "java_re" with unknown MS VC++:1600

time: Sun Feb 28 20:58:27 2016
elapsed time: 4 seconds

