#
# A fatal error has been detected by the Java Runtime Environment:
#
#  EXCEPTION_ACCESS_VIOLATION (0xc0000005) at pc=0x00000000, pid=12412, tid=7744
#
# JRE version: Java(TM) SE Runtime Environment (7.0_55-b13) (build 1.7.0_55-b13)
# Java VM: Java HotSpot(TM) Client VM (24.55-b03 mixed mode, sharing windows-x86 )
# Problematic frame:
# C  0x00000000
#
# Failed to write core dump. Minidumps are not enabled by default on client versions of Windows
#
# If you would like to submit a bug report, please visit:
#   http://bugreport.sun.com/bugreport/crash.jsp
# The crash happened outside the Java Virtual Machine in native code.
# See problematic frame for where to report the bug.
#

---------------  T H R E A D  ---------------

Current thread (0x004dc000):  JavaThread "main" [_thread_in_native, id=7744, stack(0x004e0000,0x00530000)]

siginfo: ExceptionCode=0xc0000005, ExceptionInformation=0x00000008 0x00000000

Registers:
EAX=0x006c38a8, EBX=0x34821108, ECX=0x006a76f0, EDX=0x34825790
ESP=0x0052dfc4, EBP=0x0052dfd8, ESI=0x34821108, EDI=0x004dc000
EIP=0x00000000, EFLAGS=0x00010287

Top of Stack: (sp=0x0052dfc4)
0x0052dfc4:   55cd63a2 004dc000 34821108 34821108
0x0052dfd4:   004dc130 0052e01c 0228a9dd 004dc130
0x0052dfe4:   0052e034 006a76f0 004dc000 000001f8
0x0052dff4:   00668110 0052e058 0052dffc 00000000
0x0052e004:   0052e034 34825790 00000000 34821108
0x0052e014:   00000000 0052e02c 0052e058 0228339a
0x0052e024:   00000000 022888e6 006a76f0 004dc000
0x0052e034:   29d00ad8 0052e038 348199dd 0052e060 

Instructions: (pc=0x00000000)
0xffffffe0:   


Register to memory mapping:

EAX=0x006c38a8 is an unknown value
EBX=0x34821108 is an oop
{method} 
 - klass: {other class}
ECX=0x006a76f0 is an unknown value
EDX=0x34825790 is an oop
{constant pool cache} 
 - klass: {other class}
                 -------------
  0  (0x348257a0)  [b5|b4|    1]
                 [   0x29d049a8]
                 [   0x00000008]
                 [   0x44000001]
                 -------------
  1  (0x348257b0)  [00|00|    2]
                 [   0x00000000]
                 [   0x00000000]
                 [   0x00000000]
                 -------------
  2  (0x348257c0)  [00|00|    3]
                 [   0x00000000]
                 [   0x00000000]
                 [   0x00000000]
                 -------------
  3  (0x348257d0)  [00|00|    4]
                 [   0x00000000]
                 [   0x00000000]
                 [   0x00000000]
                 -------------
  4  (0x348257e0)  [00|00|    5]
                 [   0x00000000]
                 [   0x00000000]
                 [   0x00000000]
                 -------------
  5  (0x348257f0)  [00|00|    6]
                 [   0x00000000]
                 [   0x00000000]
                 [   0x00000000]
                 -------------
  6  (0x34825800)  [00|00|    7]
                 [   0x00000000]
                 [   0x00000000]
                 [   0x00000000]
                 -------------
  7  (0x34825810)  [00|00|    8]
                 [   0x00000000]
                 [   0x00000000]
                 [   0x00000000]
                 -------------
  8  (0x34825820)  [00|00|    9]
                 [   0x00000000]
                 [   0x00000000]
                 [   0x00000000]
                 -------------
  9  (0x34825830)  [00|00|   10]
                 [   0x00000000]
                 [   0x00000000]
                 [   0x00000000]
                 -------------
 10  (0x34825840)  [00|00|   11]
                 [   0x00000000]
                 [   0x00000000]
                 [   0x00000000]
                 -------------
 11  (0x34825850)  [00|00|   12]
                 [   0x00000000]
                 [   0x00000000]
                 [   0x00000000]
                 -------------
 12  (0x34825860)  [00|00|   13]
                 [   0x00000000]
                 [   0x00000000]
                 [   0x00000000]
                 -------------
 13  (0x34825870)  [00|00|   14]
                 [   0x00000000]
                 [   0x00000000]
                 [   0x00000000]
                 -------------
 14  (0x34825880)  [00|00|   15]
                 [   0x00000000]
                 [   0x00000000]
                 [   0x00000000]
                 -------------
 15  (0x34825890)  [00|00|   16]
                 [   0x00000000]
                 [   0x00000000]
                 [   0x00000000]
                 -------------
 16  (0x348258a0)  [00|00|   17]
                 [   0x00000000]
                 [   0x00000000]
                 [   0x00000000]
                 -------------
 17  (0x348258b0)  [00|00|   18]
                 [   0x00000000]
                 [   0x00000000]
                 [   0x00000000]
                 -------------
 18  (0x348258c0)  [00|00|   19]
                 [   0x00000000]
                 [   0x00000000]
                 [   0x00000000]
                 -------------
 19  (0x348258d0)  [00|00|   20]
                 [   0x00000000]
                 [   0x00000000]
                 [   0x00000000]
                 -------------
 20  (0x348258e0)  [00|00|   21]
                 [   0x00000000]
                 [   0x00000000]
                 [   0x00000000]
                 -------------
 21  (0x348258f0)  [00|00|   22]
                 [   0x00000000]
                 [   0x00000000]
                 [   0x00000000]
                 -------------
 22  (0x34825900)  [00|00|   23]
                 [   0x00000000]
                 [   0x00000000]
                 [   0x00000000]
                 -------------
 23  (0x34825910)  [00|00|   24]
                 [   0x00000000]
                 [   0x00000000]
                 [   0x00000000]
                 -------------
 24  (0x34825920)  [00|00|   25]
                 [   0x00000000]
                 [   0x00000000]
                 [   0x00000000]
                 -------------
 25  (0x34825930)  [00|00|   26]
                 [   0x00000000]
                 [   0x00000000]
                 [   0x00000000]
                 -------------
 26  (0x34825940)  [00|00|   27]
                 [   0x00000000]
                 [   0x00000000]
                 [   0x00000000]
                 -------------
 27  (0x34825950)  [00|00|   28]
                 [   0x00000000]
                 [   0x00000000]
                 [   0x00000000]
                 -------------
 28  (0x34825960)  [00|00|   29]
                 [   0x00000000]
                 [   0x00000000]
                 [   0x00000000]
                 -------------
 29  (0x34825970)  [00|00|   30]
                 [   0x00000000]
                 [   0x00000000]
                 [   0x00000000]
                 -------------
 30  (0x34825980)  [00|00|   31]
                 [   0x00000000]
                 [   0x00000000]
                 [   0x00000000]
                 -------------
 31  (0x34825990)  [00|00|   32]
                 [   0x00000000]
                 [   0x00000000]
                 [   0x00000000]
                 -------------
 32  (0x348259a0)  [00|00|   33]
                 [   0x00000000]
                 [   0x00000000]
                 [   0x00000000]
                 -------------
 33  (0x348259b0)  [00|00|   34]
                 [   0x00000000]
                 [   0x00000000]
                 [   0x00000000]
                 -------------
 34  (0x348259c0)  [00|00|   35]
                 [   0x00000000]
                 [   0x00000000]
                 [   0x00000000]
                 -------------
 35  (0x348259d0)  [00|00|   36]
                 [   0x00000000]
                 [   0x00000000]
                 [   0x00000000]
                 -------------
 36  (0x348259e0)  [00|00|   37]
                 [   0x00000000]
                 [   0x00000000]
                 [   0x00000000]
                 -------------
 37  (0x348259f0)  [00|00|   38]
                 [   0x00000000]
                 [   0x00000000]
                 [   0x00000000]
                 -------------
 38  (0x34825a00)  [00|00|   39]
                 [   0x00000000]
                 [   0x00000000]
                 [   0x00000000]
                 -------------
 39  (0x34825a10)  [00|00|   40]
                 [   0x00000000]
                 [   0x00000000]
                 [   0x00000000]
                 -------------
 40  (0x34825a20)  [00|00|   41]
                 [   0x00000000]
                 [   0x00000000]
                 [   0x00000000]
                 -------------
 41  (0x34825a30)  [00|00|   42]
                 [   0x00000000]
                 [   0x00000000]
                 [   0x00000000]
                 -------------
 42  (0x34825a40)  [00|00|   43]
                 [   0x00000000]
                 [   0x00000000]
                 [   0x00000000]
                 -------------
 43  (0x34825a50)  [00|00|   44]
                 [   0x00000000]
                 [   0x00000000]
                 [   0x00000000]
                 -------------
 44  (0x34825a60)  [00|00|   45]
                 [   0x00000000]
                 [   0x00000000]
                 [   0x00000000]
                 -------------
 45  (0x34825a70)  [00|00|   46]
                 [   0x00000000]
                 [   0x00000000]
                 [   0x00000000]
                 -------------
 46  (0x34825a80)  [00|00|   47]
                 [   0x00000000]
                 [   0x00000000]
                 [   0x00000000]
                 -------------
 47  (0x34825a90)  [00|00|   48]
                 [   0x00000000]
                 [   0x00000000]
                 [   0x00000000]
                 -------------
 48  (0x34825aa0)  [00|00|   49]
                 [   0x00000000]
                 [   0x00000000]
                 [   0x00000000]
                 -------------
 49  (0x34825ab0)  [00|00|   50]
                 [   0x00000000]
                 [   0x00000000]
                 [   0x00000000]
                 -------------
 50  (0x34825ac0)  [00|00|   51]
                 [   0x00000000]
                 [   0x00000000]
                 [   0x00000000]
                 -------------
 51  (0x34825ad0)  [00|00|   52]
                 [   0x00000000]
                 [   0x00000000]
                 [   0x00000000]
                 -------------
 52  (0x34825ae0)  [00|00|   53]
                 [   0x00000000]
                 [   0x00000000]
                 [   0x00000000]
                 -------------
 53  (0x34825af0)  [00|00|   54]
                 [   0x00000000]
                 [   0x00000000]
                 [   0x00000000]
                 -------------
 54  (0x34825b00)  [00|00|   55]
                 [   0x00000000]
                 [   0x00000000]
                 [   0x00000000]
                 -------------
 55  (0x34825b10)  [00|00|   56]
                 [   0x00000000]
                 [   0x00000000]
                 [   0x00000000]
                 -------------
 56  (0x34825b20)  [00|00|   57]
                 [   0x00000000]
                 [   0x00000000]
                 [   0x00000000]
                 -------------
 57  (0x34825b30)  [00|00|   58]
                 [   0x00000000]
                 [   0x00000000]
                 [   0x00000000]
                 -------------
 58  (0x34825b40)  [00|00|   59]
                 [   0x00000000]
                 [   0x00000000]
                 [   0x00000000]
                 -------------
 59  (0x34825b50)  [00|00|   60]
                 [   0x00000000]
                 [   0x00000000]
                 [   0x00000000]
                 -------------
 60  (0x34825b60)  [00|00|   61]
                 [   0x00000000]
                 [   0x00000000]
                 [   0x00000000]
                 -------------
 61  (0x34825b70)  [00|00|   62]
                 [   0x00000000]
                 [   0x00000000]
                 [   0x00000000]
                 -------------
 62  (0x34825b80)  [00|00|   63]
                 [   0x00000000]
                 [   0x00000000]
                 [   0x00000000]
                 -------------
 63  (0x34825b90)  [00|00|   64]
                 [   0x00000000]
                 [   0x00000000]
                 [   0x00000000]
                 -------------
 64  (0x34825ba0)  [00|00|   65]
                 [   0x00000000]
                 [   0x00000000]
                 [   0x00000000]
                 -------------
 65  (0x34825bb0)  [00|00|   66]
                 [   0x00000000]
                 [   0x00000000]
                 [   0x00000000]
                 -------------
 66  (0x34825bc0)  [00|00|   67]
                 [   0x00000000]
                 [   0x00000000]
                 [   0x00000000]
                 -------------
 67  (0x34825bd0)  [00|00|   68]
                 [   0x00000000]
                 [   0x00000000]
                 [   0x00000000]
                 -------------
 68  (0x34825be0)  [00|00|   69]
                 [   0x00000000]
                 [   0x00000000]
                 [   0x00000000]
                 -------------
 69  (0x34825bf0)  [00|00|   70]
                 [   0x00000000]
                 [   0x00000000]
                 [   0x00000000]
                 -------------
 70  (0x34825c00)  [00|00|   71]
                 [   0x00000000]
                 [   0x00000000]
                 [   0x00000000]
                 -------------
 71  (0x34825c10)  [00|00|   72]
                 [   0x00000000]
                 [   0x00000000]
                 [   0x00000000]
                 -------------
 72  (0x34825c20)  [00|00|   73]
                 [   0x00000000]
                 [   0x00000000]
                 [   0x00000000]
                 -------------
 73  (0x34825c30)  [00|00|   74]
                 [   0x00000000]
                 [   0x00000000]
                 [   0x00000000]
                 -------------
 74  (0x34825c40)  [00|00|   75]
                 [   0x00000000]
                 [   0x00000000]
                 [   0x00000000]
                 -------------
 75  (0x34825c50)  [00|00|   76]
                 [   0x00000000]
                 [   0x00000000]
                 [   0x00000000]
                 -------------
 76  (0x34825c60)  [00|00|   77]
                 [   0x00000000]
                 [   0x00000000]
                 [   0x00000000]
                 -------------
 77  (0x34825c70)  [00|00|   78]
                 [   0x00000000]
                 [   0x00000000]
                 [   0x00000000]
                 -------------
 78  (0x34825c80)  [00|00|   79]
                 [   0x00000000]
                 [   0x00000000]
                 [   0x00000000]
                 -------------
 79  (0x34825c90)  [00|00|   80]
                 [   0x00000000]
                 [   0x00000000]
                 [   0x00000000]
                 -------------
 80  (0x34825ca0)  [00|00|   81]
                 [   0x00000000]
                 [   0x00000000]
                 [   0x00000000]
                 -------------
 81  (0x34825cb0)  [00|00|   82]
                 [   0x00000000]
                 [   0x00000000]
                 [   0x00000000]
                 -------------
 82  (0x34825cc0)  [00|00|   83]
                 [   0x00000000]
                 [   0x00000000]
                 [   0x00000000]
                 -------------
 83  (0x34825cd0)  [00|00|   84]
                 [   0x00000000]
                 [   0x00000000]
                 [   0x00000000]
                 -------------
 84  (0x34825ce0)  [00|00|   85]
                 [   0x00000000]
                 [   0x00000000]
                 [   0x00000000]
                 -------------
 85  (0x34825cf0)  [00|00|   86]
                 [   0x00000000]
                 [   0x00000000]
                 [   0x00000000]
                 -------------
 86  (0x34825d00)  [00|00|   87]
                 [   0x00000000]
                 [   0x00000000]
                 [   0x00000000]
                 -------------
 87  (0x34825d10)  [00|00|   88]
                 [   0x00000000]
                 [   0x00000000]
                 [   0x00000000]
                 -------------
 88  (0x34825d20)  [00|00|   89]
                 [   0x00000000]
                 [   0x00000000]
                 [   0x00000000]
                 -------------
 89  (0x34825d30)  [00|00|   90]
                 [   0x00000000]
                 [   0x00000000]
                 [   0x00000000]
                 -------------
 90  (0x34825d40)  [00|00|   91]
                 [   0x00000000]
                 [   0x00000000]
                 [   0x00000000]
                 -------------
 91  (0x34825d50)  [00|00|   92]
                 [   0x00000000]
                 [   0x00000000]
                 [   0x00000000]
                 -------------
 92  (0x34825d60)  [00|00|   93]
                 [   0x00000000]
                 [   0x00000000]
                 [   0x00000000]
                 -------------
 93  (0x34825d70)  [00|00|   94]
                 [   0x00000000]
                 [   0x00000000]
                 [   0x00000000]
                 -------------
 94  (0x34825d80)  [00|00|   95]
                 [   0x00000000]
                 [   0x00000000]
                 [   0x00000000]
                 -------------
 95  (0x34825d90)  [00|00|   96]
                 [   0x00000000]
                 [   0x00000000]
                 [   0x00000000]
                 -------------
 96  (0x34825da0)  [00|00|   97]
                 [   0x00000000]
                 [   0x00000000]
                 [   0x00000000]
                 -------------
 97  (0x34825db0)  [00|00|   98]
                 [   0x00000000]
                 [   0x00000000]
                 [   0x00000000]
                 -------------
 98  (0x34825dc0)  [00|00|   99]
                 [   0x00000000]
                 [   0x00000000]
                 [   0x00000000]
                 -------------
 99  (0x34825dd0)  [00|b7|  100]
                 [   0x34821108]
                 [   0x00000000]
                 [   0x70000003]
                 -------------
100  (0x34825de0)  [00|00|  101]
                 [   0x00000000]
                 [   0x00000000]
                 [   0x00000000]
                 -------------
101  (0x34825df0)  [00|b7|  102]
                 [   0x34821208]
                 [   0x00000000]
                 [   0x70000003]
                 -------------
102  (0x34825e00)  [00|00|  103]
                 [   0x00000000]
                 [   0x00000000]
                 [   0x00000000]
                 -------------
103  (0x34825e10)  [00|00|  104]
                 [   0x00000000]
                 [   0x00000000]
                 [   0x00000000]
                 -------------
104  (0x34825e20)  [00|00|  105]
                 [   0x00000000]
                 [   0x00000000]
                 [   0x00000000]
                 -------------
105  (0x34825e30)  [00|00|  106]
                 [   0x00000000]
                 [   0x00000000]
                 [   0x00000000]
                 -------------
106  (0x34825e40)  [00|00|  107]
                 [   0x00000000]
                 [   0x00000000]
                 [   0x00000000]
                 -------------
107  (0x34825e50)  [00|00|  108]
                 [   0x00000000]
                 [   0x00000000]
                 [   0x00000000]
                 -------------
108  (0x34825e60)  [00|00|  109]
                 [   0x00000000]
                 [   0x00000000]
                 [   0x00000000]
                 -------------
109  (0x34825e70)  [00|00|  110]
                 [   0x00000000]
                 [   0x00000000]
                 [   0x00000000]
                 -------------
110  (0x34825e80)  [00|00|  111]
                 [   0x00000000]
                 [   0x00000000]
                 [   0x00000000]
                 -------------
111  (0x34825e90)  [00|00|  112]
                 [   0x00000000]
                 [   0x00000000]
                 [   0x00000000]
                 -------------
112  (0x34825ea0)  [00|b7|  113]
                 [   0x34821788]
                 [   0x00000000]
                 [   0x80000006]
                 -------------
113  (0x34825eb0)  [00|00|  114]
                 [   0x00000000]
                 [   0x00000000]
                 [   0x00000000]
                 -------------
114  (0x34825ec0)  [00|00|  115]
                 [   0x00000000]
                 [   0x00000000]
                 [   0x00000000]
                 -------------
115  (0x34825ed0)  [00|00|  116]
                 [   0x00000000]
                 [   0x00000000]
                 [   0x00000000]
                 -------------
116  (0x34825ee0)  [00|00|  117]
                 [   0x00000000]
                 [   0x00000000]
                 [   0x00000000]
                 -------------
117  (0x34825ef0)  [00|00|  118]
                 [   0x00000000]
                 [   0x00000000]
                 [   0x00000000]
                 -------------
118  (0x34825f00)  [00|00|  119]
                 [   0x00000000]
                 [   0x00000000]
                 [   0x00000000]
                 -------------
119  (0x34825f10)  [00|00|  120]
                 [   0x00000000]
                 [   0x00000000]
                 [   0x00000000]
                 -------------
120  (0x34825f20)  [00|00|  121]
                 [   0x00000000]
                 [   0x00000000]
                 [   0x00000000]
                 -------------
121  (0x34825f30)  [00|00|  122]
                 [   0x00000000]
                 [   0x00000000]
                 [   0x00000000]
                 -------------
122  (0x34825f40)  [00|00|  123]
                 [   0x00000000]
                 [   0x00000000]
                 [   0x00000000]
                 -------------
123  (0x34825f50)  [00|00|  124]
                 [   0x00000000]
                 [   0x00000000]
                 [   0x00000000]
                 -------------
124  (0x34825f60)  [00|00|  125]
                 [   0x00000000]
                 [   0x00000000]
                 [   0x00000000]
                 -------------
125  (0x34825f70)  [00|00|  126]
                 [   0x00000000]
                 [   0x00000000]
                 [   0x00000000]
                 -------------
126  (0x34825f80)  [00|00|  127]
                 [   0x00000000]
                 [   0x00000000]
                 [   0x00000000]
                 -------------
127  (0x34825f90)  [00|00|  128]
                 [   0x00000000]
                 [   0x00000000]
                 [   0x00000000]
                 -------------
128  (0x34825fa0)  [00|00|  129]
                 [   0x00000000]
                 [   0x00000000]
                 [   0x00000000]
                 -------------
129  (0x34825fb0)  [00|00|  130]
                 [   0x00000000]
                 [   0x00000000]
                 [   0x00000000]
                 -------------
130  (0x34825fc0)  [00|00|  131]
                 [   0x00000000]
                 [   0x00000000]
                 [   0x00000000]
                 -------------
131  (0x34825fd0)  [00|00|  132]
                 [   0x00000000]
                 [   0x00000000]
                 [   0x00000000]
                 -------------
132  (0x34825fe0)  [00|00|  133]
                 [   0x00000000]
                 [   0x00000000]
                 [   0x00000000]
                 -------------
133  (0x34825ff0)  [00|00|  134]
                 [   0x00000000]
                 [   0x00000000]
                 [   0x00000000]
                 -------------
134  (0x34826000)  [00|00|  135]
                 [   0x00000000]
                 [   0x00000000]
                 [   0x00000000]
                 -------------
135  (0x34826010)  [00|00|  136]
                 [   0x00000000]
                 [   0x00000000]
                 [   0x00000000]
                 -------------
136  (0x34826020)  [00|00|  137]
                 [   0x00000000]
                 [   0x00000000]
                 [   0x00000000]
                 -------------
137  (0x34826030)  [00|00|  138]
                 [   0x00000000]
                 [   0x00000000]
                 [   0x00000000]
                 -------------
138  (0x34826040)  [00|00|  139]
                 [   0x00000000]
                 [   0x00000000]
                 [   0x00000000]
                 -------------
139  (0x34826050)  [00|00|  140]
                 [   0x00000000]
                 [   0x00000000]
                 [   0x00000000]
                 -------------
140  (0x34826060)  [00|00|  141]
                 [   0x00000000]
                 [   0x00000000]
                 [   0x00000000]
                 -------------
141  (0x34826070)  [00|00|  142]
                 [   0x00000000]
                 [   0x00000000]
                 [   0x00000000]
                 -------------
142  (0x34826080)  [00|00|  143]
                 [   0x00000000]
                 [   0x00000000]
                 [   0x00000000]
                 -------------
143  (0x34826090)  [00|00|  144]
                 [   0x00000000]
                 [   0x00000000]
                 [   0x00000000]
                 -------------
144  (0x348260a0)  [00|00|  145]
                 [   0x00000000]
                 [   0x00000000]
                 [   0x00000000]
                 -------------
145  (0x348260b0)  [00|00|  146]
                 [   0x00000000]
                 [   0x00000000]
                 [   0x00000000]
                 -------------
146  (0x348260c0)  [00|00|  147]
                 [   0x00000000]
                 [   0x00000000]
                 [   0x00000000]
                 -------------
147  (0x348260d0)  [00|00|  148]
                 [   0x00000000]
                 [   0x00000000]
                 [   0x00000000]
                 -------------
148  (0x348260e0)  [00|00|  149]
                 [   0x00000000]
                 [   0x00000000]
                 [   0x00000000]
                 -------------
149  (0x348260f0)  [00|00|  150]
                 [   0x00000000]
                 [   0x00000000]
                 [   0x00000000]
                 -------------
150  (0x34826100)  [00|00|  151]
                 [   0x00000000]
                 [   0x00000000]
                 [   0x00000000]
                 -------------
151  (0x34826110)  [00|00|  152]
                 [   0x00000000]
                 [   0x00000000]
                 [   0x00000000]
                 -------------
152  (0x34826120)  [00|00|  153]
                 [   0x00000000]
                 [   0x00000000]
                 [   0x00000000]
                 -------------
153  (0x34826130)  [00|00|  154]
                 [   0x00000000]
                 [   0x00000000]
                 [   0x00000000]
                 -------------
154  (0x34826140)  [00|00|  155]
                 [   0x00000000]
                 [   0x00000000]
                 [   0x00000000]
                 -------------
155  (0x34826150)  [00|00|  156]
                 [   0x00000000]
                 [   0x00000000]
                 [   0x00000000]
                 -------------
156  (0x34826160)  [00|00|  157]
                 [   0x00000000]
                 [   0x00000000]
                 [   0x00000000]
                 -------------
157  (0x34826170)  [00|00|  158]
                 [   0x00000000]
                 [   0x00000000]
                 [   0x00000000]
                 -------------
158  (0x34826180)  [00|00|  159]
                 [   0x00000000]
                 [   0x00000000]
                 [   0x00000000]
                 -------------
159  (0x34826190)  [00|00|  160]
                 [   0x00000000]
                 [   0x00000000]
                 [   0x00000000]
                 -------------
160  (0x348261a0)  [00|00|  161]
                 [   0x00000000]
                 [   0x00000000]
                 [   0x00000000]
                 -------------
161  (0x348261b0)  [00|00|  162]
                 [   0x00000000]
                 [   0x00000000]
                 [   0x00000000]
                 -------------
162  (0x348261c0)  [00|00|  163]
                 [   0x00000000]
                 [   0x00000000]
                 [   0x00000000]
                 -------------
163  (0x348261d0)  [00|00|  164]
                 [   0x00000000]
                 [   0x00000000]
                 [   0x00000000]
                 -------------
164  (0x348261e0)  [00|00|  165]
                 [   0x00000000]
                 [   0x00000000]
                 [   0x00000000]
                 -------------
165  (0x348261f0)  [00|00|  166]
                 [   0x00000000]
                 [   0x00000000]
                 [   0x00000000]
                 -------------
166  (0x34826200)  [00|00|  167]
                 [   0x00000000]
                 [   0x00000000]
                 [   0x00000000]
                 -------------
167  (0x34826210)  [00|00|  168]
                 [   0x00000000]
                 [   0x00000000]
                 [   0x00000000]
                 -------------
168  (0x34826220)  [00|00|  169]
                 [   0x00000000]
                 [   0x00000000]
                 [   0x00000000]
                 -------------
169  (0x34826230)  [00|00|  170]
                 [   0x00000000]
                 [   0x00000000]
                 [   0x00000000]
                 -------------
170  (0x34826240)  [00|00|  171]
                 [   0x00000000]
                 [   0x00000000]
                 [   0x00000000]
                 -------------
171  (0x34826250)  [00|00|  172]
                 [   0x00000000]
                 [   0x00000000]
                 [   0x00000000]
                 -------------
172  (0x34826260)  [00|00|  173]
                 [   0x00000000]
                 [   0x00000000]
                 [   0x00000000]
                 -------------
173  (0x34826270)  [00|00|  174]
                 [   0x00000000]
                 [   0x00000000]
                 [   0x00000000]
                 -------------
174  (0x34826280)  [00|00|  175]
                 [   0x00000000]
                 [   0x00000000]
                 [   0x00000000]
                 -------------
175  (0x34826290)  [00|00|  176]
                 [   0x00000000]
                 [   0x00000000]
                 [   0x00000000]
                 -------------
176  (0x348262a0)  [00|00|  177]
                 [   0x00000000]
                 [   0x00000000]
                 [   0x00000000]
                 -------------
177  (0x348262b0)  [00|00|  178]
                 [   0x00000000]
                 [   0x00000000]
                 [   0x00000000]
                 -------------
178  (0x348262c0)  [00|b7|  179]
                 [   0x34823888]
                 [   0x00000000]
                 [   0x80000008]
                 -------------
179  (0x348262d0)  [00|00|  180]
                 [   0x00000000]
                 [   0x00000000]
                 [   0x00000000]
                 -------------
180  (0x348262e0)  [00|00|  181]
                 [   0x00000000]
                 [   0x00000000]
                 [   0x00000000]
                 -------------
181  (0x348262f0)  [00|00|  182]
                 [   0x00000000]
                 [   0x00000000]
                 [   0x00000000]
                 -------------
182  (0x34826300)  [00|00|  183]
                 [   0x00000000]
                 [   0x00000000]
                 [   0x00000000]
                 -------------
183  (0x34826310)  [00|00|  184]
                 [   0x00000000]
                 [   0x00000000]
                 [   0x00000000]
                 -------------
184  (0x34826320)  [00|00|  185]
                 [   0x00000000]
                 [   0x00000000]
                 [   0x00000000]
                 -------------
185  (0x34826330)  [00|00|  186]
                 [   0x00000000]
                 [   0x00000000]
                 [   0x00000000]
                 -------------
186  (0x34826340)  [00|00|  187]
                 [   0x00000000]
                 [   0x00000000]
                 [   0x00000000]
                 -------------
187  (0x34826350)  [00|00|  188]
                 [   0x00000000]
                 [   0x00000000]
                 [   0x00000000]
                 -------------
188  (0x34826360)  [00|00|  189]
                 [   0x00000000]
                 [   0x00000000]
                 [   0x00000000]
                 -------------
189  (0x34826370)  [00|00|  190]
                 [   0x00000000]
                 [   0x00000000]
                 [   0x00000000]
                 -------------
190  (0x34826380)  [00|00|  191]
                 [   0x00000000]
                 [   0x00000000]
                 [   0x00000000]
                 -------------
191  (0x34826390)  [00|00|  192]
                 [   0x00000000]
                 [   0x00000000]
                 [   0x00000000]
                 -------------
192  (0x348263a0)  [00|00|  193]
                 [   0x00000000]
                 [   0x00000000]
                 [   0x00000000]
                 -------------
193  (0x348263b0)  [00|00|  194]
                 [   0x00000000]
                 [   0x00000000]
                 [   0x00000000]
                 -------------
194  (0x348263c0)  [00|00|  195]
                 [   0x00000000]
                 [   0x00000000]
                 [   0x00000000]
                 -------------
195  (0x348263d0)  [00|00|  196]
                 [   0x00000000]
                 [   0x00000000]
                 [   0x00000000]
                 -------------
196  (0x348263e0)  [00|00|  197]
                 [   0x00000000]
                 [   0x00000000]
                 [   0x00000000]
                 -------------
197  (0x348263f0)  [00|00|  198]
                 [   0x00000000]
                 [   0x00000000]
                 [   0x00000000]
                 -------------
198  (0x34826400)  [00|00|  199]
                 [   0x00000000]
                 [   0x00000000]
                 [   0x00000000]
                 -------------
199  (0x34826410)  [00|00|  200]
                 [   0x00000000]
                 [   0x00000000]
                 [   0x00000000]
                 -------------
200  (0x34826420)  [00|00|  201]
                 [   0x00000000]
                 [   0x00000000]
                 [   0x00000000]
                 -------------
201  (0x34826430)  [00|00|  202]
                 [   0x00000000]
                 [   0x00000000]
                 [   0x00000000]
                 -------------
202  (0x34826440)  [00|00|  203]
                 [   0x00000000]
                 [   0x00000000]
                 [   0x00000000]
                 -------------
203  (0x34826450)  [00|00|  204]
                 [   0x00000000]
                 [   0x00000000]
                 [   0x00000000]
                 -------------
204  (0x34826460)  [00|00|  205]
                 [   0x00000000]
                 [   0x00000000]
                 [   0x00000000]
                 -------------
205  (0x34826470)  [00|00|  206]
                 [   0x00000000]
                 [   0x00000000]
                 [   0x00000000]
                 -------------
206  (0x34826480)  [00|00|  207]
                 [   0x00000000]
                 [   0x00000000]
                 [   0x00000000]
                 -------------
207  (0x34826490)  [00|00|  208]
                 [   0x00000000]
                 [   0x00000000]
                 [   0x00000000]
                 -------------
208  (0x348264a0)  [00|00|  209]
                 [   0x00000000]
                 [   0x00000000]
                 [   0x00000000]
                 -------------
209  (0x348264b0)  [00|00|  210]
                 [   0x00000000]
                 [   0x00000000]
                 [   0x00000000]
                 -------------
210  (0x348264c0)  [00|00|  211]
                 [   0x00000000]
                 [   0x00000000]
                 [   0x00000000]
                 -------------
211  (0x348264d0)  [00|00|  212]
                 [   0x00000000]
                 [   0x00000000]
                 [   0x00000000]
                 -------------
212  (0x348264e0)  [00|00|  213]
                 [   0x00000000]
                 [   0x00000000]
                 [   0x00000000]
                 -------------
213  (0x348264f0)  [00|00|  214]
                 [   0x00000000]
                 [   0x00000000]
                 [   0x00000000]
                 -------------
214  (0x34826500)  [00|00|  215]
                 [   0x00000000]
                 [   0x00000000]
                 [   0x00000000]
                 -------------
215  (0x34826510)  [00|00|  216]
                 [   0x00000000]
                 [   0x00000000]
                 [   0x00000000]
                 -------------
216  (0x34826520)  [00|00|  217]
                 [   0x00000000]
                 [   0x00000000]
                 [   0x00000000]
                 -------------
217  (0x34826530)  [00|00|  218]
                 [   0x00000000]
                 [   0x00000000]
                 [   0x00000000]
                 -------------
218  (0x34826540)  [00|00|  219]
                 [   0x00000000]
                 [   0x00000000]
                 [   0x00000000]
                 -------------
219  (0x34826550)  [00|00|  220]
                 [   0x00000000]
                 [   0x00000000]
                 [   0x00000000]
                 -------------
220  (0x34826560)  [00|00|  221]
                 [   0x00000000]
                 [   0x00000000]
                 [   0x00000000]
                 -------------
221  (0x34826570)  [00|00|  222]
                 [   0x00000000]
                 [   0x00000000]
                 [   0x00000000]
                 -------------
222  (0x34826580)  [00|00|  223]
                 [   0x00000000]
                 [   0x00000000]
                 [   0x00000000]
                 -------------
223  (0x34826590)  [00|b7|  224]
                 [   0x391b04e0]
                 [   0x00000000]
                 [   0x80000001]
                 -------------
224  (0x348265a0)  [b3|b2|  225]
                 [   0x29d049a8]
                 [   0x00000070]
                 [   0x74000000]
                 -------------
225  (0x348265b0)  [00|b8|  226]
                 [   0x391eb208]
                 [   0x00000000]
                 [   0x70400002]
                 -------------
226  (0x348265c0)  [00|b9|  227]
                 [   0x391ca8c8]
                 [   0x00000002]
                 [   0x70000002]
                 -------------
227  (0x348265d0)  [00|b7|  229]
                 [   0x3481dec0]
                 [   0x00000000]
                 [   0x80000003]
                 -------------
228  (0x348265e0)  [00|b9|  230]
                 [   0x391ca8c8]
                 [   0x00000006]
                 [   0x70000003]
                 -------------
229  (0x348265f0)  [00|b7|  232]
                 [   0x391f1cf8]
                 [   0x00000000]
                 [   0x80000001]
                 -------------
ESP=0x0052dfc4 is pointing into the stack for thread: 0x004dc000
EBP=0x0052dfd8 is pointing into the stack for thread: 0x004dc000
ESI=0x34821108 is an oop
{method} 
 - klass: {other class}
EDI=0x004dc000 is a thread


Stack: [0x004e0000,0x00530000],  sp=0x0052dfc4,  free space=311k
Java frames: (J=compiled Java code, j=interpreted, Vv=VM code)
j  bwapi.Game.self_native(J)Lbwapi/Player;+0
j  bwapi.Game.self()Lbwapi/Player;+5
j  TestBot1.onStart()V+16
j  bwapi.AIModule.onStart()V+11
v  ~StubRoutines::call_stub
j  bwapi.Mirror.startGame()V+0
j  TestBot1.run()V+15
j  TestBot1.main([Ljava/lang/String;)V+7
v  ~StubRoutines::call_stub

---------------  P R O C E S S  ---------------

Java Threads: ( => current thread )
  0x008f5000 JavaThread "Service Thread" daemon [_thread_blocked, id=13444, stack(0x04550000,0x045a0000)]
  0x008f3800 JavaThread "C1 CompilerThread0" daemon [_thread_blocked, id=3044, stack(0x044c0000,0x04510000)]
  0x008f2000 JavaThread "Attach Listener" daemon [_thread_blocked, id=11852, stack(0x04430000,0x04480000)]
  0x008ef000 JavaThread "Signal Dispatcher" daemon [_thread_blocked, id=11788, stack(0x043a0000,0x043f0000)]
  0x00884000 JavaThread "Finalizer" daemon [_thread_blocked, id=1104, stack(0x04310000,0x04360000)]
  0x0087f000 JavaThread "Reference Handler" daemon [_thread_blocked, id=13696, stack(0x04280000,0x042d0000)]
=>0x004dc000 JavaThread "main" [_thread_in_native, id=7744, stack(0x004e0000,0x00530000)]

Other Threads:
  0x0087dc00 VMThread [stack: 0x021e0000,0x02230000] [id=9172]
  0x0090e000 WatcherThread [stack: 0x045e0000,0x04630000] [id=8080]

VM state:not at safepoint (normal execution)

VM Mutex/Monitor currently owned by a thread: None

Heap
 def new generation   total 4928K, used 4243K [0x247b0000, 0x24d00000, 0x29d00000)
  eden space 4416K,  96% used [0x247b0000, 0x24bd45c0, 0x24c00000)
  from space 512K,   0% used [0x24c80000, 0x24c808e0, 0x24d00000)
  to   space 512K,   0% used [0x24c00000, 0x24c00000, 0x24c80000)
 tenured generation   total 10944K, used 239K [0x29d00000, 0x2a7b0000, 0x347b0000)
   the space 10944K,   2% used [0x29d00000, 0x29d3be40, 0x29d3c000, 0x2a7b0000)
 compacting perm gen  total 12288K, used 533K [0x347b0000, 0x353b0000, 0x387b0000)
   the space 12288K,   4% used [0x347b0000, 0x348357c0, 0x34835800, 0x353b0000)
    ro space 10240K,  44% used [0x387b0000, 0x38c28300, 0x38c28400, 0x391b0000)
    rw space 12288K,  52% used [0x391b0000, 0x397ff100, 0x397ff200, 0x39db0000)

Card table byte_map: [0x020f0000,0x021a0000] byte_map_base: 0x01fcc280

Polling page: 0x004c0000

Code Cache  [0x02280000, 0x02330000, 0x04280000)
 total_blobs=244 nmethods=107 adapters=74 free_code_cache=32086Kb largest_free_block=32856320

Compilation events (10 events):
Event: 264.899 Thread 0x008f3800   95             java.util.ArrayList$Itr::<init> (26 bytes)
Event: 264.899 Thread 0x008f3800 nmethod 95 0x02328448 code [0x02328540, 0x023285e0]
Event: 266.785 Thread 0x008f3800   97             bwapi.Race::get (53 bytes)
Event: 266.786 Thread 0x008f3800 nmethod 97 0x023288c8 code [0x02328a00, 0x02328bb0]
Event: 266.788 Thread 0x008f3800   98             bwapi.Mirror::update (17 bytes)
Event: 266.788 Thread 0x008f3800 nmethod 98 0x02328f48 code [0x02329050, 0x023290fc]
Event: 266.788 Thread 0x008f3800   99             bwapi.AIModule::onFrame (17 bytes)
Event: 266.788 Thread 0x008f3800 nmethod 99 0x02329188 code [0x02329290, 0x0232932c]
Event: 267.082 Thread 0x008f3800  106             bwapi.Player::get (53 bytes)
Event: 267.083 Thread 0x008f3800 nmethod 106 0x0232a048 code [0x0232a180, 0x0232a330]

GC Heap History (10 events):
Event: 278.861 GC heap before
{Heap before GC invocations=16 (full 0):
 def new generation   total 4928K, used 4416K [0x247b0000, 0x24d00000, 0x29d00000)
  eden space 4416K, 100% used [0x247b0000, 0x24c00000, 0x24c00000)
  from space 512K,   0% used [0x24c00000, 0x24c00370, 0x24c80000)
  to   space 512K,   0% used [0x24c80000, 0x24c80000, 0x24d00000)
 tenured generation   total 10944K, used 239K [0x29d00000, 0x2a7b0000, 0x347b0000)
   the space 10944K,   2% used [0x29d00000, 0x29d3bc68, 0x29d3be00, 0x2a7b0000)
 compacting perm gen  total 12288K, used 533K [0x347b0000, 0x353b0000, 0x387b0000)
   the space 12288K,   4% used [0x347b0000, 0x348357c0, 0x34835800, 0x353b0000)
    ro space 10240K,  44% used [0x387b0000, 0x38c28300, 0x38c28400, 0x391b0000)
    rw space 12288K,  52% used [0x391b0000, 0x397ff100, 0x397ff200, 0x39db0000)
Event: 278.861 GC heap after
Heap after GC invocations=17 (full 0):
 def new generation   total 4928K, used 0K [0x247b0000, 0x24d00000, 0x29d00000)
  eden space 4416K,   0% used [0x247b0000, 0x247b0000, 0x24c00000)
  from space 512K,   0% used [0x24c80000, 0x24c802d8, 0x24d00000)
  to   space 512K,   0% used [0x24c00000, 0x24c00000, 0x24c80000)
 tenured generation   total 10944K, used 239K [0x29d00000, 0x2a7b0000, 0x347b0000)
   the space 10944K,   2% used [0x29d00000, 0x29d3bdd0, 0x29d3be00, 0x2a7b0000)
 compacting perm gen  total 12288K, used 533K [0x347b0000, 0x353b0000, 0x387b0000)
   the space 12288K,   4% used [0x347b0000, 0x348357c0, 0x34835800, 0x353b0000)
    ro space 10240K,  44% used [0x387b0000, 0x38c28300, 0x38c28400, 0x391b0000)
    rw space 12288K,  52% used [0x391b0000, 0x397ff100, 0x397ff200, 0x39db0000)
}
Event: 279.681 GC heap before
{Heap before GC invocations=17 (full 0):
 def new generation   total 4928K, used 4416K [0x247b0000, 0x24d00000, 0x29d00000)
  eden space 4416K, 100% used [0x247b0000, 0x24c00000, 0x24c00000)
  from space 512K,   0% used [0x24c80000, 0x24c802d8, 0x24d00000)
  to   space 512K,   0% used [0x24c00000, 0x24c00000, 0x24c80000)
 tenured generation   total 10944K, used 239K [0x29d00000, 0x2a7b0000, 0x347b0000)
   the space 10944K,   2% used [0x29d00000, 0x29d3bdd0, 0x29d3be00, 0x2a7b0000)
 compacting perm gen  total 12288K, used 533K [0x347b0000, 0x353b0000, 0x387b0000)
   the space 12288K,   4% used [0x347b0000, 0x348357c0, 0x34835800, 0x353b0000)
    ro space 10240K,  44% used [0x387b0000, 0x38c28300, 0x38c28400, 0x391b0000)
    rw space 12288K,  52% used [0x391b0000, 0x397ff100, 0x397ff200, 0x39db0000)
Event: 279.681 GC heap after
Heap after GC invocations=18 (full 0):
 def new generation   total 4928K, used 0K [0x247b0000, 0x24d00000, 0x29d00000)
  eden space 4416K,   0% used [0x247b0000, 0x247b0000, 0x24c00000)
  from space 512K,   0% used [0x24c00000, 0x24c00100, 0x24c80000)
  to   space 512K,   0% used [0x24c80000, 0x24c80000, 0x24d00000)
 tenured generation   total 10944K, used 239K [0x29d00000, 0x2a7b0000, 0x347b0000)
   the space 10944K,   2% used [0x29d00000, 0x29d3be40, 0x29d3c000, 0x2a7b0000)
 compacting perm gen  total 12288K, used 533K [0x347b0000, 0x353b0000, 0x387b0000)
   the space 12288K,   4% used [0x347b0000, 0x348357c0, 0x34835800, 0x353b0000)
    ro space 10240K,  44% used [0x387b0000, 0x38c28300, 0x38c28400, 0x391b0000)
    rw space 12288K,  52% used [0x391b0000, 0x397ff100, 0x397ff200, 0x39db0000)
}
Event: 280.523 GC heap before
{Heap before GC invocations=18 (full 0):
 def new generation   total 4928K, used 4416K [0x247b0000, 0x24d00000, 0x29d00000)
  eden space 4416K, 100% used [0x247b0000, 0x24c00000, 0x24c00000)
  from space 512K,   0% used [0x24c00000, 0x24c00100, 0x24c80000)
  to   space 512K,   0% used [0x24c80000, 0x24c80000, 0x24d00000)
 tenured generation   total 10944K, used 239K [0x29d00000, 0x2a7b0000, 0x347b0000)
   the space 10944K,   2% used [0x29d00000, 0x29d3be40, 0x29d3c000, 0x2a7b0000)
 compacting perm gen  total 12288K, used 533K [0x347b0000, 0x353b0000, 0x387b0000)
   the space 12288K,   4% used [0x347b0000, 0x348357c0, 0x34835800, 0x353b0000)
    ro space 10240K,  44% used [0x387b0000, 0x38c28300, 0x38c28400, 0x391b0000)
    rw space 12288K,  52% used [0x391b0000, 0x397ff100, 0x397ff200, 0x39db0000)
Event: 280.523 GC heap after
Heap after GC invocations=19 (full 0):
 def new generation   total 4928K, used 0K [0x247b0000, 0x24d00000, 0x29d00000)
  eden space 4416K,   0% used [0x247b0000, 0x247b0000, 0x24c00000)
  from space 512K,   0% used [0x24c80000, 0x24c80268, 0x24d00000)
  to   space 512K,   0% used [0x24c00000, 0x24c00000, 0x24c80000)
 tenured generation   total 10944K, used 239K [0x29d00000, 0x2a7b0000, 0x347b0000)
   the space 10944K,   2% used [0x29d00000, 0x29d3be40, 0x29d3c000, 0x2a7b0000)
 compacting perm gen  total 12288K, used 533K [0x347b0000, 0x353b0000, 0x387b0000)
   the space 12288K,   4% used [0x347b0000, 0x348357c0, 0x34835800, 0x353b0000)
    ro space 10240K,  44% used [0x387b0000, 0x38c28300, 0x38c28400, 0x391b0000)
    rw space 12288K,  52% used [0x391b0000, 0x397ff100, 0x397ff200, 0x39db0000)
}
Event: 281.390 GC heap before
{Heap before GC invocations=19 (full 0):
 def new generation   total 4928K, used 4416K [0x247b0000, 0x24d00000, 0x29d00000)
  eden space 4416K, 100% used [0x247b0000, 0x24c00000, 0x24c00000)
  from space 512K,   0% used [0x24c80000, 0x24c80268, 0x24d00000)
  to   space 512K,   0% used [0x24c00000, 0x24c00000, 0x24c80000)
 tenured generation   total 10944K, used 239K [0x29d00000, 0x2a7b0000, 0x347b0000)
   the space 10944K,   2% used [0x29d00000, 0x29d3be40, 0x29d3c000, 0x2a7b0000)
 compacting perm gen  total 12288K, used 533K [0x347b0000, 0x353b0000, 0x387b0000)
   the space 12288K,   4% used [0x347b0000, 0x348357c0, 0x34835800, 0x353b0000)
    ro space 10240K,  44% used [0x387b0000, 0x38c28300, 0x38c28400, 0x391b0000)
    rw space 12288K,  52% used [0x391b0000, 0x397ff100, 0x397ff200, 0x39db0000)
Event: 281.391 GC heap after
Heap after GC invocations=20 (full 0):
 def new generation   total 4928K, used 2K [0x247b0000, 0x24d00000, 0x29d00000)
  eden space 4416K,   0% used [0x247b0000, 0x247b0000, 0x24c00000)
  from space 512K,   0% used [0x24c00000, 0x24c00930, 0x24c80000)
  to   space 512K,   0% used [0x24c80000, 0x24c80000, 0x24d00000)
 tenured generation   total 10944K, used 239K [0x29d00000, 0x2a7b0000, 0x347b0000)
   the space 10944K,   2% used [0x29d00000, 0x29d3be40, 0x29d3c000, 0x2a7b0000)
 compacting perm gen  total 12288K, used 533K [0x347b0000, 0x353b0000, 0x387b0000)
   the space 12288K,   4% used [0x347b0000, 0x348357c0, 0x34835800, 0x353b0000)
    ro space 10240K,  44% used [0x387b0000, 0x38c28300, 0x38c28400, 0x391b0000)
    rw space 12288K,  52% used [0x391b0000, 0x397ff100, 0x397ff200, 0x39db0000)
}
Event: 282.340 GC heap before
{Heap before GC invocations=20 (full 0):
 def new generation   total 4928K, used 4418K [0x247b0000, 0x24d00000, 0x29d00000)
  eden space 4416K, 100% used [0x247b0000, 0x24c00000, 0x24c00000)
  from space 512K,   0% used [0x24c00000, 0x24c00930, 0x24c80000)
  to   space 512K,   0% used [0x24c80000, 0x24c80000, 0x24d00000)
 tenured generation   total 10944K, used 239K [0x29d00000, 0x2a7b0000, 0x347b0000)
   the space 10944K,   2% used [0x29d00000, 0x29d3be40, 0x29d3c000, 0x2a7b0000)
 compacting perm gen  total 12288K, used 533K [0x347b0000, 0x353b0000, 0x387b0000)
   the space 12288K,   4% used [0x347b0000, 0x348357c0, 0x34835800, 0x353b0000)
    ro space 10240K,  44% used [0x387b0000, 0x38c28300, 0x38c28400, 0x391b0000)
    rw space 12288K,  52% used [0x391b0000, 0x397ff100, 0x397ff200, 0x39db0000)
Event: 282.340 GC heap after
Heap after GC invocations=21 (full 0):
 def new generation   total 4928K, used 2K [0x247b0000, 0x24d00000, 0x29d00000)
  eden space 4416K,   0% used [0x247b0000, 0x247b0000, 0x24c00000)
  from space 512K,   0% used [0x24c80000, 0x24c808e0, 0x24d00000)
  to   space 512K,   0% used [0x24c00000, 0x24c00000, 0x24c80000)
 tenured generation   total 10944K, used 239K [0x29d00000, 0x2a7b0000, 0x347b0000)
   the space 10944K,   2% used [0x29d00000, 0x29d3be40, 0x29d3c000, 0x2a7b0000)
 compacting perm gen  total 12288K, used 533K [0x347b0000, 0x353b0000, 0x387b0000)
   the space 12288K,   4% used [0x347b0000, 0x348357c0, 0x34835800, 0x353b0000)
    ro space 10240K,  44% used [0x387b0000, 0x38c28300, 0x38c28400, 0x391b0000)
    rw space 12288K,  52% used [0x391b0000, 0x397ff100, 0x397ff200, 0x39db0000)
}

Deoptimization events (0 events):
No events

Internal exceptions (10 events):
Event: 119.979 Thread 0x004dc000 Threw 0x24883cd8 at C:\re\jdk7u55\869\hotspot\src\share\vm\prims\jvm.cpp:1244
Event: 119.981 Thread 0x004dc000 Threw 0x2489a320 at C:\re\jdk7u55\869\hotspot\src\share\vm\prims\jvm.cpp:1244
Event: 215.773 Thread 0x004dc000 Threw 0x248a27a8 at C:\re\jdk7u55\869\hotspot\src\share\vm\prims\jvm.cpp:1244
Event: 215.773 Thread 0x004dc000 Threw 0x248a4090 at C:\re\jdk7u55\869\hotspot\src\share\vm\prims\jvm.cpp:1244
Event: 215.774 Thread 0x004dc000 Threw 0x248a5498 at C:\re\jdk7u55\869\hotspot\src\share\vm\prims\jvm.cpp:1244
Event: 216.552 Thread 0x004dc000 Threw 0x248a8ad0 at C:\re\jdk7u55\869\hotspot\src\share\vm\prims\jvm.cpp:1244
Event: 216.553 Thread 0x004dc000 Threw 0x248ac960 at C:\re\jdk7u55\869\hotspot\src\share\vm\prims\jvm.cpp:1244
Event: 216.553 Thread 0x004dc000 Threw 0x248af000 at C:\re\jdk7u55\869\hotspot\src\share\vm\prims\jvm.cpp:1244
Event: 216.554 Thread 0x004dc000 Threw 0x248b19c8 at C:\re\jdk7u55\869\hotspot\src\share\vm\prims\jvm.cpp:1244
Event: 216.729 Thread 0x004dc000 Threw 0x248fa680 at C:\re\jdk7u55\869\hotspot\src\share\vm\prims\jvm.cpp:1244

Events (10 events):
Event: 278.861 Executing VM operation: GenCollectForAllocation
Event: 278.861 Executing VM operation: GenCollectForAllocation done
Event: 279.681 Executing VM operation: GenCollectForAllocation
Event: 279.681 Executing VM operation: GenCollectForAllocation done
Event: 280.523 Executing VM operation: GenCollectForAllocation
Event: 280.523 Executing VM operation: GenCollectForAllocation done
Event: 281.390 Executing VM operation: GenCollectForAllocation
Event: 281.391 Executing VM operation: GenCollectForAllocation done
Event: 282.340 Executing VM operation: GenCollectForAllocation
Event: 282.340 Executing VM operation: GenCollectForAllocation done


Dynamic libraries:
0x00b30000 - 0x00b5f000 	C:\Program Files (x86)\Java\jdk1.7.0_55\bin\javaw.exe
0x77380000 - 0x774fb000 	C:\WINDOWS\SYSTEM32\ntdll.dll
0x76710000 - 0x767f0000 	C:\WINDOWS\SYSTEM32\KERNEL32.DLL
0x75e20000 - 0x75f9e000 	C:\WINDOWS\SYSTEM32\KERNELBASE.dll
0x75da0000 - 0x75e1b000 	C:\WINDOWS\SYSTEM32\ADVAPI32.dll
0x76570000 - 0x7662e000 	C:\WINDOWS\SYSTEM32\msvcrt.dll
0x76340000 - 0x76384000 	C:\WINDOWS\SYSTEM32\sechost.dll
0x76430000 - 0x764dd000 	C:\WINDOWS\SYSTEM32\RPCRT4.dll
0x740b0000 - 0x740ce000 	C:\WINDOWS\SYSTEM32\SspiCli.dll
0x740a0000 - 0x740aa000 	C:\WINDOWS\SYSTEM32\CRYPTBASE.dll
0x76640000 - 0x76698000 	C:\WINDOWS\SYSTEM32\bcryptPrimitives.dll
0x740d0000 - 0x74217000 	C:\WINDOWS\SYSTEM32\USER32.dll
0x76170000 - 0x762bf000 	C:\WINDOWS\SYSTEM32\GDI32.dll
0x6fd60000 - 0x6ff6f000 	C:\WINDOWS\WinSxS\x86_microsoft.windows.common-controls_6595b64144ccf1df_6.0.10586.0_none_d3c2e4e965da4528\COMCTL32.dll
0x74220000 - 0x743dd000 	C:\WINDOWS\SYSTEM32\combase.dll
0x6df30000 - 0x6df5c000 	C:\Program Files (x86)\AVG\Av\avghookx.dll
0x76540000 - 0x7656b000 	C:\WINDOWS\SYSTEM32\IMM32.DLL
0x5ae90000 - 0x5af4f000 	C:\Program Files (x86)\Java\jdk1.7.0_55\jre\bin\msvcr100.dll
0x55ef0000 - 0x56270000 	C:\Program Files (x86)\Java\jdk1.7.0_55\jre\bin\client\jvm.dll
0x76330000 - 0x76336000 	C:\WINDOWS\SYSTEM32\PSAPI.DLL
0x6e520000 - 0x6e528000 	C:\WINDOWS\SYSTEM32\WSOCK32.dll
0x74560000 - 0x745bf000 	C:\WINDOWS\SYSTEM32\WS2_32.dll
0x72db0000 - 0x72dd4000 	C:\WINDOWS\SYSTEM32\WINMM.dll
0x72890000 - 0x728b3000 	C:\WINDOWS\SYSTEM32\WINMMBASE.dll
0x75fa0000 - 0x75fd7000 	C:\WINDOWS\SYSTEM32\cfgmgr32.dll
0x62320000 - 0x6232c000 	C:\Program Files (x86)\Java\jdk1.7.0_55\jre\bin\verify.dll
0x62300000 - 0x62320000 	C:\Program Files (x86)\Java\jdk1.7.0_55\jre\bin\java.dll
0x622e0000 - 0x622f3000 	C:\Program Files (x86)\Java\jdk1.7.0_55\jre\bin\zip.dll
0x55c80000 - 0x55ee9000 	D:\BWApi\ExampleBot2\ExampleBot\bwapi_bridge2_4.dll
0x5e800000 - 0x5e871000 	C:\WINDOWS\SYSTEM32\MSVCP120.dll
0x5e880000 - 0x5e96e000 	C:\WINDOWS\SYSTEM32\MSVCR120.dll
0x6acc0000 - 0x6ad27000 	D:\BWApi\ExampleBot2\ExampleBot\libgmp-10.dll
0x6f540000 - 0x6f59e000 	D:\BWApi\ExampleBot2\ExampleBot\libmpfr-4.dll
0x728e0000 - 0x72a1f000 	C:\WINDOWS\SYSTEM32\dbghelp.dll

VM Arguments:
jvm_args: -Dfile.encoding=Cp1252 
java_command: TestBot1
Launcher Type: SUN_STANDARD

Environment Variables:
PATH=C:/Program Files/Java/jre1.8.0_65/bin/server;C:/Program Files/Java/jre1.8.0_65/bin;C:/Program Files/Java/jre1.8.0_65/lib/amd64;C:\Program Files (x86)\Java\jdk1.7.0_55\bin;C:\ProgramData\Oracle\Java\javapath;C:\Program Files (x86)\Microsoft DirectX SDK (August 2006)\Utilities\Bin\x86;C:\WINDOWS\system32;C:\WINDOWS;C:\WINDOWS\System32\Wbem;C:\WINDOWS\System32\WindowsPowerShell\v1.0\;C:\Program Files\nodejs\;C:\python27;C:\WINDOWS\system32\config\systemprofile\.dnx\bin;C:\Program Files\Microsoft DNX\Dnvm\;C:\Program Files\Microsoft SQL Server\120\Tools\Binn\;C:\Program Files (x86)\Windows Kits\10\Windows Performance Toolkit\;C:\Program Files (x86)\Microsoft Emulator Manager\1.0\;C:\Program Files (x86)\Git\bin;C:\Program Files (x86)\Git\cmd;C:\Program Files (x86)\Skype\Phone\;C:\Program Files (x86)\GtkSharp\2.12\bin;C:\WINDOWS\system32;C:\WINDOWS;C:\WINDOWS\System32\Wbem;C:\WINDOWS\System32\WindowsPowerShell\v1.0\;C:\Program Files (x86)\Skype\Phone\;C:\Program Files\nodejs\;C:\python27;C:\Users\Alex\.dnx\bin;C:\Program Files\Microsoft DNX\Dnvm\;C:\Program Files\Microsoft SQL Server\120\Tools\Binn\;C:\Program Files (x86)\Windows Kits\10\Windows Performance Toolkit\;C:\Program Files (x86)\Microsoft Emulator Manager\1.0\;C:\Program Files (x86)\Git\bin;C:\Program Files (x86)\Git\cmd;C:\Users\Alex\AppData\Roaming\npm;C:\Python27\Scripts;C:\Users\Alex\Desktop;
USERNAME=Alex
OS=Windows_NT
PROCESSOR_IDENTIFIER=Intel64 Family 6 Model 58 Stepping 9, GenuineIntel



---------------  S Y S T E M  ---------------

OS: Windows 8.1 , 64 bit Build 9600 

CPU:total 8 (4 cores per cpu, 2 threads per core) family 6 model 58 stepping 9, cmov, cx8, fxsr, mmx, sse, sse2, sse3, ssse3, sse4.1, sse4.2, popcnt, avx, aes, erms, ht, tsc, tscinvbit, tscinv

Memory: 4k page, physical 16729436k(11592872k free), swap 19219804k(11534528k free)

vm_info: Java HotSpot(TM) Client VM (24.55-b03) for windows-x86 JRE (1.7.0_55-b13), built on Mar 17 2014 20:01:11 by "java_re" with unknown MS VC++:1600

time: Mon Feb 08 00:08:43 2016
elapsed time: 482 seconds

