#
# A fatal error has been detected by the Java Runtime Environment:
#
#  EXCEPTION_ACCESS_VIOLATION (0xc0000005) at pc=0x5d8cc0bf, pid=1012, tid=9636
#
# JRE version: Java(TM) SE Runtime Environment (7.0_55-b13) (build 1.7.0_55-b13)
# Java VM: Java HotSpot(TM) Client VM (24.55-b03 mixed mode, sharing windows-x86 )
# Problematic frame:
# C  [bwapi_bridge2_4.dll+0x2c0bf]
#
# Failed to write core dump. Minidumps are not enabled by default on client versions of Windows
#
# If you would like to submit a bug report, please visit:
#   http://bugreport.sun.com/bugreport/crash.jsp
# The crash happened outside the Java Virtual Machine in native code.
# See problematic frame for where to report the bug.
#

---------------  T H R E A D  ---------------

Current thread (0x0039c000):  JavaThread "main" [_thread_in_native, id=9636, stack(0x00320000,0x00370000)]

siginfo: ExceptionCode=0xc0000005, writing address 0x067fd000

Registers:
EAX=0x00030124, EBX=0x008359d8, ECX=0x008359d8, EDX=0x04880000
ESP=0x0036dc68, EBP=0x0036dce8, ESI=0x0036dd44, EDI=0x0039c130
EIP=0x5d8cc0bf, EFLAGS=0x00010202

Top of Stack: (sp=0x0036dc68)
0x0036dc68:   00000002 00000002 00000a20 00000660
0x0036dc78:   00000a40 00000680 00000000 00000000
0x0036dc88:   000000a5 0039c100 5d8bfad2 00000002
0x0036dc98:   00000a20 00000660 00000a40 00000680
0x0036dca8:   000000a5 00000000 5d8e593a 00000a20
0x0036dcb8:   00000660 00000a40 00000680 000000a5
0x0036dcc8:   00000000 0039c000 00000a40 0039c000
0x0036dcd8:   0036dd14 0039c000 000000a5 9e70844a 

Instructions: (pc=0x5d8cc0bf)
0x5d8cc09f:   24 18 00 00 00 00 8d 04 80 c7 44 24 1c 00 00 00
0x5d8cc0af:   00 f3 0f 7f 84 c2 c4 c6 df 01 f3 0f 6f 44 24 10
0x5d8cc0bf:   f3 0f 7f 84 c2 d4 c6 df 01 f3 0f 7e 44 24 20 66
0x5d8cc0cf:   0f d6 84 c2 e4 c6 df 01 8b 41 14 ff 80 c0 c6 df 


Register to memory mapping:

EAX=0x00030124 is an unknown value
EBX=0x008359d8 is an unknown value
ECX=0x008359d8 is an unknown value
EDX=0x04880000 is an unknown value
ESP=0x0036dc68 is pointing into the stack for thread: 0x0039c000
EBP=0x0036dce8 is pointing into the stack for thread: 0x0039c000
ESI=0x0036dd44 is pointing into the stack for thread: 0x0039c000
EDI=0x0039c130 is an unknown value


Stack: [0x00320000,0x00370000],  sp=0x0036dc68,  free space=311k
Native frames: (J=compiled Java code, j=interpreted, Vv=VM code, C=native code)
C  [bwapi_bridge2_4.dll+0x2c0bf]
J  bwapi.Game.drawBoxMap_native(JIIIILbwapi/Color;Z)V
J  TestBot1.onFrame()V
v  ~StubRoutines::call_stub
V  [jvm.dll+0x13f25a]
V  [jvm.dll+0x202c1e]
V  [jvm.dll+0x13f2dd]
V  [jvm.dll+0xc9b22]
V  [jvm.dll+0xcd773]
C  [bwapi_bridge2_4.dll+0x40e6d]
C  [bwapi_bridge2_4.dll+0x699d0]
j  bwapi.Mirror.startGame()V+0
j  TestBot1.run()V+15
j  TestBot1.main([Ljava/lang/String;)V+7
v  ~StubRoutines::call_stub
V  [jvm.dll+0x13f25a]
V  [jvm.dll+0x202c1e]
V  [jvm.dll+0x13f2dd]
V  [jvm.dll+0xc98a5]
V  [jvm.dll+0xd4567]
C  [javaw.exe+0x2070]
C  [javaw.exe+0xa5b1]
C  [javaw.exe+0xa63b]
C  [KERNEL32.DLL+0x138f4]
C  [ntdll.dll+0x65e13]
C  [ntdll.dll+0x65dde]

Java frames: (J=compiled Java code, j=interpreted, Vv=VM code)
J  bwapi.Game.drawBoxMap_native(JIIIILbwapi/Color;Z)V
J  TestBot1.onFrame()V
j  bwapi.AIModule.onFrame()V+11
v  ~StubRoutines::call_stub
j  bwapi.Mirror.startGame()V+0
j  TestBot1.run()V+15
j  TestBot1.main([Ljava/lang/String;)V+7
v  ~StubRoutines::call_stub

---------------  P R O C E S S  ---------------

Java Threads: ( => current thread )
  0x0205a400 JavaThread "Service Thread" daemon [_thread_blocked, id=9288, stack(0x045a0000,0x045f0000)]
  0x02055400 JavaThread "C1 CompilerThread0" daemon [_thread_blocked, id=1932, stack(0x04510000,0x04560000)]
  0x02052000 JavaThread "Attach Listener" daemon [_thread_blocked, id=10424, stack(0x04480000,0x044d0000)]
  0x0204f000 JavaThread "Signal Dispatcher" daemon [_thread_blocked, id=2232, stack(0x043f0000,0x04440000)]
  0x01fe0800 JavaThread "Finalizer" daemon [_thread_blocked, id=4252, stack(0x04360000,0x043b0000)]
  0x01fdf000 JavaThread "Reference Handler" daemon [_thread_blocked, id=8844, stack(0x042d0000,0x04320000)]
=>0x0039c000 JavaThread "main" [_thread_in_native, id=9636, stack(0x00320000,0x00370000)]

Other Threads:
  0x01fddc00 VMThread [stack: 0x04240000,0x04290000] [id=4004]
  0x0206a400 WatcherThread [stack: 0x04630000,0x04680000] [id=8580]

VM state:not at safepoint (normal execution)

VM Mutex/Monitor currently owned by a thread: None

Heap
 def new generation   total 4928K, used 1374K [0x247b0000, 0x24d00000, 0x29d00000)
  eden space 4416K,  31% used [0x247b0000, 0x24907980, 0x24c00000)
  from space 512K,   0% used [0x24c00000, 0x24c00000, 0x24c80000)
  to   space 512K,   0% used [0x24c80000, 0x24c80000, 0x24d00000)
 tenured generation   total 10944K, used 0K [0x29d00000, 0x2a7b0000, 0x347b0000)
   the space 10944K,   0% used [0x29d00000, 0x29d00000, 0x29d00200, 0x2a7b0000)
 compacting perm gen  total 12288K, used 538K [0x347b0000, 0x353b0000, 0x387b0000)
   the space 12288K,   4% used [0x347b0000, 0x34836888, 0x34836a00, 0x353b0000)
    ro space 10240K,  44% used [0x387b0000, 0x38c28300, 0x38c28400, 0x391b0000)
    rw space 12288K,  52% used [0x391b0000, 0x397ff100, 0x397ff200, 0x39db0000)

Card table byte_map: [0x04150000,0x04200000] byte_map_base: 0x0402c280

Polling page: 0x002a0000

Code Cache  [0x020d0000, 0x02170000, 0x040d0000)
 total_blobs=181 nmethods=44 adapters=74 free_code_cache=32131Kb largest_free_block=32902720

Compilation events (10 events):
Event: 5.046 Thread 0x02055400   39             java.nio.ByteBuffer::arrayOffset (35 bytes)
Event: 5.046 Thread 0x02055400 nmethod 39 0x0216d048 code [0x0216d160, 0x0216d2e8]
Event: 5.046 Thread 0x02055400   40             java.nio.Buffer::position (5 bytes)
Event: 5.046 Thread 0x02055400 nmethod 40 0x0216d3c8 code [0x0216d4c0, 0x0216d540]
Event: 5.048 Thread 0x02055400   41             java.util.HashMap::getEntry (86 bytes)
Event: 5.048 Thread 0x02055400 nmethod 41 0x0216d588 code [0x0216d6b0, 0x0216d838]
Event: 5.212 Thread 0x02055400   42             bwapi.Game::drawBoxMap (18 bytes)
Event: 5.212 Thread 0x02055400 nmethod 42 0x0216dc48 code [0x0216dd40, 0x0216de0c]
Event: 5.225 Thread 0x02055400   44 %           TestBot1::onFrame @ 97 (204 bytes)
Event: 5.226 Thread 0x02055400 nmethod 44% 0x0216de88 code [0x0216e0c0, 0x0216e838]

GC Heap History (0 events):
No events

Deoptimization events (0 events):
No events

Internal exceptions (10 events):
Event: 4.569 Thread 0x0039c000 Threw 0x248a27f0 at C:\re\jdk7u55\869\hotspot\src\share\vm\prims\jvm.cpp:1244
Event: 4.569 Thread 0x0039c000 Threw 0x248a40d8 at C:\re\jdk7u55\869\hotspot\src\share\vm\prims\jvm.cpp:1244
Event: 4.570 Thread 0x0039c000 Threw 0x248a53a0 at C:\re\jdk7u55\869\hotspot\src\share\vm\prims\jvm.cpp:1244
Event: 4.570 Thread 0x0039c000 Threw 0x248a7398 at C:\re\jdk7u55\869\hotspot\src\share\vm\prims\jvm.cpp:1244
Event: 5.036 Thread 0x0039c000 Threw 0x248aa7f0 at C:\re\jdk7u55\869\hotspot\src\share\vm\prims\jvm.cpp:1244
Event: 5.037 Thread 0x0039c000 Threw 0x248ae680 at C:\re\jdk7u55\869\hotspot\src\share\vm\prims\jvm.cpp:1244
Event: 5.037 Thread 0x0039c000 Threw 0x248b1598 at C:\re\jdk7u55\869\hotspot\src\share\vm\prims\jvm.cpp:1244
Event: 5.037 Thread 0x0039c000 Threw 0x248b3748 at C:\re\jdk7u55\869\hotspot\src\share\vm\prims\jvm.cpp:1244
Event: 5.047 Thread 0x0039c000 Threw 0x248feea0 at C:\re\jdk7u55\869\hotspot\src\share\vm\prims\jvm.cpp:1244
Event: 5.048 Thread 0x0039c000 Threw 0x24900608 at C:\re\jdk7u55\869\hotspot\src\share\vm\prims\jvm.cpp:1244

Events (10 events):
Event: 5.037 loading class 0x020442d0
Event: 5.037 loading class 0x020442d0 done
Event: 5.037 loading class 0x046911b8
Event: 5.037 loading class 0x046911b8 done
Event: 5.037 loading class 0x02044470
Event: 5.037 loading class 0x02044470 done
Event: 5.047 loading class 0x02061390
Event: 5.047 loading class 0x02061390 done
Event: 5.048 loading class 0x020834f0
Event: 5.048 loading class 0x020834f0 done


Dynamic libraries:
0x002b0000 - 0x002df000 	C:\Program Files (x86)\Java\jdk1.7.0_55\bin\javaw.exe
0x77280000 - 0x773fb000 	C:\WINDOWS\SYSTEM32\ntdll.dll
0x75640000 - 0x75720000 	C:\WINDOWS\SYSTEM32\KERNEL32.DLL
0x75a60000 - 0x75bde000 	C:\WINDOWS\SYSTEM32\KERNELBASE.dll
0x73fd0000 - 0x7404b000 	C:\WINDOWS\SYSTEM32\ADVAPI32.dll
0x75160000 - 0x7521e000 	C:\WINDOWS\SYSTEM32\msvcrt.dll
0x757d0000 - 0x75814000 	C:\WINDOWS\SYSTEM32\sechost.dll
0x75720000 - 0x757cd000 	C:\WINDOWS\SYSTEM32\RPCRT4.dll
0x73fb0000 - 0x73fce000 	C:\WINDOWS\SYSTEM32\SspiCli.dll
0x73fa0000 - 0x73faa000 	C:\WINDOWS\SYSTEM32\CRYPTBASE.dll
0x75220000 - 0x75278000 	C:\WINDOWS\SYSTEM32\bcryptPrimitives.dll
0x753a0000 - 0x754e7000 	C:\WINDOWS\SYSTEM32\USER32.dll
0x754f0000 - 0x7563f000 	C:\WINDOWS\SYSTEM32\GDI32.dll
0x6fea0000 - 0x700af000 	C:\WINDOWS\WinSxS\x86_microsoft.windows.common-controls_6595b64144ccf1df_6.0.10586.0_none_d3c2e4e965da4528\COMCTL32.dll
0x770c0000 - 0x7727d000 	C:\WINDOWS\SYSTEM32\combase.dll
0x75820000 - 0x7584b000 	C:\WINDOWS\SYSTEM32\IMM32.DLL
0x6e430000 - 0x6e45c000 	C:\Program Files (x86)\AVG\Av\avghookx.dll
0x6b590000 - 0x6b64f000 	C:\Program Files (x86)\Java\jdk1.7.0_55\jre\bin\msvcr100.dll
0x5be50000 - 0x5c1d0000 	C:\Program Files (x86)\Java\jdk1.7.0_55\jre\bin\client\jvm.dll
0x74230000 - 0x74236000 	C:\WINDOWS\SYSTEM32\PSAPI.DLL
0x6e140000 - 0x6e148000 	C:\WINDOWS\SYSTEM32\WSOCK32.dll
0x74bf0000 - 0x74c4f000 	C:\WINDOWS\SYSTEM32\WS2_32.dll
0x72870000 - 0x72894000 	C:\WINDOWS\SYSTEM32\WINMM.dll
0x724a0000 - 0x724c3000 	C:\WINDOWS\SYSTEM32\WINMMBASE.dll
0x74bb0000 - 0x74be7000 	C:\WINDOWS\SYSTEM32\cfgmgr32.dll
0x6e650000 - 0x6e65c000 	C:\Program Files (x86)\Java\jdk1.7.0_55\jre\bin\verify.dll
0x6e630000 - 0x6e650000 	C:\Program Files (x86)\Java\jdk1.7.0_55\jre\bin\java.dll
0x6e610000 - 0x6e623000 	C:\Program Files (x86)\Java\jdk1.7.0_55\jre\bin\zip.dll
0x5d8a0000 - 0x5db09000 	D:\BWApi\ExampleBot2\ExampleBot\bwapi_bridge2_4.dll
0x5b8e0000 - 0x5b951000 	C:\WINDOWS\SYSTEM32\MSVCP120.dll
0x5b960000 - 0x5ba4e000 	C:\WINDOWS\SYSTEM32\MSVCR120.dll
0x6acc0000 - 0x6ad27000 	D:\BWApi\ExampleBot2\ExampleBot\libgmp-10.dll
0x6f540000 - 0x6f59e000 	D:\BWApi\ExampleBot2\ExampleBot\libmpfr-4.dll
0x72730000 - 0x7286f000 	C:\WINDOWS\SYSTEM32\dbghelp.dll

VM Arguments:
jvm_args: -Dfile.encoding=Cp1252 
java_command: TestBot1
Launcher Type: SUN_STANDARD

Environment Variables:
PATH=C:/Program Files/Java/jre1.8.0_65/bin/server;C:/Program Files/Java/jre1.8.0_65/bin;C:/Program Files/Java/jre1.8.0_65/lib/amd64;C:\Program Files (x86)\Java\jdk1.7.0_55\bin;C:\ProgramData\Oracle\Java\javapath;C:\Program Files (x86)\Microsoft DirectX SDK (August 2006)\Utilities\Bin\x86;C:\WINDOWS\system32;C:\WINDOWS;C:\WINDOWS\System32\Wbem;C:\WINDOWS\System32\WindowsPowerShell\v1.0\;C:\Program Files\nodejs\;C:\python27;C:\WINDOWS\system32\config\systemprofile\.dnx\bin;C:\Program Files\Microsoft DNX\Dnvm\;C:\Program Files\Microsoft SQL Server\120\Tools\Binn\;C:\Program Files (x86)\Windows Kits\10\Windows Performance Toolkit\;C:\Program Files (x86)\Microsoft Emulator Manager\1.0\;C:\Program Files (x86)\Git\bin;C:\Program Files (x86)\Git\cmd;C:\Program Files (x86)\Skype\Phone\;C:\Program Files (x86)\GtkSharp\2.12\bin;C:\WINDOWS\system32;C:\WINDOWS;C:\WINDOWS\System32\Wbem;C:\WINDOWS\System32\WindowsPowerShell\v1.0\;C:\Program Files (x86)\Skype\Phone\;C:\Program Files\nodejs\;C:\python27;C:\Users\Alex\.dnx\bin;C:\Program Files\Microsoft DNX\Dnvm\;C:\Program Files\Microsoft SQL Server\120\Tools\Binn\;C:\Program Files (x86)\Windows Kits\10\Windows Performance Toolkit\;C:\Program Files (x86)\Microsoft Emulator Manager\1.0\;C:\Program Files (x86)\Git\bin;C:\Program Files (x86)\Git\cmd;C:\Users\Alex\AppData\Roaming\npm;C:\Python27\Scripts;C:\Users\Alex\Desktop;
USERNAME=Alex
OS=Windows_NT
PROCESSOR_IDENTIFIER=Intel64 Family 6 Model 58 Stepping 9, GenuineIntel



---------------  S Y S T E M  ---------------

OS: Windows 8.1 , 64 bit Build 9600 

CPU:total 8 (4 cores per cpu, 2 threads per core) family 6 model 58 stepping 9, cmov, cx8, fxsr, mmx, sse, sse2, sse3, ssse3, sse4.1, sse4.2, popcnt, avx, aes, erms, ht, tsc, tscinvbit, tscinv

Memory: 4k page, physical 16729436k(12552852k free), swap 19219804k(14032740k free)

vm_info: Java HotSpot(TM) Client VM (24.55-b03) for windows-x86 JRE (1.7.0_55-b13), built on Mar 17 2014 20:01:11 by "java_re" with unknown MS VC++:1600

time: Sun Feb 28 20:49:36 2016
elapsed time: 5 seconds

