#
# A fatal error has been detected by the Java Runtime Environment:
#
#  EXCEPTION_ACCESS_VIOLATION (0xc0000005) at pc=0x5d8cc0bf, pid=5820, tid=3092
#
# JRE version: Java(TM) SE Runtime Environment (7.0_55-b13) (build 1.7.0_55-b13)
# Java VM: Java HotSpot(TM) Client VM (24.55-b03 mixed mode, sharing windows-x86 )
# Problematic frame:
# C  [bwapi_bridge2_4.dll+0x2c0bf]
#
# Failed to write core dump. Minidumps are not enabled by default on client versions of Windows
#
# If you would like to submit a bug report, please visit:
#   http://bugreport.sun.com/bugreport/crash.jsp
# The crash happened outside the Java Virtual Machine in native code.
# See problematic frame for where to report the bug.
#

---------------  T H R E A D  ---------------

Current thread (0x0255c000):  JavaThread "main" [_thread_in_native, id=3092, stack(0x00220000,0x00270000)]

siginfo: ExceptionCode=0xc0000005, writing address 0x068bd000

Registers:
EAX=0x00030124, EBX=0x00e17ef8, ECX=0x00e17ef8, EDX=0x04940000
ESP=0x0026db38, EBP=0x0026dbb8, ESI=0x0026dc14, EDI=0x0255c130
EIP=0x5d8cc0bf, EFLAGS=0x00010202

Top of Stack: (sp=0x0026db38)
0x0026db38:   00000002 00000002 000000e0 00000700
0x0026db48:   00000100 00000720 00000000 00000000
0x0026db58:   000000a5 0255c100 5d8bfad2 00000002
0x0026db68:   000000e0 00000700 00000100 00000720
0x0026db78:   000000a5 00000000 5d8e593a 000000e0
0x0026db88:   00000700 00000100 00000720 000000a5
0x0026db98:   00000000 0255c000 00000720 0255c000
0x0026dba8:   0026dbe4 0255c000 000000a5 420a9625 

Instructions: (pc=0x5d8cc0bf)
0x5d8cc09f:   24 18 00 00 00 00 8d 04 80 c7 44 24 1c 00 00 00
0x5d8cc0af:   00 f3 0f 7f 84 c2 c4 c6 df 01 f3 0f 6f 44 24 10
0x5d8cc0bf:   f3 0f 7f 84 c2 d4 c6 df 01 f3 0f 7e 44 24 20 66
0x5d8cc0cf:   0f d6 84 c2 e4 c6 df 01 8b 41 14 ff 80 c0 c6 df 


Register to memory mapping:

EAX=0x00030124 is an unknown value
EBX=0x00e17ef8 is an unknown value
ECX=0x00e17ef8 is an unknown value
EDX=0x04940000 is an unknown value
ESP=0x0026db38 is pointing into the stack for thread: 0x0255c000
EBP=0x0026dbb8 is pointing into the stack for thread: 0x0255c000
ESI=0x0026dc14 is pointing into the stack for thread: 0x0255c000
EDI=0x0255c130 is an unknown value


Stack: [0x00220000,0x00270000],  sp=0x0026db38,  free space=310k
Native frames: (J=compiled Java code, j=interpreted, Vv=VM code, C=native code)
C  [bwapi_bridge2_4.dll+0x2c0bf]
J  bwapi.Game.drawBoxMap_native(JIIIILbwapi/Color;Z)V
J  TestBot1.onFrame()V
v  ~StubRoutines::call_stub
V  [jvm.dll+0x13f25a]
V  [jvm.dll+0x202c1e]
V  [jvm.dll+0x13f2dd]
V  [jvm.dll+0xc9b22]
V  [jvm.dll+0xcd773]
C  [bwapi_bridge2_4.dll+0x40e6d]
C  [bwapi_bridge2_4.dll+0x699d0]
j  bwapi.Mirror.startGame()V+0
j  TestBot1.run()V+15
j  TestBot1.main([Ljava/lang/String;)V+7
v  ~StubRoutines::call_stub
V  [jvm.dll+0x13f25a]
V  [jvm.dll+0x202c1e]
V  [jvm.dll+0x13f2dd]
V  [jvm.dll+0xc98a5]
V  [jvm.dll+0xd4567]
C  [javaw.exe+0x2070]
C  [javaw.exe+0xa5b1]
C  [javaw.exe+0xa63b]
C  [KERNEL32.DLL+0x138f4]
C  [ntdll.dll+0x65e13]
C  [ntdll.dll+0x65dde]

Java frames: (J=compiled Java code, j=interpreted, Vv=VM code)
J  bwapi.Game.drawBoxMap_native(JIIIILbwapi/Color;Z)V
J  TestBot1.onFrame()V
j  bwapi.AIModule.onFrame()V+11
v  ~StubRoutines::call_stub
j  bwapi.Mirror.startGame()V+0
j  TestBot1.run()V+15
j  TestBot1.main([Ljava/lang/String;)V+7
v  ~StubRoutines::call_stub

---------------  P R O C E S S  ---------------

Java Threads: ( => current thread )
  0x00f6a400 JavaThread "Service Thread" daemon [_thread_blocked, id=10672, stack(0x04660000,0x046b0000)]
  0x00f66400 JavaThread "C1 CompilerThread0" daemon [_thread_blocked, id=860, stack(0x045d0000,0x04620000)]
  0x00f65800 JavaThread "Attach Listener" daemon [_thread_blocked, id=7320, stack(0x00c10000,0x00c60000)]
  0x00f5f000 JavaThread "Signal Dispatcher" daemon [_thread_blocked, id=1836, stack(0x00b80000,0x00bd0000)]
  0x00ef0800 JavaThread "Finalizer" daemon [_thread_blocked, id=10232, stack(0x00af0000,0x00b40000)]
  0x00eef000 JavaThread "Reference Handler" daemon [_thread_blocked, id=6264, stack(0x00a60000,0x00ab0000)]
=>0x0255c000 JavaThread "main" [_thread_in_native, id=3092, stack(0x00220000,0x00270000)]

Other Threads:
  0x00eedc00 VMThread [stack: 0x00320000,0x00370000] [id=636]
  0x00f76800 WatcherThread [stack: 0x046f0000,0x04740000] [id=9448]

VM state:not at safepoint (normal execution)

VM Mutex/Monitor currently owned by a thread: None

Heap
 def new generation   total 4928K, used 1374K [0x247b0000, 0x24d00000, 0x29d00000)
  eden space 4416K,  31% used [0x247b0000, 0x24907980, 0x24c00000)
  from space 512K,   0% used [0x24c00000, 0x24c00000, 0x24c80000)
  to   space 512K,   0% used [0x24c80000, 0x24c80000, 0x24d00000)
 tenured generation   total 10944K, used 0K [0x29d00000, 0x2a7b0000, 0x347b0000)
   the space 10944K,   0% used [0x29d00000, 0x29d00000, 0x29d00200, 0x2a7b0000)
 compacting perm gen  total 12288K, used 538K [0x347b0000, 0x353b0000, 0x387b0000)
   the space 12288K,   4% used [0x347b0000, 0x34836890, 0x34836a00, 0x353b0000)
    ro space 10240K,  44% used [0x387b0000, 0x38c28300, 0x38c28400, 0x391b0000)
    rw space 12288K,  52% used [0x391b0000, 0x397ff100, 0x397ff200, 0x39db0000)

Card table byte_map: [0x02480000,0x02530000] byte_map_base: 0x0235c280

Polling page: 0x00d00000

Code Cache  [0x02560000, 0x02600000, 0x04560000)
 total_blobs=181 nmethods=44 adapters=74 free_code_cache=32131Kb largest_free_block=32902720

Compilation events (10 events):
Event: 3.884 Thread 0x00f66400   39             java.nio.ByteBuffer::arrayOffset (35 bytes)
Event: 3.884 Thread 0x00f66400 nmethod 39 0x025fd048 code [0x025fd160, 0x025fd2e8]
Event: 3.884 Thread 0x00f66400   40             java.nio.Buffer::position (5 bytes)
Event: 3.884 Thread 0x00f66400 nmethod 40 0x025fd3c8 code [0x025fd4c0, 0x025fd540]
Event: 3.885 Thread 0x00f66400   41             java.util.HashMap::getEntry (86 bytes)
Event: 3.886 Thread 0x00f66400 nmethod 41 0x025fd588 code [0x025fd6b0, 0x025fd838]
Event: 4.049 Thread 0x00f66400   42             bwapi.Game::drawBoxMap (18 bytes)
Event: 4.049 Thread 0x00f66400 nmethod 42 0x025fdc48 code [0x025fdd40, 0x025fde0c]
Event: 4.061 Thread 0x00f66400   44 %           TestBot1::onFrame @ 97 (212 bytes)
Event: 4.062 Thread 0x00f66400 nmethod 44% 0x025fde88 code [0x025fe0c0, 0x025fe848]

GC Heap History (0 events):
No events

Deoptimization events (0 events):
No events

Internal exceptions (10 events):
Event: 3.406 Thread 0x0255c000 Threw 0x248a27f0 at C:\re\jdk7u55\869\hotspot\src\share\vm\prims\jvm.cpp:1244
Event: 3.407 Thread 0x0255c000 Threw 0x248a40d8 at C:\re\jdk7u55\869\hotspot\src\share\vm\prims\jvm.cpp:1244
Event: 3.407 Thread 0x0255c000 Threw 0x248a53a0 at C:\re\jdk7u55\869\hotspot\src\share\vm\prims\jvm.cpp:1244
Event: 3.408 Thread 0x0255c000 Threw 0x248a7398 at C:\re\jdk7u55\869\hotspot\src\share\vm\prims\jvm.cpp:1244
Event: 3.873 Thread 0x0255c000 Threw 0x248aa7f0 at C:\re\jdk7u55\869\hotspot\src\share\vm\prims\jvm.cpp:1244
Event: 3.874 Thread 0x0255c000 Threw 0x248ae680 at C:\re\jdk7u55\869\hotspot\src\share\vm\prims\jvm.cpp:1244
Event: 3.874 Thread 0x0255c000 Threw 0x248b1598 at C:\re\jdk7u55\869\hotspot\src\share\vm\prims\jvm.cpp:1244
Event: 3.875 Thread 0x0255c000 Threw 0x248b3748 at C:\re\jdk7u55\869\hotspot\src\share\vm\prims\jvm.cpp:1244
Event: 3.885 Thread 0x0255c000 Threw 0x248feea0 at C:\re\jdk7u55\869\hotspot\src\share\vm\prims\jvm.cpp:1244
Event: 3.885 Thread 0x0255c000 Threw 0x24900608 at C:\re\jdk7u55\869\hotspot\src\share\vm\prims\jvm.cpp:1244

Events (10 events):
Event: 3.874 loading class 0x0474d688
Event: 3.874 loading class 0x0474d688 done
Event: 3.875 loading class 0x00f54150
Event: 3.875 loading class 0x00f54150 done
Event: 3.885 loading class 0x00f6d9a8
Event: 3.885 loading class 0x00f6d9a8 done
Event: 3.885 loading class 0x00f92ed8
Event: 3.885 loading class 0x00f92ed8 done
Event: 4.080 Executing VM operation: EnableBiasedLocking
Event: 4.080 Executing VM operation: EnableBiasedLocking done


Dynamic libraries:
0x002b0000 - 0x002df000 	C:\Program Files (x86)\Java\jdk1.7.0_55\bin\javaw.exe
0x77280000 - 0x773fb000 	C:\WINDOWS\SYSTEM32\ntdll.dll
0x75640000 - 0x75720000 	C:\WINDOWS\SYSTEM32\KERNEL32.DLL
0x75a60000 - 0x75bde000 	C:\WINDOWS\SYSTEM32\KERNELBASE.dll
0x73fd0000 - 0x7404b000 	C:\WINDOWS\SYSTEM32\ADVAPI32.dll
0x75160000 - 0x7521e000 	C:\WINDOWS\SYSTEM32\msvcrt.dll
0x757d0000 - 0x75814000 	C:\WINDOWS\SYSTEM32\sechost.dll
0x75720000 - 0x757cd000 	C:\WINDOWS\SYSTEM32\RPCRT4.dll
0x73fb0000 - 0x73fce000 	C:\WINDOWS\SYSTEM32\SspiCli.dll
0x73fa0000 - 0x73faa000 	C:\WINDOWS\SYSTEM32\CRYPTBASE.dll
0x75220000 - 0x75278000 	C:\WINDOWS\SYSTEM32\bcryptPrimitives.dll
0x753a0000 - 0x754e7000 	C:\WINDOWS\SYSTEM32\USER32.dll
0x754f0000 - 0x7563f000 	C:\WINDOWS\SYSTEM32\GDI32.dll
0x6fea0000 - 0x700af000 	C:\WINDOWS\WinSxS\x86_microsoft.windows.common-controls_6595b64144ccf1df_6.0.10586.0_none_d3c2e4e965da4528\COMCTL32.dll
0x770c0000 - 0x7727d000 	C:\WINDOWS\SYSTEM32\combase.dll
0x75820000 - 0x7584b000 	C:\WINDOWS\SYSTEM32\IMM32.DLL
0x6e430000 - 0x6e45c000 	C:\Program Files (x86)\AVG\Av\avghookx.dll
0x6b590000 - 0x6b64f000 	C:\Program Files (x86)\Java\jdk1.7.0_55\jre\bin\msvcr100.dll
0x5be50000 - 0x5c1d0000 	C:\Program Files (x86)\Java\jdk1.7.0_55\jre\bin\client\jvm.dll
0x74230000 - 0x74236000 	C:\WINDOWS\SYSTEM32\PSAPI.DLL
0x6e140000 - 0x6e148000 	C:\WINDOWS\SYSTEM32\WSOCK32.dll
0x74bf0000 - 0x74c4f000 	C:\WINDOWS\SYSTEM32\WS2_32.dll
0x72870000 - 0x72894000 	C:\WINDOWS\SYSTEM32\WINMM.dll
0x724a0000 - 0x724c3000 	C:\WINDOWS\SYSTEM32\WINMMBASE.dll
0x74bb0000 - 0x74be7000 	C:\WINDOWS\SYSTEM32\cfgmgr32.dll
0x6e5e0000 - 0x6e5ec000 	C:\Program Files (x86)\Java\jdk1.7.0_55\jre\bin\verify.dll
0x6e480000 - 0x6e4a0000 	C:\Program Files (x86)\Java\jdk1.7.0_55\jre\bin\java.dll
0x6b570000 - 0x6b583000 	C:\Program Files (x86)\Java\jdk1.7.0_55\jre\bin\zip.dll
0x5d8a0000 - 0x5db09000 	D:\BWApi\ExampleBot2\ExampleBot\bwapi_bridge2_4.dll
0x5b8e0000 - 0x5b951000 	C:\WINDOWS\SYSTEM32\MSVCP120.dll
0x5b960000 - 0x5ba4e000 	C:\WINDOWS\SYSTEM32\MSVCR120.dll
0x6acc0000 - 0x6ad27000 	D:\BWApi\ExampleBot2\ExampleBot\libgmp-10.dll
0x6f540000 - 0x6f59e000 	D:\BWApi\ExampleBot2\ExampleBot\libmpfr-4.dll
0x72730000 - 0x7286f000 	C:\WINDOWS\SYSTEM32\dbghelp.dll

VM Arguments:
jvm_args: -Dfile.encoding=Cp1252 
java_command: TestBot1
Launcher Type: SUN_STANDARD

Environment Variables:
PATH=C:/Program Files/Java/jre1.8.0_65/bin/server;C:/Program Files/Java/jre1.8.0_65/bin;C:/Program Files/Java/jre1.8.0_65/lib/amd64;C:\Program Files (x86)\Java\jdk1.7.0_55\bin;C:\ProgramData\Oracle\Java\javapath;C:\Program Files (x86)\Microsoft DirectX SDK (August 2006)\Utilities\Bin\x86;C:\WINDOWS\system32;C:\WINDOWS;C:\WINDOWS\System32\Wbem;C:\WINDOWS\System32\WindowsPowerShell\v1.0\;C:\Program Files\nodejs\;C:\python27;C:\WINDOWS\system32\config\systemprofile\.dnx\bin;C:\Program Files\Microsoft DNX\Dnvm\;C:\Program Files\Microsoft SQL Server\120\Tools\Binn\;C:\Program Files (x86)\Windows Kits\10\Windows Performance Toolkit\;C:\Program Files (x86)\Microsoft Emulator Manager\1.0\;C:\Program Files (x86)\Git\bin;C:\Program Files (x86)\Git\cmd;C:\Program Files (x86)\Skype\Phone\;C:\Program Files (x86)\GtkSharp\2.12\bin;C:\WINDOWS\system32;C:\WINDOWS;C:\WINDOWS\System32\Wbem;C:\WINDOWS\System32\WindowsPowerShell\v1.0\;C:\Program Files (x86)\Skype\Phone\;C:\Program Files\nodejs\;C:\python27;C:\Users\Alex\.dnx\bin;C:\Program Files\Microsoft DNX\Dnvm\;C:\Program Files\Microsoft SQL Server\120\Tools\Binn\;C:\Program Files (x86)\Windows Kits\10\Windows Performance Toolkit\;C:\Program Files (x86)\Microsoft Emulator Manager\1.0\;C:\Program Files (x86)\Git\bin;C:\Program Files (x86)\Git\cmd;C:\Users\Alex\AppData\Roaming\npm;C:\Python27\Scripts;C:\Users\Alex\Desktop;
USERNAME=Alex
OS=Windows_NT
PROCESSOR_IDENTIFIER=Intel64 Family 6 Model 58 Stepping 9, GenuineIntel



---------------  S Y S T E M  ---------------

OS: Windows 8.1 , 64 bit Build 9600 

CPU:total 8 (4 cores per cpu, 2 threads per core) family 6 model 58 stepping 9, cmov, cx8, fxsr, mmx, sse, sse2, sse3, ssse3, sse4.1, sse4.2, popcnt, avx, aes, erms, ht, tsc, tscinvbit, tscinv

Memory: 4k page, physical 16729436k(12415268k free), swap 19219804k(13860712k free)

vm_info: Java HotSpot(TM) Client VM (24.55-b03) for windows-x86 JRE (1.7.0_55-b13), built on Mar 17 2014 20:01:11 by "java_re" with unknown MS VC++:1600

time: Sun Feb 28 20:57:09 2016
elapsed time: 4 seconds

