#
# A fatal error has been detected by the Java Runtime Environment:
#
#  EXCEPTION_ACCESS_VIOLATION (0xc0000005) at pc=0x5d8cc0bf, pid=5852, tid=6652
#
# JRE version: Java(TM) SE Runtime Environment (7.0_55-b13) (build 1.7.0_55-b13)
# Java VM: Java HotSpot(TM) Client VM (24.55-b03 mixed mode, sharing windows-x86 )
# Problematic frame:
# C  [bwapi_bridge2_4.dll+0x2c0bf]
#
# Failed to write core dump. Minidumps are not enabled by default on client versions of Windows
#
# If you would like to submit a bug report, please visit:
#   http://bugreport.sun.com/bugreport/crash.jsp
# The crash happened outside the Java Virtual Machine in native code.
# See problematic frame for where to report the bug.
#

---------------  T H R E A D  ---------------

Current thread (0x0254c000):  JavaThread "main" [_thread_in_native, id=6652, stack(0x00220000,0x00270000)]

siginfo: ExceptionCode=0xc0000005, writing address 0x069ad000

Registers:
EAX=0x00030124, EBX=0x00fc7ef8, ECX=0x00fc7ef8, EDX=0x04a30000
ESP=0x0026df18, EBP=0x0026df98, ESI=0x0026dff4, EDI=0x0254c130
EIP=0x5d8cc0bf, EFLAGS=0x00010202

Top of Stack: (sp=0x0026df18)
0x0026df18:   00000002 00000002 00000220 00000940
0x0026df28:   00000240 00000960 00000000 00000000
0x0026df38:   000000a5 0254c100 5d8bfad2 00000002
0x0026df48:   00000220 00000940 00000240 00000960
0x0026df58:   000000a5 00000000 5d8e593a 00000220
0x0026df68:   00000940 00000240 00000960 000000a5
0x0026df78:   00000000 0254c000 00000960 0254c000
0x0026df88:   0026dfc4 0254c000 000000a5 f7fe3fe1 

Instructions: (pc=0x5d8cc0bf)
0x5d8cc09f:   24 18 00 00 00 00 8d 04 80 c7 44 24 1c 00 00 00
0x5d8cc0af:   00 f3 0f 7f 84 c2 c4 c6 df 01 f3 0f 6f 44 24 10
0x5d8cc0bf:   f3 0f 7f 84 c2 d4 c6 df 01 f3 0f 7e 44 24 20 66
0x5d8cc0cf:   0f d6 84 c2 e4 c6 df 01 8b 41 14 ff 80 c0 c6 df 


Register to memory mapping:

EAX=0x00030124 is an unknown value
EBX=0x00fc7ef8 is an unknown value
ECX=0x00fc7ef8 is an unknown value
EDX=0x04a30000 is an unknown value
ESP=0x0026df18 is pointing into the stack for thread: 0x0254c000
EBP=0x0026df98 is pointing into the stack for thread: 0x0254c000
ESI=0x0026dff4 is pointing into the stack for thread: 0x0254c000
EDI=0x0254c130 is an unknown value


Stack: [0x00220000,0x00270000],  sp=0x0026df18,  free space=311k
Native frames: (J=compiled Java code, j=interpreted, Vv=VM code, C=native code)
C  [bwapi_bridge2_4.dll+0x2c0bf]
J  bwapi.Game.drawBoxMap_native(JIIIILbwapi/Color;Z)V
J  TestBot1.onFrame()V
v  ~StubRoutines::call_stub
V  [jvm.dll+0x13f25a]
V  [jvm.dll+0x202c1e]
V  [jvm.dll+0x13f2dd]
V  [jvm.dll+0xc9b22]
V  [jvm.dll+0xcd773]
C  [bwapi_bridge2_4.dll+0x40e6d]
C  [bwapi_bridge2_4.dll+0x699d0]
j  bwapi.Mirror.startGame()V+0
j  TestBot1.run()V+15
j  TestBot1.main([Ljava/lang/String;)V+7
v  ~StubRoutines::call_stub
V  [jvm.dll+0x13f25a]
V  [jvm.dll+0x202c1e]
V  [jvm.dll+0x13f2dd]
V  [jvm.dll+0xc98a5]
V  [jvm.dll+0xd4567]
C  [javaw.exe+0x2070]
C  [javaw.exe+0xa5b1]
C  [javaw.exe+0xa63b]
C  [KERNEL32.DLL+0x138f4]
C  [ntdll.dll+0x65e13]
C  [ntdll.dll+0x65dde]

Java frames: (J=compiled Java code, j=interpreted, Vv=VM code)
J  bwapi.Game.drawBoxMap_native(JIIIILbwapi/Color;Z)V
J  TestBot1.onFrame()V
j  bwapi.AIModule.onFrame()V+11
v  ~StubRoutines::call_stub
j  bwapi.Mirror.startGame()V+0
j  TestBot1.run()V+15
j  TestBot1.main([Ljava/lang/String;)V+7
v  ~StubRoutines::call_stub

---------------  P R O C E S S  ---------------

Java Threads: ( => current thread )
  0x025e7000 JavaThread "Service Thread" daemon [_thread_blocked, id=5476, stack(0x00d30000,0x00d80000)]
  0x025e3400 JavaThread "C1 CompilerThread0" daemon [_thread_blocked, id=5140, stack(0x00ca0000,0x00cf0000)]
  0x025e2000 JavaThread "Attach Listener" daemon [_thread_blocked, id=10504, stack(0x00c10000,0x00c60000)]
  0x025df000 JavaThread "Signal Dispatcher" daemon [_thread_blocked, id=928, stack(0x00b80000,0x00bd0000)]
  0x02570800 JavaThread "Finalizer" daemon [_thread_blocked, id=3584, stack(0x00af0000,0x00b40000)]
  0x0256f000 JavaThread "Reference Handler" daemon [_thread_blocked, id=9672, stack(0x00a60000,0x00ab0000)]
=>0x0254c000 JavaThread "main" [_thread_in_native, id=6652, stack(0x00220000,0x00270000)]

Other Threads:
  0x0256dc00 VMThread [stack: 0x00320000,0x00370000] [id=5148]
  0x02609800 WatcherThread [stack: 0x00dc0000,0x00e10000] [id=7104]

VM state:not at safepoint (normal execution)

VM Mutex/Monitor currently owned by a thread: None

Heap
 def new generation   total 4928K, used 1374K [0x247b0000, 0x24d00000, 0x29d00000)
  eden space 4416K,  31% used [0x247b0000, 0x24907980, 0x24c00000)
  from space 512K,   0% used [0x24c00000, 0x24c00000, 0x24c80000)
  to   space 512K,   0% used [0x24c80000, 0x24c80000, 0x24d00000)
 tenured generation   total 10944K, used 0K [0x29d00000, 0x2a7b0000, 0x347b0000)
   the space 10944K,   0% used [0x29d00000, 0x29d00000, 0x29d00200, 0x2a7b0000)
 compacting perm gen  total 12288K, used 538K [0x347b0000, 0x353b0000, 0x387b0000)
   the space 12288K,   4% used [0x347b0000, 0x34836880, 0x34836a00, 0x353b0000)
    ro space 10240K,  44% used [0x387b0000, 0x38c28300, 0x38c28400, 0x391b0000)
    rw space 12288K,  52% used [0x391b0000, 0x397ff100, 0x397ff200, 0x39db0000)

Card table byte_map: [0x046d0000,0x04780000] byte_map_base: 0x045ac280

Polling page: 0x010d0000

Code Cache  [0x02650000, 0x026f0000, 0x04650000)
 total_blobs=180 nmethods=43 adapters=74 free_code_cache=32132Kb largest_free_block=32903744

Compilation events (10 events):
Event: 6.247 Thread 0x025e3400   38             java.nio.Buffer::position (43 bytes)
Event: 6.247 Thread 0x025e3400 nmethod 38 0x026ecdc8 code [0x026eced0, 0x026ecfdc]
Event: 6.248 Thread 0x025e3400   39             java.nio.ByteBuffer::arrayOffset (35 bytes)
Event: 6.248 Thread 0x025e3400 nmethod 39 0x026ed048 code [0x026ed160, 0x026ed2e8]
Event: 6.248 Thread 0x025e3400   40             java.nio.Buffer::position (5 bytes)
Event: 6.248 Thread 0x025e3400 nmethod 40 0x026ed3c8 code [0x026ed4c0, 0x026ed540]
Event: 6.412 Thread 0x025e3400   41             bwapi.Game::drawBoxMap (18 bytes)
Event: 6.412 Thread 0x025e3400 nmethod 41 0x026ed848 code [0x026ed940, 0x026eda0c]
Event: 6.424 Thread 0x025e3400   43 %           TestBot1::onFrame @ 97 (212 bytes)
Event: 6.425 Thread 0x025e3400 nmethod 43% 0x026eda88 code [0x026edcc0, 0x026ee448]

GC Heap History (0 events):
No events

Deoptimization events (0 events):
No events

Internal exceptions (10 events):
Event: 5.769 Thread 0x0254c000 Threw 0x248a27f0 at C:\re\jdk7u55\869\hotspot\src\share\vm\prims\jvm.cpp:1244
Event: 5.770 Thread 0x0254c000 Threw 0x248a40d8 at C:\re\jdk7u55\869\hotspot\src\share\vm\prims\jvm.cpp:1244
Event: 5.770 Thread 0x0254c000 Threw 0x248a53a0 at C:\re\jdk7u55\869\hotspot\src\share\vm\prims\jvm.cpp:1244
Event: 5.771 Thread 0x0254c000 Threw 0x248a7398 at C:\re\jdk7u55\869\hotspot\src\share\vm\prims\jvm.cpp:1244
Event: 6.237 Thread 0x0254c000 Threw 0x248aa7f0 at C:\re\jdk7u55\869\hotspot\src\share\vm\prims\jvm.cpp:1244
Event: 6.238 Thread 0x0254c000 Threw 0x248ae680 at C:\re\jdk7u55\869\hotspot\src\share\vm\prims\jvm.cpp:1244
Event: 6.238 Thread 0x0254c000 Threw 0x248b1598 at C:\re\jdk7u55\869\hotspot\src\share\vm\prims\jvm.cpp:1244
Event: 6.239 Thread 0x0254c000 Threw 0x248b3748 at C:\re\jdk7u55\869\hotspot\src\share\vm\prims\jvm.cpp:1244
Event: 6.249 Thread 0x0254c000 Threw 0x248fee98 at C:\re\jdk7u55\869\hotspot\src\share\vm\prims\jvm.cpp:1244
Event: 6.249 Thread 0x0254c000 Threw 0x24900600 at C:\re\jdk7u55\869\hotspot\src\share\vm\prims\jvm.cpp:1244

Events (10 events):
Event: 6.238 loading class 0x025d4670
Event: 6.238 loading class 0x025d4670 done
Event: 6.238 loading class 0x04836430
Event: 6.238 loading class 0x04836430 done
Event: 6.239 loading class 0x025d47b0
Event: 6.239 loading class 0x025d47b0 done
Event: 6.249 loading class 0x02600530
Event: 6.249 loading class 0x02600530 done
Event: 6.249 loading class 0x0261cb38
Event: 6.249 loading class 0x0261cb38 done


Dynamic libraries:
0x002b0000 - 0x002df000 	C:\Program Files (x86)\Java\jdk1.7.0_55\bin\javaw.exe
0x77280000 - 0x773fb000 	C:\WINDOWS\SYSTEM32\ntdll.dll
0x75640000 - 0x75720000 	C:\WINDOWS\SYSTEM32\KERNEL32.DLL
0x75a60000 - 0x75bde000 	C:\WINDOWS\SYSTEM32\KERNELBASE.dll
0x73fd0000 - 0x7404b000 	C:\WINDOWS\SYSTEM32\ADVAPI32.dll
0x75160000 - 0x7521e000 	C:\WINDOWS\SYSTEM32\msvcrt.dll
0x757d0000 - 0x75814000 	C:\WINDOWS\SYSTEM32\sechost.dll
0x75720000 - 0x757cd000 	C:\WINDOWS\SYSTEM32\RPCRT4.dll
0x73fb0000 - 0x73fce000 	C:\WINDOWS\SYSTEM32\SspiCli.dll
0x73fa0000 - 0x73faa000 	C:\WINDOWS\SYSTEM32\CRYPTBASE.dll
0x75220000 - 0x75278000 	C:\WINDOWS\SYSTEM32\bcryptPrimitives.dll
0x753a0000 - 0x754e7000 	C:\WINDOWS\SYSTEM32\USER32.dll
0x754f0000 - 0x7563f000 	C:\WINDOWS\SYSTEM32\GDI32.dll
0x6fea0000 - 0x700af000 	C:\WINDOWS\WinSxS\x86_microsoft.windows.common-controls_6595b64144ccf1df_6.0.10586.0_none_d3c2e4e965da4528\COMCTL32.dll
0x770c0000 - 0x7727d000 	C:\WINDOWS\SYSTEM32\combase.dll
0x75820000 - 0x7584b000 	C:\WINDOWS\SYSTEM32\IMM32.DLL
0x6e430000 - 0x6e45c000 	C:\Program Files (x86)\AVG\Av\avghookx.dll
0x6b590000 - 0x6b64f000 	C:\Program Files (x86)\Java\jdk1.7.0_55\jre\bin\msvcr100.dll
0x5be50000 - 0x5c1d0000 	C:\Program Files (x86)\Java\jdk1.7.0_55\jre\bin\client\jvm.dll
0x74230000 - 0x74236000 	C:\WINDOWS\SYSTEM32\PSAPI.DLL
0x6e140000 - 0x6e148000 	C:\WINDOWS\SYSTEM32\WSOCK32.dll
0x74bf0000 - 0x74c4f000 	C:\WINDOWS\SYSTEM32\WS2_32.dll
0x72870000 - 0x72894000 	C:\WINDOWS\SYSTEM32\WINMM.dll
0x724a0000 - 0x724c3000 	C:\WINDOWS\SYSTEM32\WINMMBASE.dll
0x74bb0000 - 0x74be7000 	C:\WINDOWS\SYSTEM32\cfgmgr32.dll
0x6e5e0000 - 0x6e5ec000 	C:\Program Files (x86)\Java\jdk1.7.0_55\jre\bin\verify.dll
0x6e480000 - 0x6e4a0000 	C:\Program Files (x86)\Java\jdk1.7.0_55\jre\bin\java.dll
0x6b570000 - 0x6b583000 	C:\Program Files (x86)\Java\jdk1.7.0_55\jre\bin\zip.dll
0x5d8a0000 - 0x5db09000 	D:\BWApi\ExampleBot2\ExampleBot\bwapi_bridge2_4.dll
0x5b8e0000 - 0x5b951000 	C:\WINDOWS\SYSTEM32\MSVCP120.dll
0x5b960000 - 0x5ba4e000 	C:\WINDOWS\SYSTEM32\MSVCR120.dll
0x6acc0000 - 0x6ad27000 	D:\BWApi\ExampleBot2\ExampleBot\libgmp-10.dll
0x6f540000 - 0x6f59e000 	D:\BWApi\ExampleBot2\ExampleBot\libmpfr-4.dll
0x72730000 - 0x7286f000 	C:\WINDOWS\SYSTEM32\dbghelp.dll

VM Arguments:
jvm_args: -Dfile.encoding=Cp1252 
java_command: TestBot1
Launcher Type: SUN_STANDARD

Environment Variables:
PATH=C:/Program Files/Java/jre1.8.0_65/bin/server;C:/Program Files/Java/jre1.8.0_65/bin;C:/Program Files/Java/jre1.8.0_65/lib/amd64;C:\Program Files (x86)\Java\jdk1.7.0_55\bin;C:\ProgramData\Oracle\Java\javapath;C:\Program Files (x86)\Microsoft DirectX SDK (August 2006)\Utilities\Bin\x86;C:\WINDOWS\system32;C:\WINDOWS;C:\WINDOWS\System32\Wbem;C:\WINDOWS\System32\WindowsPowerShell\v1.0\;C:\Program Files\nodejs\;C:\python27;C:\WINDOWS\system32\config\systemprofile\.dnx\bin;C:\Program Files\Microsoft DNX\Dnvm\;C:\Program Files\Microsoft SQL Server\120\Tools\Binn\;C:\Program Files (x86)\Windows Kits\10\Windows Performance Toolkit\;C:\Program Files (x86)\Microsoft Emulator Manager\1.0\;C:\Program Files (x86)\Git\bin;C:\Program Files (x86)\Git\cmd;C:\Program Files (x86)\Skype\Phone\;C:\Program Files (x86)\GtkSharp\2.12\bin;C:\WINDOWS\system32;C:\WINDOWS;C:\WINDOWS\System32\Wbem;C:\WINDOWS\System32\WindowsPowerShell\v1.0\;C:\Program Files (x86)\Skype\Phone\;C:\Program Files\nodejs\;C:\python27;C:\Users\Alex\.dnx\bin;C:\Program Files\Microsoft DNX\Dnvm\;C:\Program Files\Microsoft SQL Server\120\Tools\Binn\;C:\Program Files (x86)\Windows Kits\10\Windows Performance Toolkit\;C:\Program Files (x86)\Microsoft Emulator Manager\1.0\;C:\Program Files (x86)\Git\bin;C:\Program Files (x86)\Git\cmd;C:\Users\Alex\AppData\Roaming\npm;C:\Python27\Scripts;C:\Users\Alex\Desktop;
USERNAME=Alex
OS=Windows_NT
PROCESSOR_IDENTIFIER=Intel64 Family 6 Model 58 Stepping 9, GenuineIntel



---------------  S Y S T E M  ---------------

OS: Windows 8.1 , 64 bit Build 9600 

CPU:total 8 (4 cores per cpu, 2 threads per core) family 6 model 58 stepping 9, cmov, cx8, fxsr, mmx, sse, sse2, sse3, ssse3, sse4.1, sse4.2, popcnt, avx, aes, erms, ht, tsc, tscinvbit, tscinv

Memory: 4k page, physical 16729436k(12415940k free), swap 19219804k(13861560k free)

vm_info: Java HotSpot(TM) Client VM (24.55-b03) for windows-x86 JRE (1.7.0_55-b13), built on Mar 17 2014 20:01:11 by "java_re" with unknown MS VC++:1600

time: Sun Feb 28 20:57:44 2016
elapsed time: 6 seconds

